2025-01-28 07:40:54,839 - root - INFO - Starting multi-matrix executions with hyperparameters:
2025-01-28 07:40:54,840 - root - INFO - {
  "VNS": {
    "MIN_IMPROVEMENT": 0.0001,
    "MAX_ITER": 10,
    "MAX_NO_IMPROVE": 5,
    "PERTURBATION_SIZE": 5,
    "NEIGHBORHOOD_THRESHOLDS": {
      "HIGH": [
        30.0,
        25.0
      ],
      "MEDIUM": [
        22.0,
        20.0
      ],
      "LOW": [
        15.0,
        10.0
      ]
    },
    "MAX_ADJUSTMENTS": {
      "HIGH": [
        2,
        3
      ],
      "MEDIUM": [
        3,
        4
      ],
      "LOW": [
        4,
        5
      ]
    }
  },
  "MEMETIC": {
    "MAX_GENERATIONS": 50,
    "LOCAL_SEARCH_FREQ": 10,
    "MUTATION_RATE": 0.15,
    "POPULATION_SIZE": 13,
    "HIERARCHY_LEVELS": 3
  },
  "MATRIX": {
    "HIGH": {
      "SCORE_DIAGONAL": {
        "min": -2,
        "max": 17
      },
      "SCORE_SIMILAR": {
        "min": -4,
        "max": 8
      },
      "SCORE_DIFFERENT": {
        "min": -8,
        "max": 4
      },
      "MAX_ADJUSTMENT": 2
    },
    "MEDIUM": {
      "SCORE_DIAGONAL": {
        "min": -2,
        "max": 15
      },
      "SCORE_SIMILAR": {
        "min": -3,
        "max": 7
      },
      "SCORE_DIFFERENT": {
        "min": -6,
        "max": 3
      },
      "MAX_ADJUSTMENT": 3
    },
    "LOW": {
      "SCORE_DIAGONAL": {
        "min": -2,
        "max": 13
      },
      "SCORE_SIMILAR": {
        "min": -2,
        "max": 6
      },
      "SCORE_DIFFERENT": {
        "min": -4,
        "max": 3
      },
      "MAX_ADJUSTMENT": 4
    }
  },
  "EXECUTION": {
    "MATRICES_PER_INSTANCE": 1,
    "EVAL_SAMPLES": 1,
    "MAX_TIME": 300,
    "SEED": null
  }
}
2025-01-28 07:40:54,840 - root - INFO - 
Processing instance BBA0005
2025-01-28 07:40:54,845 - root - INFO - Starting execution 1/1 for BBA0005
2025-01-28 07:40:54,845 - root - ERROR - Error processing BBA0005 execution 1: name 'ET' is not defined
Traceback (most recent call last):
  File "/home/augusto/projects/multiOne/multi_memetic/main.py", line 210, in process_instance
    memetic = MemeticAlgorithmMulti(
              ^^^^^^^^^^^^^^^^^^^^^^
  File "/home/augusto/projects/multiOne/multi_memetic/evolvers/memetic_multi.py", line 33, in __init__
    tree = ET.parse(xml_path)
           ^^
NameError: name 'ET' is not defined
2025-01-28 07:40:54,847 - root - INFO - 
Processing instance BBA0014
2025-01-28 07:40:54,850 - root - INFO - Starting execution 1/1 for BBA0014
2025-01-28 07:40:54,850 - root - ERROR - Error processing BBA0014 execution 1: name 'ET' is not defined
Traceback (most recent call last):
  File "/home/augusto/projects/multiOne/multi_memetic/main.py", line 210, in process_instance
    memetic = MemeticAlgorithmMulti(
              ^^^^^^^^^^^^^^^^^^^^^^
  File "/home/augusto/projects/multiOne/multi_memetic/evolvers/memetic_multi.py", line 33, in __init__
    tree = ET.parse(xml_path)
           ^^
NameError: name 'ET' is not defined
2025-01-28 07:40:54,851 - root - INFO - 
Processing instance BBA0019
2025-01-28 07:40:54,855 - root - INFO - Starting execution 1/1 for BBA0019
2025-01-28 07:40:54,855 - root - ERROR - Error processing BBA0019 execution 1: name 'ET' is not defined
Traceback (most recent call last):
  File "/home/augusto/projects/multiOne/multi_memetic/main.py", line 210, in process_instance
    memetic = MemeticAlgorithmMulti(
              ^^^^^^^^^^^^^^^^^^^^^^
  File "/home/augusto/projects/multiOne/multi_memetic/evolvers/memetic_multi.py", line 33, in __init__
    tree = ET.parse(xml_path)
           ^^
NameError: name 'ET' is not defined
2025-01-28 07:40:54,856 - root - INFO - 
Processing instance BBA0022
2025-01-28 07:40:54,858 - root - INFO - Starting execution 1/1 for BBA0022
2025-01-28 07:40:54,858 - root - ERROR - Error processing BBA0022 execution 1: name 'ET' is not defined
Traceback (most recent call last):
  File "/home/augusto/projects/multiOne/multi_memetic/main.py", line 210, in process_instance
    memetic = MemeticAlgorithmMulti(
              ^^^^^^^^^^^^^^^^^^^^^^
  File "/home/augusto/projects/multiOne/multi_memetic/evolvers/memetic_multi.py", line 33, in __init__
    tree = ET.parse(xml_path)
           ^^
NameError: name 'ET' is not defined
2025-01-28 07:40:54,859 - root - INFO - 
Processing instance BBA0080
2025-01-28 07:40:54,860 - root - INFO - Starting execution 1/1 for BBA0080
2025-01-28 07:40:54,860 - root - ERROR - Error processing BBA0080 execution 1: name 'ET' is not defined
Traceback (most recent call last):
  File "/home/augusto/projects/multiOne/multi_memetic/main.py", line 210, in process_instance
    memetic = MemeticAlgorithmMulti(
              ^^^^^^^^^^^^^^^^^^^^^^
  File "/home/augusto/projects/multiOne/multi_memetic/evolvers/memetic_multi.py", line 33, in __init__
    tree = ET.parse(xml_path)
           ^^
NameError: name 'ET' is not defined
2025-01-28 07:40:54,861 - root - INFO - 
Processing instance BBA0126
2025-01-28 07:40:54,868 - root - INFO - Starting execution 1/1 for BBA0126
2025-01-28 07:40:54,868 - root - ERROR - Error processing BBA0126 execution 1: name 'ET' is not defined
Traceback (most recent call last):
  File "/home/augusto/projects/multiOne/multi_memetic/main.py", line 210, in process_instance
    memetic = MemeticAlgorithmMulti(
              ^^^^^^^^^^^^^^^^^^^^^^
  File "/home/augusto/projects/multiOne/multi_memetic/evolvers/memetic_multi.py", line 33, in __init__
    tree = ET.parse(xml_path)
           ^^
NameError: name 'ET' is not defined
2025-01-28 07:40:54,869 - root - INFO - 
Processing instance BBA0142
2025-01-28 07:40:54,870 - root - INFO - Starting execution 1/1 for BBA0142
2025-01-28 07:40:54,870 - root - ERROR - Error processing BBA0142 execution 1: name 'ET' is not defined
Traceback (most recent call last):
  File "/home/augusto/projects/multiOne/multi_memetic/main.py", line 210, in process_instance
    memetic = MemeticAlgorithmMulti(
              ^^^^^^^^^^^^^^^^^^^^^^
  File "/home/augusto/projects/multiOne/multi_memetic/evolvers/memetic_multi.py", line 33, in __init__
    tree = ET.parse(xml_path)
           ^^
NameError: name 'ET' is not defined
2025-01-28 07:40:54,871 - root - INFO - 
Processing instance BBA0155
2025-01-28 07:40:54,876 - root - INFO - Starting execution 1/1 for BBA0155
2025-01-28 07:40:54,876 - root - ERROR - Error processing BBA0155 execution 1: name 'ET' is not defined
Traceback (most recent call last):
  File "/home/augusto/projects/multiOne/multi_memetic/main.py", line 210, in process_instance
    memetic = MemeticAlgorithmMulti(
              ^^^^^^^^^^^^^^^^^^^^^^
  File "/home/augusto/projects/multiOne/multi_memetic/evolvers/memetic_multi.py", line 33, in __init__
    tree = ET.parse(xml_path)
           ^^
NameError: name 'ET' is not defined
2025-01-28 07:40:54,877 - root - INFO - 
Processing instance BBA0183
2025-01-28 07:40:54,882 - root - INFO - Starting execution 1/1 for BBA0183
2025-01-28 07:40:54,882 - root - ERROR - Error processing BBA0183 execution 1: name 'ET' is not defined
Traceback (most recent call last):
  File "/home/augusto/projects/multiOne/multi_memetic/main.py", line 210, in process_instance
    memetic = MemeticAlgorithmMulti(
              ^^^^^^^^^^^^^^^^^^^^^^
  File "/home/augusto/projects/multiOne/multi_memetic/evolvers/memetic_multi.py", line 33, in __init__
    tree = ET.parse(xml_path)
           ^^
NameError: name 'ET' is not defined
2025-01-28 07:40:54,882 - root - INFO - 
Processing instance BBA0185
2025-01-28 07:40:54,886 - root - INFO - Starting execution 1/1 for BBA0185
2025-01-28 07:40:54,886 - root - ERROR - Error processing BBA0185 execution 1: name 'ET' is not defined
Traceback (most recent call last):
  File "/home/augusto/projects/multiOne/multi_memetic/main.py", line 210, in process_instance
    memetic = MemeticAlgorithmMulti(
              ^^^^^^^^^^^^^^^^^^^^^^
  File "/home/augusto/projects/multiOne/multi_memetic/evolvers/memetic_multi.py", line 33, in __init__
    tree = ET.parse(xml_path)
           ^^
NameError: name 'ET' is not defined
2025-01-28 07:40:54,886 - root - INFO - 
Processing instance BBA0192
2025-01-28 07:40:54,889 - root - INFO - Starting execution 1/1 for BBA0192
2025-01-28 07:40:54,889 - root - ERROR - Error processing BBA0192 execution 1: name 'ET' is not defined
Traceback (most recent call last):
  File "/home/augusto/projects/multiOne/multi_memetic/main.py", line 210, in process_instance
    memetic = MemeticAlgorithmMulti(
              ^^^^^^^^^^^^^^^^^^^^^^
  File "/home/augusto/projects/multiOne/multi_memetic/evolvers/memetic_multi.py", line 33, in __init__
    tree = ET.parse(xml_path)
           ^^
NameError: name 'ET' is not defined
2025-01-28 07:40:54,890 - root - INFO - 
Processing instance BBA0201
2025-01-28 07:40:54,894 - root - INFO - Starting execution 1/1 for BBA0201
2025-01-28 07:40:54,894 - root - ERROR - Error processing BBA0201 execution 1: name 'ET' is not defined
Traceback (most recent call last):
  File "/home/augusto/projects/multiOne/multi_memetic/main.py", line 210, in process_instance
    memetic = MemeticAlgorithmMulti(
              ^^^^^^^^^^^^^^^^^^^^^^
  File "/home/augusto/projects/multiOne/multi_memetic/evolvers/memetic_multi.py", line 33, in __init__
    tree = ET.parse(xml_path)
           ^^
NameError: name 'ET' is not defined
2025-01-28 07:40:54,895 - root - INFO - All instances processed successfully
