2025-01-28 16:22:24,345 - root - INFO - Starting Reference Set analysis...
2025-01-28 16:22:24,377 - root - INFO - Reference Set analysis complete:
2025-01-28 16:22:24,377 - root - INFO - {
  "conservation_levels": {
    "HIGH": {
      "count": 671,
      "avg_score": 30.425573770491805,
      "avg_length": 17.14903129657228,
      "instances": 11
    },
    "MEDIUM": {
      "count": 668,
      "avg_score": 23.268697604790418,
      "avg_length": 17.941616766467067,
      "instances": 11
    },
    "LOW": {
      "count": 1985,
      "avg_score": 11.201607052896726,
      "avg_length": 14.590428211586902,
      "instances": 12
    }
  },
  "sequence_groups": {
    "BBA0005": 4,
    "BBA0014": 2,
    "BBA0019": 3,
    "BBA0022": 5,
    "BBA0080": 2,
    "BBA0126": 7,
    "BBA0142": 2,
    "BBA0155": 4,
    "BBA0183": 8,
    "BBA0185": 3,
    "BBA0192": 3,
    "BBA0201": 2
  },
  "recommendations": {
    "HIGH": {
      "target_score_range": [
        25.84,
        31.73
      ],
      "typical_block_length": 12.0,
      "score_weight": 0.0228581161641969
    },
    "MEDIUM": {
      "target_score_range": [
        21.96,
        24.26
      ],
      "typical_block_length": 14.0,
      "score_weight": 0.022755918923522397
    },
    "LOW": {
      "target_score_range": [
        0.0,
        16.69
      ],
      "typical_block_length": 11.0,
      "score_weight": 0.06762050757962869
    }
  }
}
2025-01-28 16:22:24,378 - MatrixEvaluator - INFO - Split instances - Training: 10, Validation: 2
2025-01-28 16:22:24,378 - root - INFO - Hyperparameters:
2025-01-28 16:22:24,378 - root - INFO - {
  "VNS": {
    "MIN_IMPROVEMENT": 0.0001,
    "MAX_ITER": 10,
    "MAX_NO_IMPROVE": 5,
    "PERTURBATION_SIZE": 5,
    "NEIGHBORHOOD_THRESHOLDS": {
      "HIGH": [
        30.0,
        25.0
      ],
      "MEDIUM": [
        22.0,
        20.0
      ],
      "LOW": [
        15.0,
        10.0
      ]
    }
  },
  "MEMETIC": {
    "MAX_GENERATIONS": 50,
    "LOCAL_SEARCH_FREQ": 10,
    "MUTATION_RATE": 0.15,
    "POPULATION_SIZE": 13,
    "HIERARCHY_LEVELS": 3
  },
  "MATRIX": {
    "HIGH": {
      "SCORE_DIAGONAL": {
        "min": -2,
        "max": 17
      },
      "SCORE_SIMILAR": {
        "min": -4,
        "max": 8
      },
      "SCORE_DIFFERENT": {
        "min": -8,
        "max": 4
      },
      "MAX_ADJUSTMENT": 2
    },
    "MEDIUM": {
      "SCORE_DIAGONAL": {
        "min": -2,
        "max": 15
      },
      "SCORE_SIMILAR": {
        "min": -3,
        "max": 7
      },
      "SCORE_DIFFERENT": {
        "min": -6,
        "max": 3
      },
      "MAX_ADJUSTMENT": 3
    },
    "LOW": {
      "SCORE_DIAGONAL": {
        "min": -2,
        "max": 13
      },
      "SCORE_SIMILAR": {
        "min": -2,
        "max": 6
      },
      "SCORE_DIFFERENT": {
        "min": -4,
        "max": 3
      },
      "MAX_ADJUSTMENT": 4
    }
  },
  "EXECUTION": {
    "BATCH_SIZE": 3,
    "EVAL_SAMPLES": 1,
    "MAX_TIME": 7200,
    "CHECKPOINT_FREQ": 10,
    "VALIDATION_SPLIT": 0.2
  }
}
2025-01-28 16:22:35,920 - root - INFO - Starting evolutionary process...
2025-01-28 16:22:35,921 - MemeticAlgorithmMulti - INFO - Processing generation 0...
2025-01-28 16:22:35,921 - MemeticAlgorithmMulti - INFO - Local search for individual 1/13
2025-01-28 16:22:35,922 - MemeticAlgorithmMulti - INFO - Optimizing HIGH conservation matrix...
2025-01-28 16:23:13,655 - MemeticAlgorithmMulti - INFO - Optimizing MEDIUM conservation matrix...
2025-01-28 16:23:50,491 - MemeticAlgorithmMulti - INFO - Optimizing LOW conservation matrix...
2025-01-28 16:25:17,507 - MemeticAlgorithmMulti - INFO - New best score: 0.7840
2025-01-28 16:25:17,507 - MemeticAlgorithmMulti - INFO - Local search for individual 2/13
2025-01-28 16:25:17,507 - MemeticAlgorithmMulti - INFO - Optimizing HIGH conservation matrix...
2025-01-28 16:26:12,411 - MemeticAlgorithmMulti - INFO - New best score: 0.8410
2025-01-28 16:26:12,411 - MemeticAlgorithmMulti - INFO - Optimizing MEDIUM conservation matrix...
2025-01-28 16:26:46,865 - MemeticAlgorithmMulti - INFO - New best score: 0.8903
2025-01-28 16:26:46,865 - MemeticAlgorithmMulti - INFO - Optimizing LOW conservation matrix...
2025-01-28 16:27:31,640 - MemeticAlgorithmMulti - INFO - Local search for individual 3/13
2025-01-28 16:27:31,640 - MemeticAlgorithmMulti - INFO - Optimizing HIGH conservation matrix...
2025-01-28 16:27:58,887 - MemeticAlgorithmMulti - INFO - Optimizing MEDIUM conservation matrix...
2025-01-28 16:28:23,577 - MemeticAlgorithmMulti - INFO - Optimizing LOW conservation matrix...
2025-01-28 16:29:02,212 - MemeticAlgorithmMulti - INFO - Local search for individual 4/13
2025-01-28 16:29:02,212 - MemeticAlgorithmMulti - INFO - Optimizing HIGH conservation matrix...
2025-01-28 16:30:12,631 - MemeticAlgorithmMulti - INFO - Optimizing MEDIUM conservation matrix...
2025-01-28 16:30:57,741 - MemeticAlgorithmMulti - INFO - Optimizing LOW conservation matrix...
2025-01-28 16:31:29,813 - MemeticAlgorithmMulti - INFO - Local search for individual 5/13
2025-01-28 16:31:29,813 - MemeticAlgorithmMulti - INFO - Optimizing HIGH conservation matrix...
2025-01-28 16:32:21,058 - MemeticAlgorithmMulti - INFO - Optimizing MEDIUM conservation matrix...
2025-01-28 16:34:56,557 - MemeticAlgorithmMulti - INFO - Optimizing LOW conservation matrix...
2025-01-28 16:35:24,325 - MemeticAlgorithmMulti - INFO - Local search for individual 6/13
2025-01-28 16:35:24,325 - MemeticAlgorithmMulti - INFO - Optimizing HIGH conservation matrix...
2025-01-28 16:36:28,146 - MemeticAlgorithmMulti - INFO - Optimizing MEDIUM conservation matrix...
2025-01-28 16:37:20,009 - MemeticAlgorithmMulti - INFO - Optimizing LOW conservation matrix...
2025-01-28 16:37:51,414 - MemeticAlgorithmMulti - INFO - Local search for individual 7/13
2025-01-28 16:37:51,415 - MemeticAlgorithmMulti - INFO - Optimizing HIGH conservation matrix...
2025-01-28 16:38:40,717 - MemeticAlgorithmMulti - INFO - Optimizing MEDIUM conservation matrix...
2025-01-28 16:39:19,396 - MemeticAlgorithmMulti - INFO - Optimizing LOW conservation matrix...
2025-01-28 16:39:45,873 - MemeticAlgorithmMulti - INFO - New best score: 0.8933
2025-01-28 16:39:45,873 - MemeticAlgorithmMulti - INFO - Local search for individual 8/13
2025-01-28 16:39:45,873 - MemeticAlgorithmMulti - INFO - Optimizing HIGH conservation matrix...
2025-01-28 16:40:30,514 - MemeticAlgorithmMulti - INFO - Optimizing MEDIUM conservation matrix...
2025-01-28 16:41:21,810 - MemeticAlgorithmMulti - INFO - Optimizing LOW conservation matrix...
2025-01-28 16:41:51,356 - MemeticAlgorithmMulti - INFO - Local search for individual 9/13
2025-01-28 16:41:51,356 - MemeticAlgorithmMulti - INFO - Optimizing HIGH conservation matrix...
2025-01-28 16:42:36,023 - MemeticAlgorithmMulti - INFO - Optimizing MEDIUM conservation matrix...
2025-01-28 16:43:32,662 - MemeticAlgorithmMulti - INFO - Optimizing LOW conservation matrix...
2025-01-28 16:43:55,632 - MemeticAlgorithmMulti - INFO - Local search for individual 10/13
2025-01-28 16:43:55,632 - MemeticAlgorithmMulti - INFO - Optimizing HIGH conservation matrix...
2025-01-28 16:44:34,985 - MemeticAlgorithmMulti - INFO - Optimizing MEDIUM conservation matrix...
2025-01-28 16:45:16,091 - MemeticAlgorithmMulti - INFO - Optimizing LOW conservation matrix...
2025-01-28 16:45:45,047 - MemeticAlgorithmMulti - INFO - Local search for individual 11/13
2025-01-28 16:45:45,047 - MemeticAlgorithmMulti - INFO - Optimizing HIGH conservation matrix...
2025-01-28 16:47:29,269 - MemeticAlgorithmMulti - INFO - Optimizing MEDIUM conservation matrix...
2025-01-28 16:48:01,152 - MemeticAlgorithmMulti - INFO - Optimizing LOW conservation matrix...
2025-01-28 16:48:53,161 - MemeticAlgorithmMulti - INFO - Local search for individual 12/13
2025-01-28 16:48:53,161 - MemeticAlgorithmMulti - INFO - Optimizing HIGH conservation matrix...
2025-01-28 16:50:07,385 - MemeticAlgorithmMulti - INFO - Optimizing MEDIUM conservation matrix...
2025-01-28 16:50:49,779 - MemeticAlgorithmMulti - INFO - Optimizing LOW conservation matrix...
2025-01-28 16:52:08,114 - MemeticAlgorithmMulti - INFO - Local search for individual 13/13
2025-01-28 16:52:08,114 - MemeticAlgorithmMulti - INFO - Optimizing HIGH conservation matrix...
2025-01-28 16:52:53,799 - MemeticAlgorithmMulti - INFO - Optimizing MEDIUM conservation matrix...
2025-01-28 16:53:44,698 - MemeticAlgorithmMulti - INFO - Optimizing LOW conservation matrix...
2025-01-28 16:54:19,182 - MemeticAlgorithmMulti - INFO - Performing hierarchical crossover...
2025-01-28 16:54:30,409 - MemeticAlgorithmMulti - INFO - Hierarchical crossover completed.
2025-01-28 16:54:30,409 - MemeticAlgorithmMulti - INFO - Generation 0: Best=0.8933, Time=1914.5s, Stagnation=1
2025-01-28 16:54:30,409 - MemeticAlgorithmMulti - INFO - Processing generation 1...
2025-01-28 16:54:30,409 - MemeticAlgorithmMulti - INFO - Performing hierarchical crossover...
2025-01-28 16:54:41,527 - MemeticAlgorithmMulti - INFO - Hierarchical crossover completed.
2025-01-28 16:54:41,527 - MemeticAlgorithmMulti - INFO - Processing generation 2...
2025-01-28 16:54:41,527 - MemeticAlgorithmMulti - INFO - Performing hierarchical crossover...
2025-01-28 16:54:49,965 - MemeticAlgorithmMulti - INFO - Hierarchical crossover completed.
2025-01-28 16:54:49,965 - MemeticAlgorithmMulti - INFO - Processing generation 3...
2025-01-28 16:54:49,965 - MemeticAlgorithmMulti - INFO - Performing hierarchical crossover...
2025-01-28 16:55:00,492 - MemeticAlgorithmMulti - INFO - Hierarchical crossover completed.
2025-01-28 16:55:00,492 - MemeticAlgorithmMulti - INFO - Processing generation 4...
2025-01-28 16:55:00,492 - MemeticAlgorithmMulti - INFO - Performing hierarchical crossover...
2025-01-28 16:55:12,445 - MemeticAlgorithmMulti - INFO - Hierarchical crossover completed.
2025-01-28 16:55:12,445 - MemeticAlgorithmMulti - INFO - Optimization completed in 1956.5s. Initial: 0.7827, Final: 0.8933
2025-01-28 16:55:12,556 - root - INFO - Validation score: 0.8130
2025-01-28 16:55:12,556 - root - INFO - Generation 10: Training=0.8933, Validation=0.8130
2025-01-28 16:55:12,559 - MemeticAlgorithmMulti - INFO - Processing generation 0...
2025-01-28 16:55:12,559 - MemeticAlgorithmMulti - INFO - Local search for individual 1/13
2025-01-28 16:55:12,559 - MemeticAlgorithmMulti - INFO - Optimizing HIGH conservation matrix...
2025-01-28 16:55:43,090 - MemeticAlgorithmMulti - INFO - Optimizing MEDIUM conservation matrix...
2025-01-28 16:56:13,397 - MemeticAlgorithmMulti - INFO - Optimizing LOW conservation matrix...
2025-01-28 16:57:00,087 - MemeticAlgorithmMulti - INFO - Local search for individual 2/13
2025-01-28 16:57:00,087 - MemeticAlgorithmMulti - INFO - Optimizing HIGH conservation matrix...
2025-01-28 16:57:36,007 - MemeticAlgorithmMulti - INFO - Optimizing MEDIUM conservation matrix...
2025-01-28 16:58:03,302 - MemeticAlgorithmMulti - INFO - Optimizing LOW conservation matrix...
2025-01-28 16:59:03,138 - MemeticAlgorithmMulti - INFO - Local search for individual 3/13
2025-01-28 16:59:03,138 - MemeticAlgorithmMulti - INFO - Optimizing HIGH conservation matrix...
2025-01-28 16:59:52,113 - MemeticAlgorithmMulti - INFO - Optimizing MEDIUM conservation matrix...
2025-01-28 17:00:19,624 - MemeticAlgorithmMulti - INFO - Optimizing LOW conservation matrix...
2025-01-28 17:01:15,785 - MemeticAlgorithmMulti - INFO - Local search for individual 4/13
2025-01-28 17:01:15,785 - MemeticAlgorithmMulti - INFO - Optimizing HIGH conservation matrix...
2025-01-28 17:02:33,985 - MemeticAlgorithmMulti - INFO - Optimizing MEDIUM conservation matrix...
2025-01-28 17:03:01,101 - MemeticAlgorithmMulti - INFO - Optimizing LOW conservation matrix...
2025-01-28 17:03:37,284 - MemeticAlgorithmMulti - INFO - Local search for individual 5/13
2025-01-28 17:03:37,284 - MemeticAlgorithmMulti - INFO - Optimizing HIGH conservation matrix...
2025-01-28 17:04:25,678 - MemeticAlgorithmMulti - INFO - Optimizing MEDIUM conservation matrix...
2025-01-28 17:05:09,996 - MemeticAlgorithmMulti - INFO - Optimizing LOW conservation matrix...
2025-01-28 17:06:31,719 - MemeticAlgorithmMulti - INFO - Local search for individual 6/13
2025-01-28 17:06:31,720 - MemeticAlgorithmMulti - INFO - Optimizing HIGH conservation matrix...
2025-01-28 17:07:01,165 - MemeticAlgorithmMulti - INFO - Optimizing MEDIUM conservation matrix...
2025-01-28 17:07:54,025 - MemeticAlgorithmMulti - INFO - Optimizing LOW conservation matrix...
2025-01-28 17:08:32,578 - MemeticAlgorithmMulti - INFO - Local search for individual 7/13
2025-01-28 17:08:32,578 - MemeticAlgorithmMulti - INFO - Optimizing HIGH conservation matrix...
2025-01-28 17:09:00,805 - MemeticAlgorithmMulti - INFO - Optimizing MEDIUM conservation matrix...
2025-01-28 17:09:29,848 - MemeticAlgorithmMulti - INFO - Optimizing LOW conservation matrix...
2025-01-28 17:10:12,099 - MemeticAlgorithmMulti - INFO - Local search for individual 8/13
2025-01-28 17:10:12,099 - MemeticAlgorithmMulti - INFO - Local search for individual 9/13
2025-01-28 17:10:12,099 - MemeticAlgorithmMulti - INFO - Optimizing HIGH conservation matrix...
2025-01-28 17:10:46,737 - MemeticAlgorithmMulti - INFO - Optimizing MEDIUM conservation matrix...
2025-01-28 17:11:22,836 - MemeticAlgorithmMulti - INFO - Optimizing LOW conservation matrix...
2025-01-28 17:11:46,957 - MemeticAlgorithmMulti - INFO - Local search for individual 10/13
2025-01-28 17:11:46,958 - MemeticAlgorithmMulti - INFO - Optimizing HIGH conservation matrix...
2025-01-28 17:12:22,325 - MemeticAlgorithmMulti - INFO - Optimizing MEDIUM conservation matrix...
2025-01-28 17:13:01,064 - MemeticAlgorithmMulti - INFO - Optimizing LOW conservation matrix...
2025-01-28 17:13:32,040 - MemeticAlgorithmMulti - INFO - Local search for individual 11/13
2025-01-28 17:13:32,041 - MemeticAlgorithmMulti - INFO - Optimizing HIGH conservation matrix...
2025-01-28 17:14:44,762 - MemeticAlgorithmMulti - INFO - Optimizing MEDIUM conservation matrix...
2025-01-28 17:16:04,365 - MemeticAlgorithmMulti - INFO - Optimizing LOW conservation matrix...
2025-01-28 17:16:34,763 - MemeticAlgorithmMulti - INFO - Local search for individual 12/13
2025-01-28 17:16:34,763 - MemeticAlgorithmMulti - INFO - Optimizing HIGH conservation matrix...
2025-01-28 17:17:12,760 - MemeticAlgorithmMulti - INFO - Optimizing MEDIUM conservation matrix...
2025-01-28 17:17:51,797 - MemeticAlgorithmMulti - INFO - Optimizing LOW conservation matrix...
2025-01-28 17:18:18,533 - MemeticAlgorithmMulti - INFO - Local search for individual 13/13
2025-01-28 17:18:18,533 - MemeticAlgorithmMulti - INFO - Optimizing HIGH conservation matrix...
2025-01-28 17:19:05,090 - MemeticAlgorithmMulti - INFO - Optimizing MEDIUM conservation matrix...
2025-01-28 17:20:32,526 - MemeticAlgorithmMulti - INFO - Optimizing LOW conservation matrix...
2025-01-28 17:21:39,418 - MemeticAlgorithmMulti - INFO - Performing hierarchical crossover...
2025-01-28 17:21:52,373 - MemeticAlgorithmMulti - INFO - Hierarchical crossover completed.
2025-01-28 17:21:52,373 - MemeticAlgorithmMulti - INFO - Generation 0: Best=0.8933, Time=3556.5s, Stagnation=1
2025-01-28 17:21:52,373 - MemeticAlgorithmMulti - INFO - Processing generation 1...
2025-01-28 17:21:52,373 - MemeticAlgorithmMulti - INFO - Performing hierarchical crossover...
2025-01-28 17:22:02,011 - MemeticAlgorithmMulti - INFO - Hierarchical crossover completed.
2025-01-28 17:22:02,011 - MemeticAlgorithmMulti - INFO - Processing generation 2...
2025-01-28 17:22:02,011 - MemeticAlgorithmMulti - INFO - Performing hierarchical crossover...
2025-01-28 17:22:12,499 - MemeticAlgorithmMulti - INFO - Hierarchical crossover completed.
2025-01-28 17:22:12,500 - MemeticAlgorithmMulti - INFO - Processing generation 3...
2025-01-28 17:22:12,500 - MemeticAlgorithmMulti - INFO - Performing hierarchical crossover...
2025-01-28 17:22:23,710 - MemeticAlgorithmMulti - INFO - Hierarchical crossover completed.
2025-01-28 17:22:23,710 - MemeticAlgorithmMulti - INFO - Processing generation 4...
2025-01-28 17:22:23,710 - MemeticAlgorithmMulti - INFO - Performing hierarchical crossover...
2025-01-28 17:22:32,083 - MemeticAlgorithmMulti - INFO - Hierarchical crossover completed.
2025-01-28 17:22:32,083 - MemeticAlgorithmMulti - INFO - Optimization completed in 3596.2s. Initial: 0.8933, Final: 0.8933
2025-01-28 17:22:32,188 - root - INFO - Validation score: 0.8130
2025-01-28 17:22:32,189 - root - INFO - Generation 20: Training=0.8933, Validation=0.8130
2025-01-28 17:22:32,190 - MemeticAlgorithmMulti - INFO - Processing generation 0...
2025-01-28 17:22:32,190 - MemeticAlgorithmMulti - INFO - Local search for individual 1/13
2025-01-28 17:22:32,190 - MemeticAlgorithmMulti - INFO - Optimizing HIGH conservation matrix...
2025-01-28 17:23:05,480 - MemeticAlgorithmMulti - INFO - Optimizing MEDIUM conservation matrix...
2025-01-28 17:23:57,488 - MemeticAlgorithmMulti - INFO - Optimizing LOW conservation matrix...
2025-01-28 17:24:49,879 - MemeticAlgorithmMulti - INFO - Local search for individual 2/13
2025-01-28 17:24:49,879 - MemeticAlgorithmMulti - INFO - Optimizing HIGH conservation matrix...
2025-01-28 17:25:23,140 - MemeticAlgorithmMulti - INFO - Optimizing MEDIUM conservation matrix...
2025-01-28 17:26:01,640 - MemeticAlgorithmMulti - INFO - Optimizing LOW conservation matrix...
2025-01-28 17:26:27,869 - MemeticAlgorithmMulti - INFO - Local search for individual 3/13
2025-01-28 17:26:27,869 - MemeticAlgorithmMulti - INFO - Optimizing HIGH conservation matrix...
2025-01-28 17:27:34,990 - MemeticAlgorithmMulti - INFO - Optimizing MEDIUM conservation matrix...
2025-01-28 17:28:19,508 - MemeticAlgorithmMulti - INFO - Optimizing LOW conservation matrix...
2025-01-28 17:28:49,152 - MemeticAlgorithmMulti - INFO - Local search for individual 4/13
2025-01-28 17:28:49,152 - MemeticAlgorithmMulti - INFO - Optimizing HIGH conservation matrix...
2025-01-28 17:30:17,734 - MemeticAlgorithmMulti - INFO - Optimizing MEDIUM conservation matrix...
2025-01-28 17:31:07,243 - MemeticAlgorithmMulti - INFO - Optimizing LOW conservation matrix...
2025-01-28 17:32:12,849 - MemeticAlgorithmMulti - INFO - Local search for individual 5/13
2025-01-28 17:32:12,849 - MemeticAlgorithmMulti - INFO - Optimizing HIGH conservation matrix...
2025-01-28 17:32:55,140 - MemeticAlgorithmMulti - INFO - Optimizing MEDIUM conservation matrix...
2025-01-28 17:35:22,461 - MemeticAlgorithmMulti - INFO - Optimizing LOW conservation matrix...
2025-01-28 17:35:45,505 - MemeticAlgorithmMulti - INFO - Local search for individual 6/13
2025-01-28 17:35:45,505 - MemeticAlgorithmMulti - INFO - Local search for individual 7/13
2025-01-28 17:35:45,505 - MemeticAlgorithmMulti - INFO - Optimizing HIGH conservation matrix...
2025-01-28 17:36:17,172 - MemeticAlgorithmMulti - INFO - Optimizing MEDIUM conservation matrix...
2025-01-28 17:37:04,435 - MemeticAlgorithmMulti - INFO - Optimizing LOW conservation matrix...
2025-01-28 17:37:28,150 - MemeticAlgorithmMulti - INFO - Local search for individual 8/13
2025-01-28 17:37:28,150 - MemeticAlgorithmMulti - INFO - Optimizing HIGH conservation matrix...
2025-01-28 17:38:21,251 - MemeticAlgorithmMulti - INFO - Optimizing MEDIUM conservation matrix...
2025-01-28 17:39:10,531 - MemeticAlgorithmMulti - INFO - Optimizing LOW conservation matrix...
2025-01-28 17:39:36,662 - MemeticAlgorithmMulti - INFO - Local search for individual 9/13
2025-01-28 17:39:36,662 - MemeticAlgorithmMulti - INFO - Optimizing HIGH conservation matrix...
2025-01-28 17:40:16,660 - MemeticAlgorithmMulti - INFO - Optimizing MEDIUM conservation matrix...
2025-01-28 17:41:05,641 - MemeticAlgorithmMulti - INFO - Optimizing LOW conservation matrix...
2025-01-28 17:41:31,229 - MemeticAlgorithmMulti - INFO - Local search for individual 10/13
2025-01-28 17:41:31,229 - MemeticAlgorithmMulti - INFO - Local search for individual 11/13
2025-01-28 17:41:31,229 - MemeticAlgorithmMulti - INFO - Optimizing HIGH conservation matrix...
2025-01-28 17:42:45,749 - MemeticAlgorithmMulti - INFO - Optimizing MEDIUM conservation matrix...
2025-01-28 17:43:22,849 - MemeticAlgorithmMulti - INFO - Optimizing LOW conservation matrix...
2025-01-28 17:43:55,911 - MemeticAlgorithmMulti - INFO - Local search for individual 12/13
2025-01-28 17:43:55,911 - MemeticAlgorithmMulti - INFO - Optimizing HIGH conservation matrix...
2025-01-28 17:44:26,046 - MemeticAlgorithmMulti - INFO - Optimizing MEDIUM conservation matrix...
2025-01-28 17:45:50,496 - MemeticAlgorithmMulti - INFO - Optimizing LOW conservation matrix...
2025-01-28 17:46:52,216 - MemeticAlgorithmMulti - INFO - Local search for individual 13/13
2025-01-28 17:46:52,216 - MemeticAlgorithmMulti - INFO - Optimizing HIGH conservation matrix...
2025-01-28 17:48:15,578 - MemeticAlgorithmMulti - INFO - Optimizing MEDIUM conservation matrix...
2025-01-28 17:49:06,052 - MemeticAlgorithmMulti - INFO - Optimizing LOW conservation matrix...
2025-01-28 17:50:09,940 - MemeticAlgorithmMulti - INFO - Performing hierarchical crossover...
2025-01-28 17:50:19,794 - MemeticAlgorithmMulti - INFO - Hierarchical crossover completed.
2025-01-28 17:50:19,794 - MemeticAlgorithmMulti - INFO - Generation 0: Best=0.8933, Time=5263.9s, Stagnation=1
2025-01-28 17:50:19,794 - MemeticAlgorithmMulti - INFO - Processing generation 1...
2025-01-28 17:50:19,794 - MemeticAlgorithmMulti - INFO - Performing hierarchical crossover...
2025-01-28 17:50:27,644 - MemeticAlgorithmMulti - INFO - Hierarchical crossover completed.
2025-01-28 17:50:27,644 - MemeticAlgorithmMulti - INFO - Processing generation 2...
2025-01-28 17:50:27,644 - MemeticAlgorithmMulti - INFO - Performing hierarchical crossover...
2025-01-28 17:50:39,788 - MemeticAlgorithmMulti - INFO - Hierarchical crossover completed.
2025-01-28 17:50:39,788 - MemeticAlgorithmMulti - INFO - Processing generation 3...
2025-01-28 17:50:39,788 - MemeticAlgorithmMulti - INFO - Performing hierarchical crossover...
2025-01-28 17:50:51,432 - MemeticAlgorithmMulti - INFO - Hierarchical crossover completed.
2025-01-28 17:50:51,432 - MemeticAlgorithmMulti - INFO - Processing generation 4...
2025-01-28 17:50:51,432 - MemeticAlgorithmMulti - INFO - Performing hierarchical crossover...
2025-01-28 17:50:59,422 - MemeticAlgorithmMulti - INFO - Hierarchical crossover completed.
2025-01-28 17:50:59,423 - MemeticAlgorithmMulti - INFO - Optimization completed in 5303.5s. Initial: 0.8933, Final: 0.8933
2025-01-28 17:50:59,530 - root - INFO - Validation score: 0.8130
2025-01-28 17:50:59,530 - root - INFO - Generation 30: Training=0.8933, Validation=0.8130
2025-01-28 17:50:59,531 - MemeticAlgorithmMulti - INFO - Processing generation 0...
2025-01-28 17:50:59,532 - MemeticAlgorithmMulti - INFO - Local search for individual 1/13
2025-01-28 17:50:59,532 - MemeticAlgorithmMulti - INFO - Optimizing HIGH conservation matrix...
2025-01-28 17:51:38,057 - MemeticAlgorithmMulti - INFO - Optimizing MEDIUM conservation matrix...
2025-01-28 17:52:17,472 - MemeticAlgorithmMulti - INFO - Optimizing LOW conservation matrix...
2025-01-28 17:53:05,120 - MemeticAlgorithmMulti - INFO - Local search for individual 2/13
2025-01-28 17:53:05,120 - MemeticAlgorithmMulti - INFO - Optimizing HIGH conservation matrix...
2025-01-28 17:54:09,365 - MemeticAlgorithmMulti - INFO - Optimizing MEDIUM conservation matrix...
2025-01-28 17:54:42,994 - MemeticAlgorithmMulti - INFO - Optimizing LOW conservation matrix...
2025-01-28 17:55:49,675 - MemeticAlgorithmMulti - INFO - Local search for individual 3/13
2025-01-28 17:55:49,675 - MemeticAlgorithmMulti - INFO - Optimizing HIGH conservation matrix...
2025-01-28 17:57:21,826 - MemeticAlgorithmMulti - INFO - Optimizing MEDIUM conservation matrix...
2025-01-28 17:58:37,884 - MemeticAlgorithmMulti - INFO - Optimizing LOW conservation matrix...
2025-01-28 17:59:14,979 - MemeticAlgorithmMulti - INFO - Local search for individual 4/13
2025-01-28 17:59:14,980 - MemeticAlgorithmMulti - INFO - Optimizing HIGH conservation matrix...
2025-01-28 17:59:47,217 - MemeticAlgorithmMulti - INFO - Optimizing MEDIUM conservation matrix...
2025-01-28 18:00:37,727 - MemeticAlgorithmMulti - INFO - Optimizing LOW conservation matrix...
2025-01-28 18:01:45,448 - MemeticAlgorithmMulti - INFO - Local search for individual 5/13
2025-01-28 18:01:45,448 - MemeticAlgorithmMulti - INFO - Optimizing HIGH conservation matrix...
2025-01-28 18:02:16,153 - MemeticAlgorithmMulti - INFO - Optimizing MEDIUM conservation matrix...
2025-01-28 18:02:48,962 - MemeticAlgorithmMulti - INFO - Optimizing LOW conservation matrix...
2025-01-28 18:03:13,406 - MemeticAlgorithmMulti - INFO - Local search for individual 6/13
2025-01-28 18:03:13,406 - MemeticAlgorithmMulti - INFO - Local search for individual 7/13
2025-01-28 18:03:13,406 - MemeticAlgorithmMulti - INFO - Optimizing HIGH conservation matrix...
2025-01-28 18:04:14,243 - MemeticAlgorithmMulti - INFO - Optimizing MEDIUM conservation matrix...
2025-01-28 18:04:47,175 - MemeticAlgorithmMulti - INFO - Optimizing LOW conservation matrix...
2025-01-28 18:05:32,998 - MemeticAlgorithmMulti - INFO - Local search for individual 8/13
2025-01-28 18:05:32,999 - MemeticAlgorithmMulti - INFO - Optimizing HIGH conservation matrix...
2025-01-28 18:06:27,414 - MemeticAlgorithmMulti - INFO - Optimizing MEDIUM conservation matrix...
2025-01-28 18:07:18,866 - MemeticAlgorithmMulti - INFO - Optimizing LOW conservation matrix...
2025-01-28 18:08:36,602 - MemeticAlgorithmMulti - INFO - Local search for individual 9/13
2025-01-28 18:08:36,602 - MemeticAlgorithmMulti - INFO - Optimizing HIGH conservation matrix...
2025-01-28 18:09:16,938 - MemeticAlgorithmMulti - INFO - Optimizing MEDIUM conservation matrix...
2025-01-28 18:09:53,751 - MemeticAlgorithmMulti - INFO - Optimizing LOW conservation matrix...
2025-01-28 18:10:35,846 - MemeticAlgorithmMulti - INFO - Local search for individual 10/13
2025-01-28 18:10:35,846 - MemeticAlgorithmMulti - INFO - Local search for individual 11/13
2025-01-28 18:10:35,846 - MemeticAlgorithmMulti - INFO - Local search for individual 12/13
2025-01-28 18:10:35,846 - MemeticAlgorithmMulti - INFO - Local search for individual 13/13
2025-01-28 18:10:35,846 - MemeticAlgorithmMulti - INFO - Optimizing HIGH conservation matrix...
2025-01-28 18:11:33,624 - MemeticAlgorithmMulti - INFO - Optimizing MEDIUM conservation matrix...
2025-01-28 18:12:35,205 - MemeticAlgorithmMulti - INFO - Optimizing LOW conservation matrix...
2025-01-28 18:13:20,266 - MemeticAlgorithmMulti - INFO - Performing hierarchical crossover...
2025-01-28 18:13:32,559 - MemeticAlgorithmMulti - INFO - Hierarchical crossover completed.
2025-01-28 18:13:32,559 - MemeticAlgorithmMulti - INFO - Generation 0: Best=0.8933, Time=6656.6s, Stagnation=1
2025-01-28 18:13:32,559 - MemeticAlgorithmMulti - INFO - Processing generation 1...
2025-01-28 18:13:32,559 - MemeticAlgorithmMulti - INFO - Performing hierarchical crossover...
2025-01-28 18:13:42,409 - MemeticAlgorithmMulti - INFO - Hierarchical crossover completed.
2025-01-28 18:13:42,409 - MemeticAlgorithmMulti - INFO - Processing generation 2...
2025-01-28 18:13:42,409 - MemeticAlgorithmMulti - INFO - Performing hierarchical crossover...
2025-01-28 18:13:54,132 - MemeticAlgorithmMulti - INFO - Hierarchical crossover completed.
2025-01-28 18:13:54,132 - MemeticAlgorithmMulti - INFO - Processing generation 3...
2025-01-28 18:13:54,132 - MemeticAlgorithmMulti - INFO - Performing hierarchical crossover...
2025-01-28 18:14:03,468 - MemeticAlgorithmMulti - INFO - Hierarchical crossover completed.
2025-01-28 18:14:03,469 - MemeticAlgorithmMulti - INFO - Processing generation 4...
2025-01-28 18:14:03,469 - MemeticAlgorithmMulti - INFO - Performing hierarchical crossover...
2025-01-28 18:14:12,260 - MemeticAlgorithmMulti - INFO - Hierarchical crossover completed.
2025-01-28 18:14:12,260 - MemeticAlgorithmMulti - INFO - Optimization completed in 6696.3s. Initial: 0.8933, Final: 0.8933
2025-01-28 18:14:12,362 - root - INFO - Validation score: 0.8130
2025-01-28 18:14:12,362 - root - INFO - Generation 40: Training=0.8933, Validation=0.8130
2025-01-28 18:14:12,364 - MemeticAlgorithmMulti - INFO - Processing generation 0...
2025-01-28 18:14:12,364 - MemeticAlgorithmMulti - INFO - Local search for individual 1/13
2025-01-28 18:14:12,364 - MemeticAlgorithmMulti - INFO - Optimizing HIGH conservation matrix...
2025-01-28 18:14:41,429 - MemeticAlgorithmMulti - INFO - Optimizing MEDIUM conservation matrix...
2025-01-28 18:15:21,961 - MemeticAlgorithmMulti - INFO - Optimizing LOW conservation matrix...
2025-01-28 18:15:53,299 - MemeticAlgorithmMulti - INFO - Local search for individual 2/13
2025-01-28 18:15:53,299 - MemeticAlgorithmMulti - INFO - Optimizing HIGH conservation matrix...
2025-01-28 18:16:26,061 - MemeticAlgorithmMulti - INFO - Optimizing MEDIUM conservation matrix...
2025-01-28 18:17:10,281 - MemeticAlgorithmMulti - INFO - Optimizing LOW conservation matrix...
2025-01-28 18:17:39,149 - MemeticAlgorithmMulti - INFO - Local search for individual 3/13
2025-01-28 18:17:39,149 - MemeticAlgorithmMulti - INFO - Optimizing HIGH conservation matrix...
2025-01-28 18:19:20,477 - MemeticAlgorithmMulti - INFO - Optimizing MEDIUM conservation matrix...
2025-01-28 18:19:45,940 - MemeticAlgorithmMulti - INFO - Optimizing LOW conservation matrix...
2025-01-28 18:20:34,328 - MemeticAlgorithmMulti - INFO - Local search for individual 4/13
2025-01-28 18:20:34,329 - MemeticAlgorithmMulti - INFO - Optimizing HIGH conservation matrix...
2025-01-28 18:21:10,593 - MemeticAlgorithmMulti - INFO - Optimizing MEDIUM conservation matrix...
2025-01-28 18:22:16,084 - MemeticAlgorithmMulti - INFO - Optimizing LOW conservation matrix...
2025-01-28 18:22:54,874 - MemeticAlgorithmMulti - INFO - Local search for individual 5/13
2025-01-28 18:22:54,874 - MemeticAlgorithmMulti - INFO - Optimizing HIGH conservation matrix...
2025-01-28 18:24:19,789 - MemeticAlgorithmMulti - INFO - Optimizing MEDIUM conservation matrix...
2025-01-28 18:24:50,912 - MemeticAlgorithmMulti - INFO - Optimizing LOW conservation matrix...
2025-01-28 18:26:20,641 - MemeticAlgorithmMulti - INFO - Local search for individual 6/13
2025-01-28 18:26:20,641 - MemeticAlgorithmMulti - INFO - Local search for individual 7/13
2025-01-28 18:26:20,641 - MemeticAlgorithmMulti - INFO - Optimizing HIGH conservation matrix...
2025-01-28 18:27:16,330 - MemeticAlgorithmMulti - INFO - Optimizing MEDIUM conservation matrix...
2025-01-28 18:28:14,711 - MemeticAlgorithmMulti - INFO - Optimizing LOW conservation matrix...
2025-01-28 18:28:57,213 - MemeticAlgorithmMulti - INFO - Local search for individual 8/13
2025-01-28 18:28:57,213 - MemeticAlgorithmMulti - INFO - Optimizing HIGH conservation matrix...
2025-01-28 18:29:59,383 - MemeticAlgorithmMulti - INFO - Optimizing MEDIUM conservation matrix...
2025-01-28 18:30:49,739 - MemeticAlgorithmMulti - INFO - Optimizing LOW conservation matrix...
2025-01-28 18:32:18,052 - MemeticAlgorithmMulti - INFO - Local search for individual 9/13
2025-01-28 18:32:18,052 - MemeticAlgorithmMulti - INFO - Optimizing HIGH conservation matrix...
2025-01-28 18:32:49,293 - MemeticAlgorithmMulti - INFO - Optimizing MEDIUM conservation matrix...
2025-01-28 18:33:41,087 - MemeticAlgorithmMulti - INFO - Optimizing LOW conservation matrix...
2025-01-28 18:34:22,790 - MemeticAlgorithmMulti - INFO - Local search for individual 10/13
2025-01-28 18:34:22,790 - MemeticAlgorithmMulti - INFO - Local search for individual 11/13
2025-01-28 18:34:22,790 - MemeticAlgorithmMulti - INFO - Optimizing HIGH conservation matrix...
2025-01-28 18:35:34,078 - MemeticAlgorithmMulti - INFO - Optimizing MEDIUM conservation matrix...
2025-01-28 18:36:22,303 - MemeticAlgorithmMulti - INFO - Optimizing LOW conservation matrix...
2025-01-28 18:36:49,374 - MemeticAlgorithmMulti - INFO - Local search for individual 12/13
2025-01-28 18:36:49,374 - MemeticAlgorithmMulti - INFO - Local search for individual 13/13
2025-01-28 18:36:49,374 - MemeticAlgorithmMulti - INFO - Performing hierarchical crossover...
2025-01-28 18:36:59,539 - MemeticAlgorithmMulti - INFO - Hierarchical crossover completed.
2025-01-28 18:36:59,539 - MemeticAlgorithmMulti - INFO - Generation 0: Best=0.8933, Time=8063.6s, Stagnation=1
2025-01-28 18:36:59,540 - MemeticAlgorithmMulti - INFO - Optimization completed in 8063.6s. Initial: 0.8933, Final: 0.8933
2025-01-28 18:36:59,645 - root - INFO - Validation score: 0.8130
2025-01-28 18:36:59,645 - root - INFO - Generation 50: Training=0.8933, Validation=0.8130
2025-01-28 18:36:59,648 - root - INFO - 
Optimization Complete!
2025-01-28 18:36:59,648 - root - INFO - Best Training Score: 0.8933
2025-01-28 18:36:59,648 - root - INFO - Best Validation Score: 0.8130
2025-01-28 18:36:59,649 - root - INFO - Total Time: 2.2h
2025-01-28 18:36:59,649 - root - INFO - Final Generation: 50
2025-01-28 18:36:59,649 - root - INFO - 
Matrix Statistics:
2025-01-28 18:36:59,649 - root - INFO - HIGH:
2025-01-28 18:36:59,649 - root - INFO - {
  "usage": 6,
  "best_score": -Infinity,
  "changes": 75
}
2025-01-28 18:36:59,649 - root - INFO - MEDIUM:
2025-01-28 18:36:59,649 - root - INFO - {
  "usage": 1,
  "best_score": -Infinity,
  "changes": 57
}
2025-01-28 18:36:59,649 - root - INFO - LOW:
2025-01-28 18:36:59,649 - root - INFO - {
  "usage": 1,
  "best_score": -Infinity,
  "changes": 44
}
2025-01-28 18:36:59,649 - root - INFO - 
Results saved to: {'combined': PosixPath('multi_memetic/results/BioFit_combined_20250128_183659.mat'), 'HIGH': PosixPath('multi_memetic/results/BioFit_HIGH_20250128_183659.mat'), 'MEDIUM': PosixPath('multi_memetic/results/BioFit_MEDIUM_20250128_183659.mat'), 'LOW': PosixPath('multi_memetic/results/BioFit_LOW_20250128_183659.mat')}
