2025-01-01 14:27:06,538 - INFO - Starting alignment pipeline setup...
2025-01-01 14:27:06,538 - INFO - Running ClustalW verification...
2025-01-01 14:27:06,540 - ERROR - ClustalW test failed with return code: 1
2025-01-01 14:27:06,540 - ERROR - Error output: Error: unknown option --help

2025-01-01 14:27:06,540 - ERROR - ClustalW verification failed
2025-01-01 14:28:22,789 - INFO - Starting alignment pipeline setup...
2025-01-01 14:28:22,789 - INFO - Running ClustalW verification...
2025-01-01 14:28:24,789 - ERROR - ClustalW process timed out
2025-01-01 14:28:24,790 - ERROR - ClustalW verification failed
2025-01-01 14:29:44,755 - INFO - Starting alignment pipeline setup...
2025-01-01 14:29:44,755 - INFO - Running ClustalW verification...
2025-01-01 14:29:44,757 - INFO - ClustalW test alignment completed successfully
2025-01-01 14:29:44,757 - INFO - Using ClustalW at: /dados/home/tesla-dados/multione/clustalw-2.1/src/clustalw2
2025-01-01 14:29:44,757 - INFO - Running BAliBASE verification...
2025-01-01 14:29:44,758 - INFO - Found 60 sequence files in BAliBASE directory
2025-01-01 14:29:44,758 - INFO - First few files: BBS30026.tfa, BB30002.tfa, BB30019.tfa...
2025-01-01 14:29:44,758 - INFO - Running Directory structure creation...
2025-01-01 14:29:44,758 - INFO - Created/verified directory: /dados/home/tesla-dados/multione/results/clustalw
2025-01-01 14:29:44,758 - INFO - Created/verified directory: /dados/home/tesla-dados/multione/results/muscle
2025-01-01 14:29:44,758 - INFO - Created/verified directory: /dados/home/tesla-dados/multione/results/data
2025-01-01 14:29:44,758 - INFO - Created/verified directory: /dados/home/tesla-dados/multione/results/logs
2025-01-01 14:29:44,759 - INFO - Running Permission verification...
2025-01-01 14:29:44,759 - INFO - Directory permissions verified successfully
2025-01-01 14:29:44,759 - INFO - Setup completed successfully
2025-01-01 14:29:50,551 - INFO - Starting alignment pipeline setup...
2025-01-01 14:29:50,551 - INFO - Running ClustalW verification...
2025-01-01 14:29:50,553 - INFO - ClustalW test alignment completed successfully
2025-01-01 14:29:50,553 - INFO - Using ClustalW at: /dados/home/tesla-dados/multione/clustalw-2.1/src/clustalw2
2025-01-01 14:29:50,553 - INFO - Running BAliBASE verification...
2025-01-01 14:29:50,553 - INFO - Found 60 sequence files in BAliBASE directory
2025-01-01 14:29:50,554 - INFO - First few files: BBS30026.tfa, BB30002.tfa, BB30019.tfa...
2025-01-01 14:29:50,554 - INFO - Running Directory structure creation...
2025-01-01 14:29:50,554 - INFO - Created/verified directory: /dados/home/tesla-dados/multione/results/clustalw
2025-01-01 14:29:50,554 - INFO - Created/verified directory: /dados/home/tesla-dados/multione/results/muscle
2025-01-01 14:29:50,554 - INFO - Created/verified directory: /dados/home/tesla-dados/multione/results/data
2025-01-01 14:29:50,554 - INFO - Created/verified directory: /dados/home/tesla-dados/multione/results/logs
2025-01-01 14:29:50,554 - INFO - Running Permission verification...
2025-01-01 14:29:50,554 - INFO - Directory permissions verified successfully
2025-01-01 14:29:50,554 - INFO - Setup completed successfully
