2025-01-25 19:53:00,781 - root - INFO - Starting executions with hyperparameters:
2025-01-25 19:53:00,781 - root - INFO - {
  "VNS": {
    "MIN_IMPROVEMENT": 1e-06,
    "MAX_ITER": 50,
    "MAX_NO_IMPROVE": 10,
    "PERTURBATION_SIZE": 10
  },
  "MEMETIC": {
    "MAX_GENERATIONS": 100,
    "LOCAL_SEARCH_FREQ": 10,
    "MUTATION_RATE": 0.1
  },
  "MATRIX": {
    "SCORE_DIAGONAL": {
      "min": -2,
      "max": 17
    },
    "SCORE_SIMILAR": {
      "min": -4,
      "max": 8
    },
    "SCORE_DIFFERENT": {
      "min": -8,
      "max": 4
    },
    "MAX_ADJUSTMENT": 2
  },
  "LOCAL_SEARCH": {
    "NEIGHBORHOOD_WEIGHTS": {
      "subfamily": 0.4,
      "disorder": 0.3,
      "conservation": 0.2,
      "random": 0.1
    },
    "SCORE_ADJUSTMENTS": {
      "strong": -2,
      "medium": -1,
      "weak": 1
    },
    "PATTERN_WINDOW": 2,
    "MIN_CONSERVATION": 0.1,
    "SUBFAMILY_CHANGES": 3,
    "DISORDER_CHANGES": 3,
    "CONSERVATION_TOP_N": 5,
    "RANDOM_CHANGES": 3,
    "USE_DISORDER_INFO": true,
    "BLOCK_SCORE_THRESHOLD": 25,
    "HIGH_SCORE_BLOCKS": 3,
    "SAMPLES_PER_BLOCK": 2
  },
  "EXECUTION": {
    "MATRICES_PER_INSTANCE": 1,
    "EVAL_SAMPLES": 1,
    "SEED": null
  }
}
2025-01-25 19:53:00,781 - root - INFO - 
Processing instance BBA0142
2025-01-25 19:53:00,782 - root - INFO - Starting execution 1/1 for BBA0142
2025-01-25 19:53:00,783 - EnhancedLocalSearch - INFO - Analyzed BAliBASE4 data: 9 blocks, 2 groups
2025-01-25 19:53:00,783 - StructuredPopulation - INFO - Analyzed BAliBASE4 data: 8 blocks, 0 SEQERR regions
2025-01-25 19:53:01,066 - MemeticAlgorithm - INFO - Initial best fitness: 0.8100
2025-01-25 19:53:01,066 - MemeticAlgorithm - INFO - Starting memetic optimization with enhanced operators
2025-01-25 19:53:01,066 - MemeticAlgorithm - INFO - Applying enhanced local search with structural neighborhoods
2025-01-25 19:53:01,086 - EnhancedLocalSearch - INFO - Starting VNS search with structural neighborhoods
2025-01-25 19:53:01,531 - EnhancedLocalSearch - INFO - Starting VNS search with structural neighborhoods
2025-01-25 19:53:01,971 - EnhancedLocalSearch - INFO - Starting VNS search with structural neighborhoods
2025-01-25 19:53:02,410 - EnhancedLocalSearch - INFO - Starting VNS search with structural neighborhoods
2025-01-25 19:53:03,407 - MemeticAlgorithm - INFO - Generation 0: Best=0.8100, Current=0.8100, Stagnation=1
2025-01-25 19:53:04,544 - MemeticAlgorithm - INFO - New best score in generation 2: 0.9290
2025-01-25 19:53:06,296 - MemeticAlgorithm - INFO - Generation 5: Best=0.9290, Current=0.9290, Stagnation=3
2025-01-25 19:53:08,562 - MemeticAlgorithm - INFO - Applying enhanced local search with structural neighborhoods
2025-01-25 19:53:08,584 - EnhancedLocalSearch - INFO - Starting VNS search with structural neighborhoods
2025-01-25 19:53:09,034 - EnhancedLocalSearch - INFO - Starting VNS search with structural neighborhoods
2025-01-25 19:53:09,497 - EnhancedLocalSearch - INFO - Starting VNS search with structural neighborhoods
2025-01-25 19:53:09,959 - EnhancedLocalSearch - INFO - Starting VNS search with structural neighborhoods
2025-01-25 19:53:10,189 - MemeticAlgorithm - INFO - Generation 10: Best=0.9290, Current=0.9290, Stagnation=8
2025-01-25 19:53:11,315 - MemeticAlgorithm - INFO - Stopping early at generation 12 due to stagnation. Best score: 0.9290
2025-01-25 19:53:11,337 - MemeticAlgorithm - INFO - Optimization completed. Initial score: 0.8100, Final best: 0.9290
2025-01-25 19:53:11,339 - root - INFO - New best score for BBA0142: 0.9290
2025-01-25 19:53:11,339 - root - INFO - Execution 1 completed in 10.6s
2025-01-25 19:53:11,340 - root - INFO - BBA0142 best score: 0.9290
2025-01-25 19:53:11,340 - root - INFO - All instances processed successfully
2025-01-25 19:53:23,942 - root - INFO - Starting executions with hyperparameters:
2025-01-25 19:53:23,943 - root - INFO - {
  "VNS": {
    "MIN_IMPROVEMENT": 1e-06,
    "MAX_ITER": 50,
    "MAX_NO_IMPROVE": 10,
    "PERTURBATION_SIZE": 10
  },
  "MEMETIC": {
    "MAX_GENERATIONS": 100,
    "LOCAL_SEARCH_FREQ": 10,
    "MUTATION_RATE": 0.1
  },
  "MATRIX": {
    "SCORE_DIAGONAL": {
      "min": -2,
      "max": 17
    },
    "SCORE_SIMILAR": {
      "min": -4,
      "max": 8
    },
    "SCORE_DIFFERENT": {
      "min": -8,
      "max": 4
    },
    "MAX_ADJUSTMENT": 2
  },
  "LOCAL_SEARCH": {
    "NEIGHBORHOOD_WEIGHTS": {
      "subfamily": 0.4,
      "disorder": 0.3,
      "conservation": 0.2,
      "random": 0.1
    },
    "SCORE_ADJUSTMENTS": {
      "strong": -2,
      "medium": -1,
      "weak": 1
    },
    "PATTERN_WINDOW": 2,
    "MIN_CONSERVATION": 0.1,
    "SUBFAMILY_CHANGES": 3,
    "DISORDER_CHANGES": 3,
    "CONSERVATION_TOP_N": 5,
    "RANDOM_CHANGES": 3,
    "USE_DISORDER_INFO": true,
    "BLOCK_SCORE_THRESHOLD": 25,
    "HIGH_SCORE_BLOCKS": 3,
    "SAMPLES_PER_BLOCK": 2
  },
  "EXECUTION": {
    "MATRICES_PER_INSTANCE": 1,
    "EVAL_SAMPLES": 1,
    "SEED": null
  }
}
2025-01-25 19:53:23,943 - root - INFO - 
Processing instance BBA0183
2025-01-25 19:53:23,943 - root - INFO - Starting execution 1/1 for BBA0183
2025-01-25 19:53:23,949 - EnhancedLocalSearch - INFO - Analyzed BAliBASE4 data: 85 blocks, 8 groups
2025-01-25 19:53:23,951 - StructuredPopulation - INFO - Analyzed BAliBASE4 data: 139 blocks, 19 SEQERR regions
2025-01-25 19:53:28,443 - MemeticAlgorithm - INFO - Initial best fitness: 0.6260
2025-01-25 19:53:28,443 - MemeticAlgorithm - INFO - Starting memetic optimization with enhanced operators
2025-01-25 19:53:28,443 - MemeticAlgorithm - INFO - Applying enhanced local search with structural neighborhoods
2025-01-25 19:53:28,798 - EnhancedLocalSearch - INFO - Starting VNS search with structural neighborhoods
2025-01-25 19:53:29,173 - root - ERROR - Error processing BBA0183 execution 1: 'group3'
Traceback (most recent call last):
  File "/home/augusto/projects/multiOne/main.py", line 181, in process_instance
    best_matrix, best_score = memetic.run(
                              ^^^^^^^^^^^^
  File "/home/augusto/projects/multiOne/memetic/memetic.py", line 390, in run
    self._apply_local_search(
  File "/home/augusto/projects/multiOne/memetic/memetic.py", line 464, in _apply_local_search
    new_score = self.local_search.vns_search(
                ^^^^^^^^^^^^^^^^^^^^^^^^^^^^^
  File "/home/augusto/projects/multiOne/memetic/local_search.py", line 125, in vns_search
    neighbor = neighborhood_func(current_matrix, force_factor)
               ^^^^^^^^^^^^^^^^^^^^^^^^^^^^^^^^^^^^^^^^^^^^^^^
  File "/home/augusto/projects/multiOne/memetic/local_search.py", line 215, in _subfamily_specific_neighborhood
    group_scores = self.column_scores[f'group{group_id}']
                   ~~~~~~~~~~~~~~~~~~^^^^^^^^^^^^^^^^^^^^
KeyError: 'group3'
2025-01-25 19:53:29,175 - root - INFO - All instances processed successfully
