2025-01-25 01:44:47,557 - root - INFO - Iniciando execução com hiperparâmetros:
2025-01-25 01:44:47,557 - root - INFO - {
  "VNS": {
    "MIN_IMPROVEMENT": 1e-06,
    "MAX_ITER": 100,
    "MAX_NO_IMPROVE": 20,
    "PERTURBATION_SIZE": 5,
    "MAX_PERTURBATION": 20,
    "ESCAPE_THRESHOLD": 10,
    "SCORE_CONSTRAINTS": {
      "DIAGONAL": {
        "min": -2,
        "max": 17
      },
      "SIMILAR": {
        "min": -4,
        "max": 8
      },
      "DIFFERENT": {
        "min": -8,
        "max": 4
      }
    }
  },
  "MEMETIC": {
    "POPULATION_SIZE": 20,
    "ELITE_SIZE": 5,
    "MAX_GENERATIONS": 50,
    "LOCAL_SEARCH_FREQ": 5,
    "DIVERSITY_THRESHOLD": 0.2
  },
  "MATRIX": {
    "SCORE_DIAGONAL": {
      "min": -2,
      "max": 17
    },
    "SCORE_SIMILAR": {
      "min": -4,
      "max": 8
    },
    "SCORE_DIFFERENT": {
      "min": -8,
      "max": 4
    },
    "MAX_ADJUSTMENT": 2
  },
  "EXECUTION": {
    "NUM_RUNS": 3,
    "EVAL_SAMPLES": 1,
    "SEED": null
  }
}
2025-01-25 01:44:47,559 - root - INFO - 
Starting run 1/3
2025-01-25 01:44:47,560 - LocalSearch - INFO - Analyzing alignment: /home/augusto/projects/multiOne/BAliBASE/RV100/BBA0142.xml
2025-01-25 01:44:47,561 - LocalSearch - INFO - Analyzing substitution patterns
2025-01-25 01:44:47,568 - LocalSearch - INFO - Pattern analysis completed
2025-01-25 01:44:47,977 - MemeticAlgorithm - WARNING - No viable individuals in initial population
2025-01-25 01:44:47,977 - root - ERROR - Error during run 1: MemeticAlgorithm.run() got an unexpected keyword argument 'run_id'
Traceback (most recent call last):
  File "/home/augusto/projects/multiOne/main.py", line 200, in main
    best_matrix, best_score = memetic.run(
                              ^^^^^^^^^^^^
TypeError: MemeticAlgorithm.run() got an unexpected keyword argument 'run_id'
2025-01-25 01:44:47,978 - root - INFO - 
Starting run 2/3
2025-01-25 01:44:47,979 - LocalSearch - INFO - Analyzing alignment: /home/augusto/projects/multiOne/BAliBASE/RV100/BBA0142.xml
2025-01-25 01:44:47,980 - LocalSearch - INFO - Analyzing substitution patterns
2025-01-25 01:44:47,985 - LocalSearch - INFO - Pattern analysis completed
2025-01-25 01:44:48,388 - MemeticAlgorithm - WARNING - No viable individuals in initial population
2025-01-25 01:44:48,389 - root - ERROR - Error during run 2: MemeticAlgorithm.run() got an unexpected keyword argument 'run_id'
Traceback (most recent call last):
  File "/home/augusto/projects/multiOne/main.py", line 200, in main
    best_matrix, best_score = memetic.run(
                              ^^^^^^^^^^^^
TypeError: MemeticAlgorithm.run() got an unexpected keyword argument 'run_id'
2025-01-25 01:44:48,389 - root - INFO - 
Starting run 3/3
2025-01-25 01:44:48,390 - LocalSearch - INFO - Analyzing alignment: /home/augusto/projects/multiOne/BAliBASE/RV100/BBA0142.xml
2025-01-25 01:44:48,390 - LocalSearch - INFO - Analyzing substitution patterns
2025-01-25 01:44:48,395 - LocalSearch - INFO - Pattern analysis completed
2025-01-25 01:44:48,796 - MemeticAlgorithm - WARNING - No viable individuals in initial population
2025-01-25 01:44:48,797 - root - ERROR - Error during run 3: MemeticAlgorithm.run() got an unexpected keyword argument 'run_id'
Traceback (most recent call last):
  File "/home/augusto/projects/multiOne/main.py", line 200, in main
    best_matrix, best_score = memetic.run(
                              ^^^^^^^^^^^^
TypeError: MemeticAlgorithm.run() got an unexpected keyword argument 'run_id'
2025-01-25 01:44:48,797 - root - INFO - Optimization completed. Best score: -inf
