2025-01-28 05:01:48,751 - root - INFO - Starting executions with hyperparameters:
2025-01-28 05:01:48,751 - root - INFO - {
  "VNS": {
    "MIN_IMPROVEMENT": 1e-06,
    "MAX_ITER": 50,
    "MAX_NO_IMPROVE": 10,
    "PERTURBATION_SIZE": 10
  },
  "MEMETIC": {
    "MAX_GENERATIONS": 100,
    "LOCAL_SEARCH_FREQ": 10,
    "MUTATION_RATE": 0.1
  },
  "MATRIX": {
    "SCORE_DIAGONAL": {
      "min": -2,
      "max": 17
    },
    "SCORE_SIMILAR": {
      "min": -4,
      "max": 8
    },
    "SCORE_DIFFERENT": {
      "min": -8,
      "max": 4
    },
    "MAX_ADJUSTMENT": 2
  },
  "LOCAL_SEARCH": {
    "NEIGHBORHOOD_WEIGHTS": {
      "subfamily": 0.4,
      "disorder": 0.3,
      "conservation": 0.2,
      "random": 0.1
    },
    "SCORE_ADJUSTMENTS": {
      "strong": -2,
      "medium": -1,
      "weak": 1
    },
    "PATTERN_WINDOW": 2,
    "MIN_CONSERVATION": 0.1,
    "SUBFAMILY_CHANGES": 3,
    "DISORDER_CHANGES": 3,
    "CONSERVATION_TOP_N": 5,
    "RANDOM_CHANGES": 3,
    "USE_DISORDER_INFO": true,
    "BLOCK_SCORE_THRESHOLD": 25,
    "HIGH_SCORE_BLOCKS": 3,
    "SAMPLES_PER_BLOCK": 2
  },
  "EXECUTION": {
    "MATRICES_PER_INSTANCE": 1,
    "EVAL_SAMPLES": 1,
    "SEED": null
  }
}
2025-01-28 05:01:48,751 - root - INFO - 
Processing instance BBA0183
2025-01-28 05:01:48,751 - root - INFO - Starting execution 1/1 for BBA0183
2025-01-28 05:01:48,758 - EnhancedLocalSearch - INFO - Analyzed BAliBASE4 data: 85 blocks, 8 groups
2025-01-28 05:01:48,761 - StructuredPopulation - INFO - Analyzed BAliBASE4 data: 139 blocks, 19 SEQERR regions
2025-01-28 05:01:53,869 - MemeticAlgorithm - INFO - Initial best fitness: 0.6650
2025-01-28 05:01:53,869 - MemeticAlgorithm - INFO - Starting memetic optimization with enhanced operators
2025-01-28 05:01:53,869 - MemeticAlgorithm - INFO - Applying enhanced local search with structural neighborhoods
2025-01-28 05:01:54,233 - EnhancedLocalSearch - INFO - Starting VNS search with structural neighborhoods
2025-01-28 05:02:00,441 - EnhancedLocalSearch - INFO - Starting VNS search with structural neighborhoods
2025-01-28 05:02:06,800 - EnhancedLocalSearch - INFO - Starting VNS search with structural neighborhoods
2025-01-28 05:02:11,149 - EnhancedLocalSearch - INFO - Starting VNS search with structural neighborhoods
2025-01-28 05:02:25,183 - MemeticAlgorithm - INFO - Generation 0: Best=0.6650, Current=0.6650, Stagnation=1
2025-01-28 05:02:51,679 - MemeticAlgorithm - INFO - New best score in generation 3: 0.8490
2025-01-28 05:03:08,993 - MemeticAlgorithm - INFO - Generation 5: Best=0.8490, Current=0.8490, Stagnation=2
2025-01-28 05:03:42,314 - MemeticAlgorithm - INFO - Applying enhanced local search with structural neighborhoods
2025-01-28 05:03:42,641 - EnhancedLocalSearch - INFO - Starting VNS search with structural neighborhoods
2025-01-28 05:03:48,165 - EnhancedLocalSearch - INFO - Starting VNS search with structural neighborhoods
2025-01-28 05:03:53,972 - EnhancedLocalSearch - INFO - Starting VNS search with structural neighborhoods
2025-01-28 05:04:00,546 - EnhancedLocalSearch - INFO - Starting VNS search with structural neighborhoods
2025-01-28 05:04:13,556 - MemeticAlgorithm - INFO - Generation 10: Best=0.8490, Current=0.8490, Stagnation=7
2025-01-28 05:04:40,759 - MemeticAlgorithm - INFO - Stopping early at generation 13 due to stagnation. Best score: 0.8490
2025-01-28 05:04:38,946 - MemeticAlgorithm - INFO - Optimization completed. Initial score: 0.6650, Final best: 0.8490
2025-01-28 05:04:38,948 - root - INFO - New best score for BBA0183: 0.8490
2025-01-28 05:04:38,949 - root - INFO - Execution 1 completed in 170.2s
2025-01-28 05:04:38,949 - root - INFO - BBA0183 best score: 0.8490
2025-01-28 05:04:38,949 - root - INFO - All instances processed successfully
