2025-01-25 11:27:10,037 - root - INFO - Starting executions with hyperparameters:
2025-01-25 11:27:10,038 - root - INFO - {
  "VNS": {
    "MIN_IMPROVEMENT": 1e-06,
    "MAX_ITER": 50,
    "MAX_NO_IMPROVE": 10,
    "PERTURBATION_SIZE": 5
  },
  "MEMETIC": {
    "MAX_GENERATIONS": 50,
    "LOCAL_SEARCH_FREQ": 5,
    "MUTATION_RATE": 0.1
  },
  "MATRIX": {
    "SCORE_DIAGONAL": {
      "min": -2,
      "max": 17
    },
    "SCORE_SIMILAR": {
      "min": -4,
      "max": 8
    },
    "SCORE_DIFFERENT": {
      "min": -8,
      "max": 4
    },
    "MAX_ADJUSTMENT": 2
  },
  "LOCAL_SEARCH": {
    "NEIGHBORHOOD_WEIGHTS": {
      "subfamily": 0.4,
      "disorder": 0.3,
      "conservation": 0.2,
      "random": 0.1
    },
    "SCORE_ADJUSTMENTS": {
      "strong": -2,
      "medium": -1,
      "weak": 1
    },
    "PATTERN_WINDOW": 2,
    "MIN_CONSERVATION": 0.1,
    "SUBFAMILY_CHANGES": 3,
    "DISORDER_CHANGES": 3,
    "CONSERVATION_TOP_N": 5,
    "RANDOM_CHANGES": 3,
    "USE_DISORDER_INFO": true
  },
  "EXECUTION": {
    "MATRICES_PER_INSTANCE": 1,
    "EVAL_SAMPLES": 1,
    "SEED": null
  }
}
2025-01-25 11:27:10,038 - root - INFO - 
Processing instance BBA0004
2025-01-25 11:27:10,038 - root - INFO - Starting execution 1/1 for BBA0004
2025-01-25 11:27:51,433 - MemeticAlgorithm - INFO - Initial best fitness: 0.5130
2025-01-25 11:27:51,433 - MemeticAlgorithm - INFO - Starting memetic optimization
2025-01-25 11:32:28,301 - MemeticAlgorithm - INFO - Generation 0: Best=0.5130, Master=0.5130, Stagnation=1
2025-01-25 11:36:11,482 - MemeticAlgorithm - INFO - New best score: 0.5920
