2025-01-25 19:44:48,061 - root - INFO - Starting executions with hyperparameters:
2025-01-25 19:44:48,061 - root - INFO - {
  "VNS": {
    "MIN_IMPROVEMENT": 1e-06,
    "MAX_ITER": 50,
    "MAX_NO_IMPROVE": 20,
    "PERTURBATION_SIZE": 10
  },
  "MEMETIC": {
    "MAX_GENERATIONS": 50,
    "LOCAL_SEARCH_FREQ": 10,
    "MUTATION_RATE": 0.1
  },
  "MATRIX": {
    "SCORE_DIAGONAL": {
      "min": -2,
      "max": 17
    },
    "SCORE_SIMILAR": {
      "min": -4,
      "max": 8
    },
    "SCORE_DIFFERENT": {
      "min": -8,
      "max": 4
    },
    "MAX_ADJUSTMENT": 2
  },
  "LOCAL_SEARCH": {
    "NEIGHBORHOOD_WEIGHTS": {
      "subfamily": 0.4,
      "disorder": 0.3,
      "conservation": 0.2,
      "random": 0.1
    },
    "SCORE_ADJUSTMENTS": {
      "strong": -2,
      "medium": -1,
      "weak": 1
    },
    "PATTERN_WINDOW": 2,
    "MIN_CONSERVATION": 0.1,
    "SUBFAMILY_CHANGES": 3,
    "DISORDER_CHANGES": 3,
    "CONSERVATION_TOP_N": 5,
    "RANDOM_CHANGES": 3,
    "USE_DISORDER_INFO": true,
    "BLOCK_SCORE_THRESHOLD": 25,
    "HIGH_SCORE_BLOCKS": 3,
    "SAMPLES_PER_BLOCK": 2
  },
  "EXECUTION": {
    "MATRICES_PER_INSTANCE": 1,
    "EVAL_SAMPLES": 1,
    "SEED": null
  }
}
2025-01-25 19:44:48,061 - root - INFO - 
Processing instance BBA0142
2025-01-25 19:44:48,062 - root - INFO - Starting execution 1/1 for BBA0142
2025-01-25 19:44:48,064 - EnhancedLocalSearch - INFO - Analyzed BAliBASE4 data: 9 blocks, 2 groups
2025-01-25 19:44:48,064 - StructuredPopulation - INFO - Analyzed BAliBASE4 data: 8 blocks, 0 SEQERR regions
2025-01-25 19:44:48,365 - MemeticAlgorithm - INFO - Initial best fitness: 0.8100
2025-01-25 19:44:48,365 - MemeticAlgorithm - INFO - Starting memetic optimization with enhanced operators
2025-01-25 19:44:48,365 - MemeticAlgorithm - INFO - Applying enhanced local search with structural neighborhoods
2025-01-25 19:44:48,388 - EnhancedLocalSearch - INFO - Starting VNS search with structural neighborhoods
2025-01-25 19:44:49,384 - EnhancedLocalSearch - INFO - Starting VNS search with structural neighborhoods
2025-01-25 19:44:50,339 - EnhancedLocalSearch - INFO - Starting VNS search with structural neighborhoods
2025-01-25 19:44:51,294 - EnhancedLocalSearch - INFO - Starting VNS search with structural neighborhoods
2025-01-25 19:44:52,827 - MemeticAlgorithm - INFO - New best score in generation 0: 0.9290
2025-01-25 19:44:52,828 - MemeticAlgorithm - INFO - Generation 0: Best=0.9290, Current=0.9290, Stagnation=0
2025-01-25 19:44:55,895 - MemeticAlgorithm - INFO - Generation 5: Best=0.9290, Current=0.9290, Stagnation=5
2025-01-25 19:44:58,352 - MemeticAlgorithm - INFO - Applying enhanced local search with structural neighborhoods
2025-01-25 19:44:58,375 - EnhancedLocalSearch - INFO - Starting VNS search with structural neighborhoods
2025-01-25 19:44:59,368 - EnhancedLocalSearch - INFO - Starting VNS search with structural neighborhoods
2025-01-25 19:45:00,332 - EnhancedLocalSearch - INFO - Starting VNS search with structural neighborhoods
2025-01-25 19:45:01,260 - EnhancedLocalSearch - INFO - Starting VNS search with structural neighborhoods
2025-01-25 19:45:02,735 - MemeticAlgorithm - INFO - Generation 10: Best=0.9290, Current=0.9290, Stagnation=10
2025-01-25 19:45:05,628 - MemeticAlgorithm - INFO - Generation 15: Best=0.9290, Current=0.9290, Stagnation=15
2025-01-25 19:45:07,979 - MemeticAlgorithm - INFO - Applying enhanced local search with structural neighborhoods
2025-01-25 19:45:08,002 - EnhancedLocalSearch - INFO - Starting VNS search with structural neighborhoods
2025-01-25 19:45:08,952 - EnhancedLocalSearch - INFO - Starting VNS search with structural neighborhoods
2025-01-25 19:45:09,919 - EnhancedLocalSearch - INFO - Starting VNS search with structural neighborhoods
2025-01-25 19:45:10,919 - EnhancedLocalSearch - INFO - Starting VNS search with structural neighborhoods
2025-01-25 19:45:12,451 - MemeticAlgorithm - INFO - Stopping early at generation 20 due to stagnation. Best score: 0.9290
2025-01-25 19:45:12,479 - MemeticAlgorithm - INFO - Optimization completed. Initial score: 0.8100, Final best: 0.9290
2025-01-25 19:45:12,482 - root - INFO - New best score for BBA0142: 0.9290
2025-01-25 19:45:12,482 - root - INFO - Execution 1 completed in 24.4s
2025-01-25 19:45:12,482 - root - INFO - BBA0142 best score: 0.9290
2025-01-25 19:45:12,483 - root - INFO - All instances processed successfully
