2025-01-25 19:43:14,339 - root - INFO - Starting executions with hyperparameters:
2025-01-25 19:43:14,340 - root - INFO - {
  "VNS": {
    "MIN_IMPROVEMENT": 1e-06,
    "MAX_ITER": 50,
    "MAX_NO_IMPROVE": 20,
    "PERTURBATION_SIZE": 10
  },
  "MEMETIC": {
    "MAX_GENERATIONS": 50,
    "LOCAL_SEARCH_FREQ": 10,
    "MUTATION_RATE": 0.1
  },
  "MATRIX": {
    "SCORE_DIAGONAL": {
      "min": -2,
      "max": 17
    },
    "SCORE_SIMILAR": {
      "min": -4,
      "max": 8
    },
    "SCORE_DIFFERENT": {
      "min": -8,
      "max": 4
    },
    "MAX_ADJUSTMENT": 2
  },
  "LOCAL_SEARCH": {
    "NEIGHBORHOOD_WEIGHTS": {
      "subfamily": 0.4,
      "disorder": 0.3,
      "conservation": 0.2,
      "random": 0.1
    },
    "SCORE_ADJUSTMENTS": {
      "strong": -2,
      "medium": -1,
      "weak": 1
    },
    "PATTERN_WINDOW": 2,
    "MIN_CONSERVATION": 0.1,
    "SUBFAMILY_CHANGES": 3,
    "DISORDER_CHANGES": 3,
    "CONSERVATION_TOP_N": 5,
    "RANDOM_CHANGES": 3,
    "USE_DISORDER_INFO": true,
    "BLOCK_SCORE_THRESHOLD": 25,
    "HIGH_SCORE_BLOCKS": 3,
    "SAMPLES_PER_BLOCK": 2
  },
  "EXECUTION": {
    "MATRICES_PER_INSTANCE": 1,
    "EVAL_SAMPLES": 1,
    "SEED": null
  }
}
2025-01-25 19:43:14,340 - root - INFO - 
Processing instance BBA0142
2025-01-25 19:43:14,340 - root - INFO - Starting execution 1/1 for BBA0142
2025-01-25 19:43:14,342 - EnhancedLocalSearch - INFO - Analyzed BAliBASE4 data: 9 blocks, 2 groups
2025-01-25 19:43:14,342 - StructuredPopulation - INFO - Analyzed BAliBASE4 data: 8 blocks, 0 SEQERR regions
2025-01-25 19:43:14,617 - MemeticAlgorithm - INFO - Initial best fitness: 0.8100
2025-01-25 19:43:14,618 - MemeticAlgorithm - INFO - Starting memetic optimization with enhanced operators
2025-01-25 19:43:14,618 - MemeticAlgorithm - INFO - Applying enhanced local search with structural neighborhoods
2025-01-25 19:43:14,638 - EnhancedLocalSearch - INFO - Starting VNS search with structural neighborhoods
2025-01-25 19:43:15,555 - EnhancedLocalSearch - INFO - Starting VNS search with structural neighborhoods
2025-01-25 19:43:16,530 - EnhancedLocalSearch - INFO - Starting VNS search with structural neighborhoods
2025-01-25 19:43:17,467 - EnhancedLocalSearch - INFO - Starting VNS search with structural neighborhoods
2025-01-25 19:43:18,961 - MemeticAlgorithm - INFO - Generation 0: Best=0.8100, Current=0.8100, Stagnation=1
2025-01-25 19:43:22,316 - MemeticAlgorithm - INFO - Generation 5: Best=0.8100, Current=0.8100, Stagnation=6
2025-01-25 19:43:24,045 - MemeticAlgorithm - INFO - New best score in generation 8: 0.9290
2025-01-25 19:43:24,757 - MemeticAlgorithm - INFO - Applying enhanced local search with structural neighborhoods
2025-01-25 19:43:24,781 - EnhancedLocalSearch - INFO - Starting VNS search with structural neighborhoods
2025-01-25 19:43:25,820 - EnhancedLocalSearch - INFO - Starting VNS search with structural neighborhoods
2025-01-25 19:43:26,778 - EnhancedLocalSearch - INFO - Starting VNS search with structural neighborhoods
2025-01-25 19:43:27,725 - EnhancedLocalSearch - INFO - Starting VNS search with structural neighborhoods
2025-01-25 19:43:29,185 - MemeticAlgorithm - INFO - Generation 10: Best=0.9290, Current=0.9290, Stagnation=2
2025-01-25 19:43:32,153 - MemeticAlgorithm - INFO - Generation 15: Best=0.9290, Current=0.9290, Stagnation=7
2025-01-25 19:43:34,540 - MemeticAlgorithm - INFO - Applying enhanced local search with structural neighborhoods
2025-01-25 19:43:34,563 - EnhancedLocalSearch - INFO - Starting VNS search with structural neighborhoods
2025-01-25 19:43:35,498 - EnhancedLocalSearch - INFO - Starting VNS search with structural neighborhoods
2025-01-25 19:43:36,439 - EnhancedLocalSearch - INFO - Starting VNS search with structural neighborhoods
2025-01-25 19:43:37,477 - EnhancedLocalSearch - INFO - Starting VNS search with structural neighborhoods
2025-01-25 19:43:39,107 - MemeticAlgorithm - INFO - Generation 20: Best=0.9290, Current=0.9290, Stagnation=12
2025-01-25 19:43:42,133 - MemeticAlgorithm - INFO - Generation 25: Best=0.9290, Current=0.9290, Stagnation=17
2025-01-25 19:43:43,170 - MemeticAlgorithm - INFO - Stopping early at generation 28 due to stagnation. Best score: 0.9290
2025-01-25 19:43:43,193 - MemeticAlgorithm - INFO - Optimization completed. Initial score: 0.8100, Final best: 0.9290
2025-01-25 19:43:43,195 - root - INFO - New best score for BBA0142: 0.9290
2025-01-25 19:43:43,195 - root - INFO - Execution 1 completed in 28.9s
2025-01-25 19:43:43,196 - root - INFO - BBA0142 best score: 0.9290
2025-01-25 19:43:43,196 - root - INFO - All instances processed successfully
