2025-01-25 19:28:00,968 - root - INFO - Starting executions with hyperparameters:
2025-01-25 19:28:00,968 - root - INFO - {
  "VNS": {
    "MIN_IMPROVEMENT": 1e-06,
    "MAX_ITER": 50,
    "MAX_NO_IMPROVE": 20,
    "PERTURBATION_SIZE": 10
  },
  "MEMETIC": {
    "MAX_GENERATIONS": 50,
    "LOCAL_SEARCH_FREQ": 10,
    "MUTATION_RATE": 0.1
  },
  "MATRIX": {
    "SCORE_DIAGONAL": {
      "min": -2,
      "max": 17
    },
    "SCORE_SIMILAR": {
      "min": -4,
      "max": 8
    },
    "SCORE_DIFFERENT": {
      "min": -8,
      "max": 4
    },
    "MAX_ADJUSTMENT": 2
  },
  "LOCAL_SEARCH": {
    "NEIGHBORHOOD_WEIGHTS": {
      "subfamily": 0.4,
      "disorder": 0.3,
      "conservation": 0.2,
      "random": 0.1
    },
    "SCORE_ADJUSTMENTS": {
      "strong": -2,
      "medium": -1,
      "weak": 1
    },
    "PATTERN_WINDOW": 2,
    "MIN_CONSERVATION": 0.1,
    "SUBFAMILY_CHANGES": 3,
    "DISORDER_CHANGES": 3,
    "CONSERVATION_TOP_N": 5,
    "RANDOM_CHANGES": 3,
    "USE_DISORDER_INFO": true,
    "BLOCK_SCORE_THRESHOLD": 25,
    "HIGH_SCORE_BLOCKS": 3,
    "SAMPLES_PER_BLOCK": 2
  },
  "EXECUTION": {
    "MATRICES_PER_INSTANCE": 1,
    "EVAL_SAMPLES": 1,
    "SEED": null
  }
}
2025-01-25 19:28:00,968 - root - INFO - 
Processing instance BBA0142
2025-01-25 19:28:00,968 - root - INFO - Starting execution 1/1 for BBA0142
2025-01-25 19:28:00,970 - StructuredPopulation - INFO - Analyzed BAliBASE4 data: 8 blocks, 0 SEQERR regions
2025-01-25 19:28:01,243 - MemeticAlgorithm - INFO - Initial best fitness: 0.8100
2025-01-25 19:28:01,243 - MemeticAlgorithm - INFO - Starting memetic optimization with enhanced operators
2025-01-25 19:28:01,243 - MemeticAlgorithm - INFO - Applying enhanced local search with structural neighborhoods
2025-01-25 19:28:01,264 - EnhancedLocalSearch - INFO - Starting VNS search with structural neighborhoods
2025-01-25 19:28:01,928 - EnhancedLocalSearch - INFO - Starting VNS search with structural neighborhoods
2025-01-25 19:28:02,586 - EnhancedLocalSearch - INFO - Starting VNS search with structural neighborhoods
2025-01-25 19:28:03,262 - EnhancedLocalSearch - INFO - Starting VNS search with structural neighborhoods
2025-01-25 19:28:04,538 - MemeticAlgorithm - INFO - Generation 0: Best=0.8100, Current=0.8100, Stagnation=1
2025-01-25 19:28:07,284 - MemeticAlgorithm - INFO - Generation 5: Best=0.8100, Current=0.8100, Stagnation=6
2025-01-25 19:28:09,509 - MemeticAlgorithm - INFO - Applying enhanced local search with structural neighborhoods
2025-01-25 19:28:09,530 - EnhancedLocalSearch - INFO - Starting VNS search with structural neighborhoods
2025-01-25 19:28:10,184 - EnhancedLocalSearch - INFO - Starting VNS search with structural neighborhoods
2025-01-25 19:28:10,857 - EnhancedLocalSearch - INFO - Starting VNS search with structural neighborhoods
2025-01-25 19:28:11,533 - EnhancedLocalSearch - INFO - Starting VNS search with structural neighborhoods
2025-01-25 19:28:12,801 - MemeticAlgorithm - INFO - Generation 10: Best=0.8100, Current=0.8100, Stagnation=11
2025-01-25 19:28:15,588 - MemeticAlgorithm - INFO - Generation 15: Best=0.8100, Current=0.8100, Stagnation=16
2025-01-25 19:28:17,805 - MemeticAlgorithm - INFO - Stopping early at generation 19 due to stagnation. Best score: 0.8100
2025-01-25 19:28:17,825 - MemeticAlgorithm - INFO - Optimization completed. Initial score: 0.8100, Final best: 0.8100
2025-01-25 19:28:17,827 - root - INFO - New best score for BBA0142: 0.8100
2025-01-25 19:28:17,827 - root - INFO - Execution 1 completed in 16.9s
2025-01-25 19:28:17,827 - root - INFO - BBA0142 best score: 0.8100
2025-01-25 19:28:17,827 - root - INFO - All instances processed successfully
