2025-01-25 18:58:12,079 - root - INFO - Starting executions with hyperparameters:
2025-01-25 18:58:12,079 - root - INFO - {
  "VNS": {
    "MIN_IMPROVEMENT": 1e-06,
    "MAX_ITER": 50,
    "MAX_NO_IMPROVE": 20,
    "PERTURBATION_SIZE": 10
  },
  "MEMETIC": {
    "MAX_GENERATIONS": 50,
    "LOCAL_SEARCH_FREQ": 10,
    "MUTATION_RATE": 0.1
  },
  "MATRIX": {
    "SCORE_DIAGONAL": {
      "min": -2,
      "max": 17
    },
    "SCORE_SIMILAR": {
      "min": -4,
      "max": 8
    },
    "SCORE_DIFFERENT": {
      "min": -8,
      "max": 4
    },
    "MAX_ADJUSTMENT": 2
  },
  "LOCAL_SEARCH": {
    "NEIGHBORHOOD_WEIGHTS": {
      "subfamily": 0.4,
      "disorder": 0.3,
      "conservation": 0.2,
      "random": 0.1
    },
    "SCORE_ADJUSTMENTS": {
      "strong": -2,
      "medium": -1,
      "weak": 1
    },
    "PATTERN_WINDOW": 2,
    "MIN_CONSERVATION": 0.1,
    "SUBFAMILY_CHANGES": 3,
    "DISORDER_CHANGES": 3,
    "CONSERVATION_TOP_N": 5,
    "RANDOM_CHANGES": 3,
    "USE_DISORDER_INFO": true,
    "BLOCK_SCORE_THRESHOLD": 25,
    "HIGH_SCORE_BLOCKS": 3,
    "SAMPLES_PER_BLOCK": 2
  },
  "EXECUTION": {
    "MATRICES_PER_INSTANCE": 1,
    "EVAL_SAMPLES": 1,
    "SEED": null
  }
}
2025-01-25 18:58:12,079 - root - INFO - 
Processing instance BBA0142
2025-01-25 18:58:12,080 - root - INFO - Starting execution 1/1 for BBA0142
2025-01-25 18:58:12,354 - MemeticAlgorithm - INFO - Initial best fitness: 0.9290
2025-01-25 18:58:12,354 - MemeticAlgorithm - INFO - Starting memetic optimization
2025-01-25 18:58:12,355 - MemeticAlgorithm - INFO - Applying enhanced local search with structural neighborhoods
2025-01-25 18:58:12,376 - EnhancedLocalSearch - INFO - Starting VNS search with structural neighborhoods
2025-01-25 18:58:13,034 - EnhancedLocalSearch - INFO - Starting VNS search with structural neighborhoods
2025-01-25 18:58:13,659 - EnhancedLocalSearch - INFO - Starting VNS search with structural neighborhoods
2025-01-25 18:58:14,283 - EnhancedLocalSearch - INFO - Starting VNS search with structural neighborhoods
2025-01-25 18:58:15,414 - MemeticAlgorithm - INFO - Generation 0: Best=0.9290, Master=0.9290, Stagnation=1
2025-01-25 18:58:17,953 - MemeticAlgorithm - INFO - Generation 5: Best=0.9290, Master=0.9290, Stagnation=6
2025-01-25 18:58:20,090 - MemeticAlgorithm - INFO - Applying enhanced local search with structural neighborhoods
2025-01-25 18:58:20,112 - EnhancedLocalSearch - INFO - Starting VNS search with structural neighborhoods
2025-01-25 18:58:20,774 - EnhancedLocalSearch - INFO - Starting VNS search with structural neighborhoods
2025-01-25 18:58:21,461 - EnhancedLocalSearch - INFO - Starting VNS search with structural neighborhoods
2025-01-25 18:58:22,158 - EnhancedLocalSearch - INFO - Starting VNS search with structural neighborhoods
2025-01-25 18:58:23,336 - MemeticAlgorithm - INFO - Generation 10: Best=0.9290, Master=0.9290, Stagnation=11
2025-01-25 18:58:25,999 - MemeticAlgorithm - INFO - Generation 15: Best=0.9290, Master=0.9290, Stagnation=16
2025-01-25 18:58:28,090 - MemeticAlgorithm - INFO - Stopping early due to stagnation after 19 generations
2025-01-25 18:58:28,112 - root - INFO - New best score for BBA0142: 0.9290
2025-01-25 18:58:28,112 - root - INFO - Execution 1 completed in 16.0s
2025-01-25 18:58:28,113 - root - INFO - BBA0142 best score: 0.9290
2025-01-25 18:58:28,113 - root - INFO - All instances processed successfully
2025-01-25 18:58:31,900 - root - INFO - Starting executions with hyperparameters:
2025-01-25 18:58:31,901 - root - INFO - {
  "VNS": {
    "MIN_IMPROVEMENT": 1e-06,
    "MAX_ITER": 50,
    "MAX_NO_IMPROVE": 20,
    "PERTURBATION_SIZE": 10
  },
  "MEMETIC": {
    "MAX_GENERATIONS": 50,
    "LOCAL_SEARCH_FREQ": 10,
    "MUTATION_RATE": 0.1
  },
  "MATRIX": {
    "SCORE_DIAGONAL": {
      "min": -2,
      "max": 17
    },
    "SCORE_SIMILAR": {
      "min": -4,
      "max": 8
    },
    "SCORE_DIFFERENT": {
      "min": -8,
      "max": 4
    },
    "MAX_ADJUSTMENT": 2
  },
  "LOCAL_SEARCH": {
    "NEIGHBORHOOD_WEIGHTS": {
      "subfamily": 0.4,
      "disorder": 0.3,
      "conservation": 0.2,
      "random": 0.1
    },
    "SCORE_ADJUSTMENTS": {
      "strong": -2,
      "medium": -1,
      "weak": 1
    },
    "PATTERN_WINDOW": 2,
    "MIN_CONSERVATION": 0.1,
    "SUBFAMILY_CHANGES": 3,
    "DISORDER_CHANGES": 3,
    "CONSERVATION_TOP_N": 5,
    "RANDOM_CHANGES": 3,
    "USE_DISORDER_INFO": true,
    "BLOCK_SCORE_THRESHOLD": 25,
    "HIGH_SCORE_BLOCKS": 3,
    "SAMPLES_PER_BLOCK": 2
  },
  "EXECUTION": {
    "MATRICES_PER_INSTANCE": 1,
    "EVAL_SAMPLES": 1,
    "SEED": null
  }
}
2025-01-25 18:58:31,901 - root - INFO - 
Processing instance BBA0142
2025-01-25 18:58:31,901 - root - INFO - Starting execution 1/1 for BBA0142
2025-01-25 18:58:32,175 - MemeticAlgorithm - INFO - Initial best fitness: 0.8100
2025-01-25 18:58:32,175 - MemeticAlgorithm - INFO - Starting memetic optimization
2025-01-25 18:58:32,175 - MemeticAlgorithm - INFO - Applying enhanced local search with structural neighborhoods
2025-01-25 18:58:32,196 - EnhancedLocalSearch - INFO - Starting VNS search with structural neighborhoods
2025-01-25 18:58:32,852 - EnhancedLocalSearch - INFO - Starting VNS search with structural neighborhoods
2025-01-25 18:58:33,510 - EnhancedLocalSearch - INFO - Starting VNS search with structural neighborhoods
2025-01-25 18:58:34,169 - EnhancedLocalSearch - INFO - Starting VNS search with structural neighborhoods
2025-01-25 18:58:35,331 - MemeticAlgorithm - INFO - Generation 0: Best=0.8100, Master=0.8100, Stagnation=1
2025-01-25 18:58:37,950 - MemeticAlgorithm - INFO - Generation 5: Best=0.8100, Master=0.8100, Stagnation=6
2025-01-25 18:58:40,047 - MemeticAlgorithm - INFO - New best score: 0.9290
2025-01-25 18:58:40,047 - MemeticAlgorithm - INFO - Applying enhanced local search with structural neighborhoods
2025-01-25 18:58:40,068 - EnhancedLocalSearch - INFO - Starting VNS search with structural neighborhoods
2025-01-25 18:58:40,751 - EnhancedLocalSearch - INFO - Starting VNS search with structural neighborhoods
2025-01-25 18:58:41,423 - EnhancedLocalSearch - INFO - Starting VNS search with structural neighborhoods
2025-01-25 18:58:42,079 - EnhancedLocalSearch - INFO - Starting VNS search with structural neighborhoods
2025-01-25 18:58:43,239 - MemeticAlgorithm - INFO - Generation 10: Best=0.9290, Master=0.9290, Stagnation=1
2025-01-25 18:58:45,457 - MemeticAlgorithm - INFO - Generation 15: Best=0.9290, Master=0.9290, Stagnation=6
2025-01-25 18:58:47,564 - MemeticAlgorithm - INFO - Applying enhanced local search with structural neighborhoods
2025-01-25 18:58:47,586 - EnhancedLocalSearch - INFO - Starting VNS search with structural neighborhoods
2025-01-25 18:58:48,266 - EnhancedLocalSearch - INFO - Starting VNS search with structural neighborhoods
2025-01-25 18:58:48,945 - EnhancedLocalSearch - INFO - Starting VNS search with structural neighborhoods
2025-01-25 18:58:49,619 - EnhancedLocalSearch - INFO - Starting VNS search with structural neighborhoods
2025-01-25 18:58:50,820 - MemeticAlgorithm - INFO - Generation 20: Best=0.9290, Master=0.9290, Stagnation=11
2025-01-25 18:58:53,452 - MemeticAlgorithm - INFO - Generation 25: Best=0.9290, Master=0.9290, Stagnation=16
2025-01-25 18:58:55,558 - MemeticAlgorithm - INFO - Stopping early due to stagnation after 29 generations
2025-01-25 18:58:55,583 - root - INFO - New best score for BBA0142: 0.9290
2025-01-25 18:58:55,583 - root - INFO - Execution 1 completed in 23.7s
2025-01-25 18:58:55,584 - root - INFO - BBA0142 best score: 0.9290
2025-01-25 18:58:55,584 - root - INFO - All instances processed successfully
