2025-01-24 20:18:08,585 - root - INFO - Iniciando execução com hiperparâmetros:
2025-01-24 20:18:08,586 - root - INFO - {
  "VNS": {
    "MIN_IMPROVEMENT": 1e-06,
    "MAX_ITER": 100,
    "MAX_NO_IMPROVE": 20,
    "PERTURBATION_SIZE": 5,
    "MAX_PERTURBATION": 20,
    "ESCAPE_THRESHOLD": 10,
    "SCORE_CONSTRAINTS": {
      "DIAGONAL": {
        "min": -2,
        "max": 17
      },
      "SIMILAR": {
        "min": -4,
        "max": 8
      },
      "DIFFERENT": {
        "min": -8,
        "max": 4
      }
    }
  },
  "MEMETIC": {
    "POPULATION_SIZE": 30,
    "ELITE_SIZE": 5,
    "MAX_GENERATIONS": 100,
    "LOCAL_SEARCH_FREQ": 5,
    "DIVERSITY_THRESHOLD": 0.2
  },
  "MATRIX": {
    "SCORE_DIAGONAL": {
      "min": -2,
      "max": 17
    },
    "SCORE_SIMILAR": {
      "min": -4,
      "max": 8
    },
    "SCORE_DIFFERENT": {
      "min": -8,
      "max": 4
    },
    "MAX_ADJUSTMENT": 2
  },
  "EXECUTION": {
    "NUM_RUNS": 5,
    "EVAL_SAMPLES": 1,
    "SEED": null
  }
}
2025-01-24 20:18:08,586 - root - INFO - 
Starting run 1/5
2025-01-24 20:18:08,606 - LocalSearch - INFO - Analyzing alignment: /home/augusto/projects/multiOne/BAliBASE/RV100/BBA0142.xml
2025-01-24 20:18:08,610 - LocalSearch - INFO - Analyzing substitution patterns
2025-01-24 20:18:08,619 - LocalSearch - INFO - Pattern analysis completed
2025-01-24 20:18:09,371 - MemeticAlgorithm - WARNING - No viable individuals in initial population
2025-01-24 20:18:09,371 - MemeticAlgorithm - INFO - Starting memetic optimization
2025-01-24 20:18:09,372 - MemeticAlgorithm - INFO - New best score: 0.8100
2025-01-24 20:18:09,378 - MemeticAlgorithm - INFO - Saved best matrix to: memetic/results/2025-01-24-20-18-AdaptivePAM-0.8100.txt
2025-01-24 20:18:09,380 - MemeticAlgorithm - INFO - New best score: 0.9290
2025-01-24 20:18:09,381 - MemeticAlgorithm - INFO - Saved best matrix to: memetic/results/2025-01-24-20-18-AdaptivePAM-0.9290.txt
2025-01-24 20:18:11,114 - LocalSearch - INFO - Starting VNS-ILS search (max_iter=140)
2025-01-24 20:18:12,016 - LocalSearch - INFO - New best score found: 0.8330
2025-01-24 20:18:13,634 - LocalSearch - INFO - VNS-ILS search completed. Best score: 0.8330
2025-01-24 20:18:13,634 - LocalSearch - INFO - Neighborhood frequency: success_rate=93.75%, contribution=35.71%
2025-01-24 20:18:13,634 - LocalSearch - INFO - Neighborhood conservation: success_rate=100.00%, contribution=38.10%
2025-01-24 20:18:13,634 - LocalSearch - INFO - Neighborhood group: success_rate=68.75%, contribution=26.19%
2025-01-24 20:18:13,634 - LocalSearch - INFO - Starting VNS-ILS search (max_iter=140)
2025-01-24 20:18:15,303 - LocalSearch - INFO - VNS-ILS search completed. Best score: 0.8330
2025-01-24 20:18:15,303 - LocalSearch - INFO - Neighborhood frequency: success_rate=96.15%, contribution=35.71%
2025-01-24 20:18:15,303 - LocalSearch - INFO - Neighborhood conservation: success_rate=100.00%, contribution=37.14%
2025-01-24 20:18:15,303 - LocalSearch - INFO - Neighborhood group: success_rate=73.08%, contribution=27.14%
2025-01-24 20:18:15,303 - LocalSearch - INFO - Starting VNS-ILS search (max_iter=140)
2025-01-24 20:18:16,978 - LocalSearch - INFO - VNS-ILS search completed. Best score: 0.8330
2025-01-24 20:18:16,978 - LocalSearch - INFO - Neighborhood frequency: success_rate=97.22%, contribution=35.90%
2025-01-24 20:18:16,978 - LocalSearch - INFO - Neighborhood conservation: success_rate=100.00%, contribution=36.92%
2025-01-24 20:18:16,978 - LocalSearch - INFO - Neighborhood group: success_rate=73.61%, contribution=27.18%
2025-01-24 20:18:16,979 - LocalSearch - INFO - Starting VNS-ILS search (max_iter=140)
2025-01-24 20:18:18,653 - LocalSearch - INFO - VNS-ILS search completed. Best score: 0.8330
2025-01-24 20:18:18,654 - LocalSearch - INFO - Neighborhood frequency: success_rate=95.65%, contribution=35.20%
2025-01-24 20:18:18,654 - LocalSearch - INFO - Neighborhood conservation: success_rate=100.00%, contribution=36.80%
2025-01-24 20:18:18,654 - LocalSearch - INFO - Neighborhood group: success_rate=76.09%, contribution=28.00%
2025-01-24 20:18:18,654 - LocalSearch - INFO - Starting VNS-ILS search (max_iter=140)
2025-01-24 20:18:20,350 - LocalSearch - INFO - VNS-ILS search completed. Best score: 0.8330
2025-01-24 20:18:20,350 - LocalSearch - INFO - Neighborhood frequency: success_rate=96.43%, contribution=35.29%
2025-01-24 20:18:20,350 - LocalSearch - INFO - Neighborhood conservation: success_rate=100.00%, contribution=36.60%
2025-01-24 20:18:20,350 - LocalSearch - INFO - Neighborhood group: success_rate=76.79%, contribution=28.10%
2025-01-24 20:18:20,350 - LocalSearch - INFO - Starting VNS-ILS search (max_iter=140)
2025-01-24 20:18:22,001 - LocalSearch - INFO - VNS-ILS search completed. Best score: 0.8330
2025-01-24 20:18:22,002 - LocalSearch - INFO - Neighborhood frequency: success_rate=96.97%, contribution=35.36%
2025-01-24 20:18:22,002 - LocalSearch - INFO - Neighborhood conservation: success_rate=100.00%, contribution=36.46%
2025-01-24 20:18:22,002 - LocalSearch - INFO - Neighborhood group: success_rate=77.27%, contribution=28.18%
2025-01-24 20:18:22,002 - LocalSearch - INFO - Starting VNS-ILS search (max_iter=140)
2025-01-24 20:18:23,683 - LocalSearch - INFO - VNS-ILS search completed. Best score: 0.8330
2025-01-24 20:18:23,684 - LocalSearch - INFO - Neighborhood frequency: success_rate=97.37%, contribution=35.66%
2025-01-24 20:18:23,684 - LocalSearch - INFO - Neighborhood conservation: success_rate=100.00%, contribution=36.63%
2025-01-24 20:18:23,684 - LocalSearch - INFO - Neighborhood group: success_rate=75.66%, contribution=27.71%
2025-01-24 20:18:23,684 - LocalSearch - INFO - Starting VNS-ILS search (max_iter=140)
2025-01-24 20:18:25,453 - LocalSearch - INFO - VNS-ILS search completed. Best score: 0.8330
2025-01-24 20:18:25,453 - LocalSearch - INFO - Neighborhood frequency: success_rate=97.67%, contribution=35.74%
2025-01-24 20:18:25,453 - LocalSearch - INFO - Neighborhood conservation: success_rate=100.00%, contribution=36.60%
2025-01-24 20:18:25,453 - LocalSearch - INFO - Neighborhood group: success_rate=75.58%, contribution=27.66%
2025-01-24 20:18:27,638 - LocalSearch - INFO - Starting VNS-ILS search (max_iter=190)
2025-01-24 20:18:29,323 - LocalSearch - INFO - VNS-ILS search completed. Best score: 0.8330
2025-01-24 20:18:29,323 - LocalSearch - INFO - Neighborhood frequency: success_rate=97.40%, contribution=35.69%
2025-01-24 20:18:29,323 - LocalSearch - INFO - Neighborhood conservation: success_rate=100.00%, contribution=36.64%
2025-01-24 20:18:29,324 - LocalSearch - INFO - Neighborhood group: success_rate=75.52%, contribution=27.67%
2025-01-24 20:18:29,324 - LocalSearch - INFO - Starting VNS-ILS search (max_iter=190)
2025-01-24 20:18:30,998 - LocalSearch - INFO - VNS-ILS search completed. Best score: 0.8330
2025-01-24 20:18:30,998 - LocalSearch - INFO - Neighborhood frequency: success_rate=95.75%, contribution=35.43%
2025-01-24 20:18:30,998 - LocalSearch - INFO - Neighborhood conservation: success_rate=100.00%, contribution=37.00%
2025-01-24 20:18:30,999 - LocalSearch - INFO - Neighborhood group: success_rate=74.53%, contribution=27.57%
2025-01-24 20:18:30,999 - LocalSearch - INFO - Starting VNS-ILS search (max_iter=190)
2025-01-24 20:18:30,288 - LocalSearch - INFO - VNS-ILS search completed. Best score: 0.8330
2025-01-24 20:18:30,288 - LocalSearch - INFO - Neighborhood frequency: success_rate=95.69%, contribution=35.41%
2025-01-24 20:18:30,288 - LocalSearch - INFO - Neighborhood conservation: success_rate=100.00%, contribution=37.00%
2025-01-24 20:18:30,288 - LocalSearch - INFO - Neighborhood group: success_rate=74.57%, contribution=27.59%
2025-01-24 20:18:30,288 - LocalSearch - INFO - Starting VNS-ILS search (max_iter=190)
2025-01-24 20:18:31,948 - LocalSearch - INFO - VNS-ILS search completed. Best score: 0.8330
2025-01-24 20:18:31,948 - LocalSearch - INFO - Neighborhood frequency: success_rate=96.03%, contribution=35.48%
2025-01-24 20:18:31,948 - LocalSearch - INFO - Neighborhood conservation: success_rate=100.00%, contribution=36.95%
2025-01-24 20:18:31,948 - LocalSearch - INFO - Neighborhood group: success_rate=74.60%, contribution=27.57%
2025-01-24 20:18:31,948 - LocalSearch - INFO - Starting VNS-ILS search (max_iter=190)
2025-01-24 20:18:33,662 - LocalSearch - INFO - VNS-ILS search completed. Best score: 0.8330
2025-01-24 20:18:33,662 - LocalSearch - INFO - Neighborhood frequency: success_rate=96.32%, contribution=35.69%
2025-01-24 20:18:33,662 - LocalSearch - INFO - Neighborhood conservation: success_rate=100.00%, contribution=37.06%
2025-01-24 20:18:33,662 - LocalSearch - INFO - Neighborhood group: success_rate=73.53%, contribution=27.25%
2025-01-24 20:18:33,662 - LocalSearch - INFO - Starting VNS-ILS search (max_iter=190)
2025-01-24 20:18:35,368 - LocalSearch - INFO - VNS-ILS search completed. Best score: 0.8330
2025-01-24 20:18:35,368 - LocalSearch - INFO - Neighborhood frequency: success_rate=95.55%, contribution=35.59%
2025-01-24 20:18:35,369 - LocalSearch - INFO - Neighborhood conservation: success_rate=100.00%, contribution=37.24%
2025-01-24 20:18:35,369 - LocalSearch - INFO - Neighborhood group: success_rate=72.95%, contribution=27.17%
2025-01-24 20:18:35,369 - LocalSearch - INFO - Starting VNS-ILS search (max_iter=190)
2025-01-24 20:18:37,051 - LocalSearch - INFO - VNS-ILS search completed. Best score: 0.8330
2025-01-24 20:18:37,051 - LocalSearch - INFO - Neighborhood frequency: success_rate=95.83%, contribution=35.68%
2025-01-24 20:18:37,051 - LocalSearch - INFO - Neighborhood conservation: success_rate=100.00%, contribution=37.23%
2025-01-24 20:18:37,052 - LocalSearch - INFO - Neighborhood group: success_rate=72.76%, contribution=27.09%
2025-01-24 20:18:37,052 - LocalSearch - INFO - Starting VNS-ILS search (max_iter=190)
2025-01-24 20:18:38,775 - LocalSearch - INFO - VNS-ILS search completed. Best score: 0.8330
2025-01-24 20:18:38,775 - LocalSearch - INFO - Neighborhood frequency: success_rate=96.08%, contribution=35.72%
2025-01-24 20:18:38,775 - LocalSearch - INFO - Neighborhood conservation: success_rate=100.00%, contribution=37.18%
2025-01-24 20:18:38,775 - LocalSearch - INFO - Neighborhood group: success_rate=72.89%, contribution=27.10%
2025-01-24 20:18:38,775 - LocalSearch - INFO - Starting VNS-ILS search (max_iter=190)
2025-01-24 20:18:40,505 - LocalSearch - INFO - VNS-ILS search completed. Best score: 0.8330
2025-01-24 20:18:40,505 - LocalSearch - INFO - Neighborhood frequency: success_rate=95.74%, contribution=35.77%
2025-01-24 20:18:40,505 - LocalSearch - INFO - Neighborhood conservation: success_rate=100.00%, contribution=37.37%
2025-01-24 20:18:40,505 - LocalSearch - INFO - Neighborhood group: success_rate=71.88%, contribution=26.86%
2025-01-24 20:18:40,505 - LocalSearch - INFO - Starting VNS-ILS search (max_iter=190)
2025-01-24 20:18:42,242 - LocalSearch - INFO - VNS-ILS search completed. Best score: 0.8330
2025-01-24 20:18:42,242 - LocalSearch - INFO - Neighborhood frequency: success_rate=95.97%, contribution=35.84%
2025-01-24 20:18:42,243 - LocalSearch - INFO - Neighborhood conservation: success_rate=100.00%, contribution=37.35%
2025-01-24 20:18:42,243 - LocalSearch - INFO - Neighborhood group: success_rate=71.77%, contribution=26.81%
2025-01-24 20:18:42,243 - LocalSearch - INFO - Starting VNS-ILS search (max_iter=190)
2025-01-24 20:18:43,967 - LocalSearch - INFO - VNS-ILS search completed. Best score: 0.8330
2025-01-24 20:18:43,968 - LocalSearch - INFO - Neighborhood frequency: success_rate=96.17%, contribution=35.87%
2025-01-24 20:18:43,968 - LocalSearch - INFO - Neighborhood conservation: success_rate=100.00%, contribution=37.30%
2025-01-24 20:18:43,968 - LocalSearch - INFO - Neighborhood group: success_rate=71.94%, contribution=26.83%
2025-01-24 20:18:44,035 - MemeticAlgorithm - INFO - Generation 10: Best=0.9290, Elite_avg=0.9290, Stagnation=10
2025-01-24 20:18:46,282 - LocalSearch - INFO - Starting VNS-ILS search (max_iter=200)
2025-01-24 20:18:48,016 - LocalSearch - INFO - VNS-ILS search completed. Best score: 0.8330
2025-01-24 20:18:48,016 - LocalSearch - INFO - Neighborhood frequency: success_rate=96.36%, contribution=35.80%
2025-01-24 20:18:48,016 - LocalSearch - INFO - Neighborhood conservation: success_rate=100.00%, contribution=37.15%
2025-01-24 20:18:48,016 - LocalSearch - INFO - Neighborhood group: success_rate=72.82%, contribution=27.05%
2025-01-24 20:18:48,017 - LocalSearch - INFO - Starting VNS-ILS search (max_iter=200)
2025-01-24 20:18:49,711 - LocalSearch - INFO - VNS-ILS search completed. Best score: 0.8330
2025-01-24 20:18:49,712 - LocalSearch - INFO - Neighborhood frequency: success_rate=96.53%, contribution=35.82%
2025-01-24 20:18:49,712 - LocalSearch - INFO - Neighborhood conservation: success_rate=100.00%, contribution=37.11%
2025-01-24 20:18:49,712 - LocalSearch - INFO - Neighborhood group: success_rate=72.92%, contribution=27.06%
2025-01-24 20:18:49,712 - LocalSearch - INFO - Starting VNS-ILS search (max_iter=200)
2025-01-24 20:18:51,395 - LocalSearch - INFO - VNS-ILS search completed. Best score: 0.8330
2025-01-24 20:18:51,396 - LocalSearch - INFO - Neighborhood frequency: success_rate=96.68%, contribution=35.85%
2025-01-24 20:18:51,396 - LocalSearch - INFO - Neighborhood conservation: success_rate=100.00%, contribution=37.08%
2025-01-24 20:18:51,396 - LocalSearch - INFO - Neighborhood group: success_rate=73.01%, contribution=27.07%
2025-01-24 20:18:51,396 - LocalSearch - INFO - Starting VNS-ILS search (max_iter=200)
2025-01-24 20:18:53,090 - LocalSearch - INFO - VNS-ILS search completed. Best score: 0.8330
2025-01-24 20:18:53,090 - LocalSearch - INFO - Neighborhood frequency: success_rate=96.61%, contribution=35.82%
2025-01-24 20:18:53,090 - LocalSearch - INFO - Neighborhood conservation: success_rate=100.00%, contribution=37.08%
2025-01-24 20:18:53,091 - LocalSearch - INFO - Neighborhood group: success_rate=73.09%, contribution=27.10%
2025-01-24 20:18:53,091 - LocalSearch - INFO - Starting VNS-ILS search (max_iter=200)
2025-01-24 20:18:54,768 - LocalSearch - INFO - VNS-ILS search completed. Best score: 0.8330
2025-01-24 20:18:54,768 - LocalSearch - INFO - Neighborhood frequency: success_rate=96.54%, contribution=35.88%
2025-01-24 20:18:54,768 - LocalSearch - INFO - Neighborhood conservation: success_rate=100.00%, contribution=37.16%
2025-01-24 20:18:54,768 - LocalSearch - INFO - Neighborhood group: success_rate=72.56%, contribution=26.96%
2025-01-24 20:18:54,769 - LocalSearch - INFO - Starting VNS-ILS search (max_iter=200)
2025-01-24 20:18:56,438 - LocalSearch - INFO - VNS-ILS search completed. Best score: 0.8330
2025-01-24 20:18:56,438 - LocalSearch - INFO - Neighborhood frequency: success_rate=96.68%, contribution=35.90%
2025-01-24 20:18:56,438 - LocalSearch - INFO - Neighborhood conservation: success_rate=100.00%, contribution=37.13%
2025-01-24 20:18:56,438 - LocalSearch - INFO - Neighborhood group: success_rate=72.66%, contribution=26.98%
2025-01-24 20:18:56,438 - LocalSearch - INFO - Starting VNS-ILS search (max_iter=200)
2025-01-24 20:18:58,135 - LocalSearch - INFO - VNS-ILS search completed. Best score: 0.8330
2025-01-24 20:18:58,135 - LocalSearch - INFO - Neighborhood frequency: success_rate=96.80%, contribution=35.89%
2025-01-24 20:18:58,135 - LocalSearch - INFO - Neighborhood conservation: success_rate=100.00%, contribution=37.07%
2025-01-24 20:18:58,135 - LocalSearch - INFO - Neighborhood group: success_rate=72.93%, contribution=27.04%
2025-01-24 20:18:58,135 - LocalSearch - INFO - Starting VNS-ILS search (max_iter=200)
2025-01-24 20:18:59,822 - LocalSearch - INFO - VNS-ILS search completed. Best score: 0.8330
2025-01-24 20:18:59,822 - LocalSearch - INFO - Neighborhood frequency: success_rate=96.92%, contribution=35.95%
2025-01-24 20:18:59,822 - LocalSearch - INFO - Neighborhood conservation: success_rate=100.00%, contribution=37.10%
2025-01-24 20:18:59,822 - LocalSearch - INFO - Neighborhood group: success_rate=72.64%, contribution=26.95%
2025-01-24 20:18:59,822 - LocalSearch - INFO - Starting VNS-ILS search (max_iter=200)
2025-01-24 20:19:01,494 - LocalSearch - INFO - VNS-ILS search completed. Best score: 0.8330
2025-01-24 20:19:01,494 - LocalSearch - INFO - Neighborhood frequency: success_rate=97.03%, contribution=36.04%
2025-01-24 20:19:01,494 - LocalSearch - INFO - Neighborhood conservation: success_rate=100.00%, contribution=37.14%
2025-01-24 20:19:01,494 - LocalSearch - INFO - Neighborhood group: success_rate=72.20%, contribution=26.82%
2025-01-24 20:19:01,494 - LocalSearch - INFO - Starting VNS-ILS search (max_iter=200)
2025-01-24 20:19:00,685 - LocalSearch - INFO - VNS-ILS search completed. Best score: 0.8330
2025-01-24 20:19:00,685 - LocalSearch - INFO - Neighborhood frequency: success_rate=96.96%, contribution=36.01%
2025-01-24 20:19:00,685 - LocalSearch - INFO - Neighborhood conservation: success_rate=100.00%, contribution=37.14%
2025-01-24 20:19:00,685 - LocalSearch - INFO - Neighborhood group: success_rate=72.30%, contribution=26.85%
2025-01-24 20:19:00,685 - LocalSearch - INFO - Starting VNS-ILS search (max_iter=200)
2025-01-24 20:19:02,352 - LocalSearch - INFO - VNS-ILS search completed. Best score: 0.8330
2025-01-24 20:19:02,353 - LocalSearch - INFO - Neighborhood frequency: success_rate=97.06%, contribution=36.02%
2025-01-24 20:19:02,353 - LocalSearch - INFO - Neighborhood conservation: success_rate=100.00%, contribution=37.11%
2025-01-24 20:19:02,353 - LocalSearch - INFO - Neighborhood group: success_rate=72.39%, contribution=26.86%
2025-01-24 20:19:02,353 - LocalSearch - INFO - Starting VNS-ILS search (max_iter=200)
2025-01-24 20:19:04,059 - LocalSearch - INFO - VNS-ILS search completed. Best score: 0.8330
2025-01-24 20:19:04,059 - LocalSearch - INFO - Neighborhood frequency: success_rate=96.68%, contribution=35.90%
2025-01-24 20:19:04,059 - LocalSearch - INFO - Neighborhood conservation: success_rate=100.00%, contribution=37.13%
2025-01-24 20:19:04,059 - LocalSearch - INFO - Neighborhood group: success_rate=72.63%, contribution=26.97%
2025-01-24 20:19:06,349 - LocalSearch - INFO - Starting VNS-ILS search (max_iter=200)
2025-01-24 20:19:08,113 - LocalSearch - INFO - VNS-ILS search completed. Best score: 0.8330
2025-01-24 20:19:08,113 - LocalSearch - INFO - Neighborhood frequency: success_rate=96.78%, contribution=35.91%
2025-01-24 20:19:08,113 - LocalSearch - INFO - Neighborhood conservation: success_rate=100.00%, contribution=37.11%
2025-01-24 20:19:08,113 - LocalSearch - INFO - Neighborhood group: success_rate=72.70%, contribution=26.98%
2025-01-24 20:19:08,114 - LocalSearch - INFO - Starting VNS-ILS search (max_iter=200)
2025-01-24 20:19:09,901 - LocalSearch - INFO - VNS-ILS search completed. Best score: 0.8330
2025-01-24 20:19:09,902 - LocalSearch - INFO - Neighborhood frequency: success_rate=96.88%, contribution=35.87%
2025-01-24 20:19:09,902 - LocalSearch - INFO - Neighborhood conservation: success_rate=100.00%, contribution=37.02%
2025-01-24 20:19:09,902 - LocalSearch - INFO - Neighborhood group: success_rate=73.21%, contribution=27.11%
2025-01-24 20:19:09,902 - LocalSearch - INFO - Starting VNS-ILS search (max_iter=200)
2025-01-24 20:19:11,682 - LocalSearch - INFO - VNS-ILS search completed. Best score: 0.8330
2025-01-24 20:19:11,682 - LocalSearch - INFO - Neighborhood frequency: success_rate=96.97%, contribution=35.90%
2025-01-24 20:19:11,683 - LocalSearch - INFO - Neighborhood conservation: success_rate=100.00%, contribution=37.03%
2025-01-24 20:19:11,683 - LocalSearch - INFO - Neighborhood group: success_rate=73.12%, contribution=27.07%
2025-01-24 20:19:11,683 - LocalSearch - INFO - Starting VNS-ILS search (max_iter=200)
2025-01-24 20:19:13,398 - LocalSearch - INFO - VNS-ILS search completed. Best score: 0.8330
2025-01-24 20:19:13,398 - LocalSearch - INFO - Neighborhood frequency: success_rate=96.77%, contribution=35.87%
2025-01-24 20:19:13,398 - LocalSearch - INFO - Neighborhood conservation: success_rate=100.00%, contribution=37.06%
2025-01-24 20:19:13,398 - LocalSearch - INFO - Neighborhood group: success_rate=73.03%, contribution=27.07%
2025-01-24 20:19:13,399 - LocalSearch - INFO - Starting VNS-ILS search (max_iter=200)
2025-01-24 20:19:15,127 - LocalSearch - INFO - VNS-ILS search completed. Best score: 0.8330
2025-01-24 20:19:15,127 - LocalSearch - INFO - Neighborhood frequency: success_rate=96.86%, contribution=35.88%
2025-01-24 20:19:15,128 - LocalSearch - INFO - Neighborhood conservation: success_rate=100.00%, contribution=37.04%
2025-01-24 20:19:15,128 - LocalSearch - INFO - Neighborhood group: success_rate=73.09%, contribution=27.07%
2025-01-24 20:19:15,128 - LocalSearch - INFO - Starting VNS-ILS search (max_iter=200)
2025-01-24 20:19:16,652 - LocalSearch - INFO - New best score found: 0.9290
2025-01-24 20:19:18,357 - LocalSearch - INFO - VNS-ILS search completed. Best score: 0.9290
2025-01-24 20:19:18,357 - LocalSearch - INFO - Neighborhood frequency: success_rate=97.01%, contribution=36.02%
2025-01-24 20:19:18,357 - LocalSearch - INFO - Neighborhood conservation: success_rate=100.00%, contribution=37.13%
2025-01-24 20:19:18,357 - LocalSearch - INFO - Neighborhood group: success_rate=72.34%, contribution=26.86%
2025-01-24 20:19:18,357 - LocalSearch - INFO - Starting VNS-ILS search (max_iter=200)
2025-01-24 20:19:20,099 - LocalSearch - INFO - VNS-ILS search completed. Best score: 0.9290
2025-01-24 20:19:20,099 - LocalSearch - INFO - Neighborhood frequency: success_rate=96.84%, contribution=36.05%
2025-01-24 20:19:20,099 - LocalSearch - INFO - Neighborhood conservation: success_rate=100.00%, contribution=37.23%
2025-01-24 20:19:20,099 - LocalSearch - INFO - Neighborhood group: success_rate=71.77%, contribution=26.72%
2025-01-24 20:19:20,099 - LocalSearch - INFO - Starting VNS-ILS search (max_iter=200)
2025-01-24 20:19:21,854 - LocalSearch - INFO - VNS-ILS search completed. Best score: 0.9290
2025-01-24 20:19:21,854 - LocalSearch - INFO - Neighborhood frequency: success_rate=96.91%, contribution=36.11%
2025-01-24 20:19:21,854 - LocalSearch - INFO - Neighborhood conservation: success_rate=100.00%, contribution=37.26%
2025-01-24 20:19:21,854 - LocalSearch - INFO - Neighborhood group: success_rate=71.48%, contribution=26.63%
2025-01-24 20:19:21,854 - LocalSearch - INFO - Starting VNS-ILS search (max_iter=200)
2025-01-24 20:19:23,610 - LocalSearch - INFO - VNS-ILS search completed. Best score: 0.9290
2025-01-24 20:19:23,610 - LocalSearch - INFO - Neighborhood frequency: success_rate=96.51%, contribution=36.05%
2025-01-24 20:19:23,611 - LocalSearch - INFO - Neighborhood conservation: success_rate=100.00%, contribution=37.35%
2025-01-24 20:19:23,611 - LocalSearch - INFO - Neighborhood group: success_rate=71.20%, contribution=26.60%
2025-01-24 20:19:23,611 - LocalSearch - INFO - Starting VNS-ILS search (max_iter=200)
2025-01-24 20:19:25,352 - LocalSearch - INFO - VNS-ILS search completed. Best score: 0.9290
2025-01-24 20:19:25,352 - LocalSearch - INFO - Neighborhood frequency: success_rate=96.59%, contribution=36.15%
2025-01-24 20:19:25,352 - LocalSearch - INFO - Neighborhood conservation: success_rate=100.00%, contribution=37.43%
2025-01-24 20:19:25,352 - LocalSearch - INFO - Neighborhood group: success_rate=70.59%, contribution=26.42%
2025-01-24 20:19:25,352 - LocalSearch - INFO - Starting VNS-ILS search (max_iter=200)
2025-01-24 20:19:27,087 - LocalSearch - INFO - VNS-ILS search completed. Best score: 0.9290
2025-01-24 20:19:27,087 - LocalSearch - INFO - Neighborhood frequency: success_rate=96.67%, contribution=36.25%
2025-01-24 20:19:27,087 - LocalSearch - INFO - Neighborhood conservation: success_rate=100.00%, contribution=37.50%
2025-01-24 20:19:27,087 - LocalSearch - INFO - Neighborhood group: success_rate=70.00%, contribution=26.25%
2025-01-24 20:19:27,087 - LocalSearch - INFO - Starting VNS-ILS search (max_iter=200)
2025-01-24 20:19:28,887 - LocalSearch - INFO - VNS-ILS search completed. Best score: 0.9290
2025-01-24 20:19:28,888 - LocalSearch - INFO - Neighborhood frequency: success_rate=96.74%, contribution=36.34%
2025-01-24 20:19:28,888 - LocalSearch - INFO - Neighborhood conservation: success_rate=100.00%, contribution=37.57%
2025-01-24 20:19:28,888 - LocalSearch - INFO - Neighborhood group: success_rate=69.44%, contribution=26.09%
2025-01-24 20:19:28,998 - MemeticAlgorithm - INFO - Generation 20: Best=0.9290, Elite_avg=0.9290, Stagnation=20
2025-01-24 20:19:29,494 - MemeticAlgorithm - INFO - Applying partial restart due to stagnation
2025-01-24 20:19:29,511 - MemeticAlgorithm - INFO - Partial restart: kept 6 individuals
2025-01-24 20:19:29,757 - MemeticAlgorithm - INFO - Applying partial restart due to stagnation
2025-01-24 20:19:29,777 - MemeticAlgorithm - INFO - Partial restart: kept 6 individuals
2025-01-24 20:19:30,483 - MemeticAlgorithm - INFO - Applying partial restart due to stagnation
2025-01-24 20:19:30,497 - MemeticAlgorithm - INFO - Partial restart: kept 6 individuals
2025-01-24 20:19:30,802 - LocalSearch - INFO - Starting VNS-ILS search (max_iter=200)
2025-01-24 20:19:30,297 - LocalSearch - INFO - VNS-ILS search completed. Best score: 0.9290
2025-01-24 20:19:30,297 - LocalSearch - INFO - Neighborhood frequency: success_rate=96.70%, contribution=36.41%
2025-01-24 20:19:30,297 - LocalSearch - INFO - Neighborhood conservation: success_rate=100.00%, contribution=37.65%
2025-01-24 20:19:30,297 - LocalSearch - INFO - Neighborhood group: success_rate=68.90%, contribution=25.94%
2025-01-24 20:19:30,297 - LocalSearch - INFO - Starting VNS-ILS search (max_iter=200)
2025-01-24 20:19:32,276 - LocalSearch - INFO - VNS-ILS search completed. Best score: 0.9290
2025-01-24 20:19:32,276 - LocalSearch - INFO - Neighborhood frequency: success_rate=96.56%, contribution=36.37%
2025-01-24 20:19:32,276 - LocalSearch - INFO - Neighborhood conservation: success_rate=100.00%, contribution=37.67%
2025-01-24 20:19:32,276 - LocalSearch - INFO - Neighborhood group: success_rate=68.92%, contribution=25.96%
2025-01-24 20:19:32,276 - LocalSearch - INFO - Starting VNS-ILS search (max_iter=200)
2025-01-24 20:19:34,105 - LocalSearch - INFO - VNS-ILS search completed. Best score: 0.9290
2025-01-24 20:19:34,105 - LocalSearch - INFO - Neighborhood frequency: success_rate=96.53%, contribution=36.42%
2025-01-24 20:19:34,105 - LocalSearch - INFO - Neighborhood conservation: success_rate=100.00%, contribution=37.73%
2025-01-24 20:19:34,105 - LocalSearch - INFO - Neighborhood group: success_rate=68.53%, contribution=25.85%
2025-01-24 20:19:34,106 - LocalSearch - INFO - Starting VNS-ILS search (max_iter=200)
2025-01-24 20:19:35,881 - LocalSearch - INFO - VNS-ILS search completed. Best score: 0.9290
2025-01-24 20:19:35,882 - LocalSearch - INFO - Neighborhood frequency: success_rate=96.49%, contribution=36.42%
2025-01-24 20:19:35,882 - LocalSearch - INFO - Neighborhood conservation: success_rate=100.00%, contribution=37.74%
2025-01-24 20:19:35,882 - LocalSearch - INFO - Neighborhood group: success_rate=68.45%, contribution=25.84%
2025-01-24 20:19:35,882 - LocalSearch - INFO - Starting VNS-ILS search (max_iter=200)
2025-01-24 20:19:37,665 - LocalSearch - INFO - VNS-ILS search completed. Best score: 0.9290
2025-01-24 20:19:37,665 - LocalSearch - INFO - Neighborhood frequency: success_rate=96.26%, contribution=36.49%
2025-01-24 20:19:37,666 - LocalSearch - INFO - Neighborhood conservation: success_rate=100.00%, contribution=37.90%
2025-01-24 20:19:37,666 - LocalSearch - INFO - Neighborhood group: success_rate=67.58%, contribution=25.61%
2025-01-24 20:19:37,666 - LocalSearch - INFO - Starting VNS-ILS search (max_iter=200)
2025-01-24 20:19:39,523 - LocalSearch - INFO - VNS-ILS search completed. Best score: 0.9290
2025-01-24 20:19:39,523 - LocalSearch - INFO - Neighborhood frequency: success_rate=96.34%, contribution=36.52%
2025-01-24 20:19:39,523 - LocalSearch - INFO - Neighborhood conservation: success_rate=100.00%, contribution=37.91%
2025-01-24 20:19:39,524 - LocalSearch - INFO - Neighborhood group: success_rate=67.43%, contribution=25.56%
2025-01-24 20:19:39,524 - LocalSearch - INFO - Starting VNS-ILS search (max_iter=200)
2025-01-24 20:19:41,316 - LocalSearch - INFO - VNS-ILS search completed. Best score: 0.9290
2025-01-24 20:19:41,316 - LocalSearch - INFO - Neighborhood frequency: success_rate=96.12%, contribution=36.54%
2025-01-24 20:19:41,316 - LocalSearch - INFO - Neighborhood conservation: success_rate=100.00%, contribution=38.02%
2025-01-24 20:19:41,316 - LocalSearch - INFO - Neighborhood group: success_rate=66.89%, contribution=25.43%
2025-01-24 20:19:41,317 - LocalSearch - INFO - Starting VNS-ILS search (max_iter=200)
2025-01-24 20:19:43,103 - LocalSearch - INFO - VNS-ILS search completed. Best score: 0.9290
2025-01-24 20:19:43,103 - LocalSearch - INFO - Neighborhood frequency: success_rate=96.19%, contribution=36.55%
2025-01-24 20:19:43,103 - LocalSearch - INFO - Neighborhood conservation: success_rate=100.00%, contribution=38.00%
2025-01-24 20:19:43,103 - LocalSearch - INFO - Neighborhood group: success_rate=66.95%, contribution=25.44%
2025-01-24 20:19:43,103 - LocalSearch - INFO - Starting VNS-ILS search (max_iter=200)
2025-01-24 20:19:44,850 - LocalSearch - INFO - VNS-ILS search completed. Best score: 0.9290
2025-01-24 20:19:44,850 - LocalSearch - INFO - Neighborhood frequency: success_rate=96.26%, contribution=36.67%
2025-01-24 20:19:44,850 - LocalSearch - INFO - Neighborhood conservation: success_rate=100.00%, contribution=38.09%
2025-01-24 20:19:44,850 - LocalSearch - INFO - Neighborhood group: success_rate=66.26%, contribution=25.24%
2025-01-24 20:19:44,850 - LocalSearch - INFO - Starting VNS-ILS search (max_iter=200)
2025-01-24 20:19:46,607 - LocalSearch - INFO - VNS-ILS search completed. Best score: 0.9290
2025-01-24 20:19:46,607 - LocalSearch - INFO - Neighborhood frequency: success_rate=96.33%, contribution=36.76%
2025-01-24 20:19:46,607 - LocalSearch - INFO - Neighborhood conservation: success_rate=100.00%, contribution=38.17%
2025-01-24 20:19:46,608 - LocalSearch - INFO - Neighborhood group: success_rate=65.69%, contribution=25.07%
2025-01-24 20:19:46,608 - LocalSearch - INFO - Starting VNS-ILS search (max_iter=200)
2025-01-24 20:19:48,389 - LocalSearch - INFO - VNS-ILS search completed. Best score: 0.9290
2025-01-24 20:19:48,389 - LocalSearch - INFO - Neighborhood frequency: success_rate=96.40%, contribution=36.81%
2025-01-24 20:19:48,389 - LocalSearch - INFO - Neighborhood conservation: success_rate=100.00%, contribution=38.18%
2025-01-24 20:19:48,390 - LocalSearch - INFO - Neighborhood group: success_rate=65.50%, contribution=25.01%
2025-01-24 20:19:48,390 - LocalSearch - INFO - Starting VNS-ILS search (max_iter=200)
2025-01-24 20:19:50,188 - LocalSearch - INFO - VNS-ILS search completed. Best score: 0.9290
2025-01-24 20:19:50,188 - LocalSearch - INFO - Neighborhood frequency: success_rate=96.28%, contribution=36.82%
2025-01-24 20:19:50,188 - LocalSearch - INFO - Neighborhood conservation: success_rate=100.00%, contribution=38.24%
2025-01-24 20:19:50,188 - LocalSearch - INFO - Neighborhood group: success_rate=65.22%, contribution=24.94%
2025-01-24 20:19:51,736 - MemeticAlgorithm - INFO - Applying partial restart due to stagnation
2025-01-24 20:19:51,755 - MemeticAlgorithm - INFO - Partial restart: kept 6 individuals
2025-01-24 20:19:52,463 - LocalSearch - INFO - Starting VNS-ILS search (max_iter=200)
2025-01-24 20:19:54,194 - LocalSearch - INFO - VNS-ILS search completed. Best score: 0.9290
2025-01-24 20:19:54,195 - LocalSearch - INFO - Neighborhood frequency: success_rate=96.35%, contribution=36.82%
2025-01-24 20:19:54,195 - LocalSearch - INFO - Neighborhood conservation: success_rate=100.00%, contribution=38.22%
2025-01-24 20:19:54,195 - LocalSearch - INFO - Neighborhood group: success_rate=65.30%, contribution=24.96%
2025-01-24 20:19:54,195 - LocalSearch - INFO - Starting VNS-ILS search (max_iter=200)
2025-01-24 20:19:55,952 - LocalSearch - INFO - VNS-ILS search completed. Best score: 0.9290
2025-01-24 20:19:55,952 - LocalSearch - INFO - Neighborhood frequency: success_rate=96.41%, contribution=36.89%
2025-01-24 20:19:55,952 - LocalSearch - INFO - Neighborhood conservation: success_rate=100.00%, contribution=38.26%
2025-01-24 20:19:55,952 - LocalSearch - INFO - Neighborhood group: success_rate=64.96%, contribution=24.85%
2025-01-24 20:19:55,952 - LocalSearch - INFO - Starting VNS-ILS search (max_iter=200)
2025-01-24 20:19:57,704 - LocalSearch - INFO - VNS-ILS search completed. Best score: 0.9290
2025-01-24 20:19:57,704 - LocalSearch - INFO - Neighborhood frequency: success_rate=96.47%, contribution=36.94%
2025-01-24 20:19:57,704 - LocalSearch - INFO - Neighborhood conservation: success_rate=100.00%, contribution=38.29%
2025-01-24 20:19:57,704 - LocalSearch - INFO - Neighborhood group: success_rate=64.71%, contribution=24.77%
2025-01-24 20:19:57,704 - LocalSearch - INFO - Starting VNS-ILS search (max_iter=200)
2025-01-24 20:19:59,535 - LocalSearch - INFO - VNS-ILS search completed. Best score: 0.9290
2025-01-24 20:19:59,535 - LocalSearch - INFO - Neighborhood frequency: success_rate=96.53%, contribution=36.96%
2025-01-24 20:19:59,535 - LocalSearch - INFO - Neighborhood conservation: success_rate=100.00%, contribution=38.29%
2025-01-24 20:19:59,535 - LocalSearch - INFO - Neighborhood group: success_rate=64.63%, contribution=24.75%
2025-01-24 20:19:59,536 - LocalSearch - INFO - Starting VNS-ILS search (max_iter=200)
2025-01-24 20:20:01,315 - LocalSearch - INFO - VNS-ILS search completed. Best score: 0.9290
2025-01-24 20:20:01,315 - LocalSearch - INFO - Neighborhood frequency: success_rate=96.50%, contribution=37.00%
2025-01-24 20:20:01,315 - LocalSearch - INFO - Neighborhood conservation: success_rate=100.00%, contribution=38.34%
2025-01-24 20:20:01,315 - LocalSearch - INFO - Neighborhood group: success_rate=64.31%, contribution=24.66%
2025-01-24 20:20:01,315 - LocalSearch - INFO - Starting VNS-ILS search (max_iter=200)
2025-01-24 20:20:00,591 - LocalSearch - INFO - VNS-ILS search completed. Best score: 0.9290
2025-01-24 20:20:00,592 - LocalSearch - INFO - Neighborhood frequency: success_rate=96.32%, contribution=36.98%
2025-01-24 20:20:00,592 - LocalSearch - INFO - Neighborhood conservation: success_rate=100.00%, contribution=38.39%
2025-01-24 20:20:00,592 - LocalSearch - INFO - Neighborhood group: success_rate=64.16%, contribution=24.63%
2025-01-24 20:20:00,592 - LocalSearch - INFO - Starting VNS-ILS search (max_iter=200)
2025-01-24 20:20:02,328 - LocalSearch - INFO - VNS-ILS search completed. Best score: 0.9290
2025-01-24 20:20:02,328 - LocalSearch - INFO - Neighborhood frequency: success_rate=96.38%, contribution=36.99%
2025-01-24 20:20:02,328 - LocalSearch - INFO - Neighborhood conservation: success_rate=100.00%, contribution=38.38%
2025-01-24 20:20:02,328 - LocalSearch - INFO - Neighborhood group: success_rate=64.17%, contribution=24.63%
2025-01-24 20:20:02,328 - LocalSearch - INFO - Starting VNS-ILS search (max_iter=200)
2025-01-24 20:20:04,089 - LocalSearch - INFO - VNS-ILS search completed. Best score: 0.9290
2025-01-24 20:20:04,089 - LocalSearch - INFO - Neighborhood frequency: success_rate=96.43%, contribution=36.99%
2025-01-24 20:20:04,089 - LocalSearch - INFO - Neighborhood conservation: success_rate=100.00%, contribution=38.36%
2025-01-24 20:20:04,090 - LocalSearch - INFO - Neighborhood group: success_rate=64.26%, contribution=24.65%
2025-01-24 20:20:04,090 - LocalSearch - INFO - Starting VNS-ILS search (max_iter=200)
2025-01-24 20:20:05,910 - LocalSearch - INFO - VNS-ILS search completed. Best score: 0.9290
2025-01-24 20:20:05,910 - LocalSearch - INFO - Neighborhood frequency: success_rate=96.49%, contribution=37.06%
2025-01-24 20:20:05,910 - LocalSearch - INFO - Neighborhood conservation: success_rate=100.00%, contribution=38.41%
2025-01-24 20:20:05,910 - LocalSearch - INFO - Neighborhood group: success_rate=63.89%, contribution=24.54%
2025-01-24 20:20:05,910 - LocalSearch - INFO - Starting VNS-ILS search (max_iter=200)
2025-01-24 20:20:07,650 - LocalSearch - INFO - VNS-ILS search completed. Best score: 0.9290
2025-01-24 20:20:07,650 - LocalSearch - INFO - Neighborhood frequency: success_rate=96.47%, contribution=37.11%
2025-01-24 20:20:07,650 - LocalSearch - INFO - Neighborhood conservation: success_rate=100.00%, contribution=38.47%
2025-01-24 20:20:07,650 - LocalSearch - INFO - Neighborhood group: success_rate=63.46%, contribution=24.41%
2025-01-24 20:20:07,650 - LocalSearch - INFO - Starting VNS-ILS search (max_iter=200)
2025-01-24 20:20:09,380 - LocalSearch - INFO - VNS-ILS search completed. Best score: 0.9290
2025-01-24 20:20:09,380 - LocalSearch - INFO - Neighborhood frequency: success_rate=96.44%, contribution=37.12%
2025-01-24 20:20:09,380 - LocalSearch - INFO - Neighborhood conservation: success_rate=100.00%, contribution=38.48%
2025-01-24 20:20:09,380 - LocalSearch - INFO - Neighborhood group: success_rate=63.41%, contribution=24.40%
2025-01-24 20:20:09,381 - LocalSearch - INFO - Starting VNS-ILS search (max_iter=200)
2025-01-24 20:20:11,197 - LocalSearch - INFO - VNS-ILS search completed. Best score: 0.9290
2025-01-24 20:20:11,198 - LocalSearch - INFO - Neighborhood frequency: success_rate=96.42%, contribution=37.10%
2025-01-24 20:20:11,198 - LocalSearch - INFO - Neighborhood conservation: success_rate=100.00%, contribution=38.47%
2025-01-24 20:20:11,198 - LocalSearch - INFO - Neighborhood group: success_rate=63.50%, contribution=24.43%
2025-01-24 20:20:11,265 - MemeticAlgorithm - INFO - Generation 30: Best=0.9290, Elite_avg=0.9290, Stagnation=30
2025-01-24 20:20:12,048 - MemeticAlgorithm - INFO - Applying partial restart due to stagnation
2025-01-24 20:20:12,061 - MemeticAlgorithm - INFO - Partial restart: kept 6 individuals
2025-01-24 20:20:12,321 - MemeticAlgorithm - INFO - Applying partial restart due to stagnation
2025-01-24 20:20:12,334 - MemeticAlgorithm - INFO - Partial restart: kept 6 individuals
2025-01-24 20:20:12,651 - MemeticAlgorithm - INFO - Applying partial restart due to stagnation
2025-01-24 20:20:12,662 - MemeticAlgorithm - INFO - Partial restart: kept 6 individuals
2025-01-24 20:20:13,061 - LocalSearch - INFO - Starting VNS-ILS search (max_iter=200)
2025-01-24 20:20:14,872 - LocalSearch - INFO - VNS-ILS search completed. Best score: 0.9290
2025-01-24 20:20:14,872 - LocalSearch - INFO - Neighborhood frequency: success_rate=96.26%, contribution=37.06%
2025-01-24 20:20:14,872 - LocalSearch - INFO - Neighborhood conservation: success_rate=100.00%, contribution=38.50%
2025-01-24 20:20:14,872 - LocalSearch - INFO - Neighborhood group: success_rate=63.45%, contribution=24.43%
2025-01-24 20:20:14,872 - LocalSearch - INFO - Starting VNS-ILS search (max_iter=200)
2025-01-24 20:20:16,710 - LocalSearch - INFO - VNS-ILS search completed. Best score: 0.9290
2025-01-24 20:20:16,710 - LocalSearch - INFO - Neighborhood frequency: success_rate=96.24%, contribution=37.09%
2025-01-24 20:20:16,710 - LocalSearch - INFO - Neighborhood conservation: success_rate=100.00%, contribution=38.54%
2025-01-24 20:20:16,711 - LocalSearch - INFO - Neighborhood group: success_rate=63.26%, contribution=24.38%
2025-01-24 20:20:16,711 - LocalSearch - INFO - Starting VNS-ILS search (max_iter=200)
2025-01-24 20:20:18,453 - LocalSearch - INFO - VNS-ILS search completed. Best score: 0.9290
2025-01-24 20:20:18,454 - LocalSearch - INFO - Neighborhood frequency: success_rate=96.22%, contribution=37.06%
2025-01-24 20:20:18,454 - LocalSearch - INFO - Neighborhood conservation: success_rate=100.00%, contribution=38.51%
2025-01-24 20:20:18,454 - LocalSearch - INFO - Neighborhood group: success_rate=63.43%, contribution=24.43%
2025-01-24 20:20:18,454 - LocalSearch - INFO - Starting VNS-ILS search (max_iter=200)
2025-01-24 20:20:20,202 - LocalSearch - INFO - VNS-ILS search completed. Best score: 0.9290
2025-01-24 20:20:20,202 - LocalSearch - INFO - Neighborhood frequency: success_rate=96.21%, contribution=37.06%
2025-01-24 20:20:20,202 - LocalSearch - INFO - Neighborhood conservation: success_rate=100.00%, contribution=38.52%
2025-01-24 20:20:20,202 - LocalSearch - INFO - Neighborhood group: success_rate=63.38%, contribution=24.42%
2025-01-24 20:20:20,202 - LocalSearch - INFO - Starting VNS-ILS search (max_iter=200)
2025-01-24 20:20:21,960 - LocalSearch - INFO - VNS-ILS search completed. Best score: 0.9290
2025-01-24 20:20:21,960 - LocalSearch - INFO - Neighborhood frequency: success_rate=96.19%, contribution=37.06%
2025-01-24 20:20:21,960 - LocalSearch - INFO - Neighborhood conservation: success_rate=100.00%, contribution=38.53%
2025-01-24 20:20:21,960 - LocalSearch - INFO - Neighborhood group: success_rate=63.33%, contribution=24.40%
2025-01-24 20:20:21,960 - LocalSearch - INFO - Starting VNS-ILS search (max_iter=200)
2025-01-24 20:20:23,719 - LocalSearch - INFO - VNS-ILS search completed. Best score: 0.9290
2025-01-24 20:20:23,719 - LocalSearch - INFO - Neighborhood frequency: success_rate=96.11%, contribution=37.08%
2025-01-24 20:20:23,719 - LocalSearch - INFO - Neighborhood conservation: success_rate=100.00%, contribution=38.58%
2025-01-24 20:20:23,719 - LocalSearch - INFO - Neighborhood group: success_rate=63.09%, contribution=24.34%
2025-01-24 20:20:23,719 - LocalSearch - INFO - Starting VNS-ILS search (max_iter=200)
2025-01-24 20:20:25,464 - LocalSearch - INFO - VNS-ILS search completed. Best score: 0.9290
2025-01-24 20:20:25,464 - LocalSearch - INFO - Neighborhood frequency: success_rate=96.16%, contribution=37.12%
2025-01-24 20:20:25,464 - LocalSearch - INFO - Neighborhood conservation: success_rate=100.00%, contribution=38.60%
2025-01-24 20:20:25,464 - LocalSearch - INFO - Neighborhood group: success_rate=62.91%, contribution=24.28%
2025-01-24 20:20:25,464 - LocalSearch - INFO - Starting VNS-ILS search (max_iter=200)
2025-01-24 20:20:27,293 - LocalSearch - INFO - VNS-ILS search completed. Best score: 0.9290
2025-01-24 20:20:27,293 - LocalSearch - INFO - Neighborhood frequency: success_rate=96.21%, contribution=37.14%
2025-01-24 20:20:27,294 - LocalSearch - INFO - Neighborhood conservation: success_rate=100.00%, contribution=38.61%
2025-01-24 20:20:27,294 - LocalSearch - INFO - Neighborhood group: success_rate=62.81%, contribution=24.25%
2025-01-24 20:20:27,294 - LocalSearch - INFO - Starting VNS-ILS search (max_iter=200)
2025-01-24 20:20:29,060 - LocalSearch - INFO - VNS-ILS search completed. Best score: 0.9290
2025-01-24 20:20:29,060 - LocalSearch - INFO - Neighborhood frequency: success_rate=96.26%, contribution=37.14%
2025-01-24 20:20:29,060 - LocalSearch - INFO - Neighborhood conservation: success_rate=100.00%, contribution=38.59%
2025-01-24 20:20:29,060 - LocalSearch - INFO - Neighborhood group: success_rate=62.90%, contribution=24.27%
2025-01-24 20:20:29,061 - LocalSearch - INFO - Starting VNS-ILS search (max_iter=200)
2025-01-24 20:20:30,800 - LocalSearch - INFO - VNS-ILS search completed. Best score: 0.9290
2025-01-24 20:20:30,801 - LocalSearch - INFO - Neighborhood frequency: success_rate=96.18%, contribution=37.12%
2025-01-24 20:20:30,801 - LocalSearch - INFO - Neighborhood conservation: success_rate=100.00%, contribution=38.59%
2025-01-24 20:20:30,801 - LocalSearch - INFO - Neighborhood group: success_rate=62.93%, contribution=24.29%
2025-01-24 20:20:30,801 - LocalSearch - INFO - Starting VNS-ILS search (max_iter=200)
2025-01-24 20:20:30,050 - LocalSearch - INFO - VNS-ILS search completed. Best score: 0.9290
2025-01-24 20:20:30,050 - LocalSearch - INFO - Neighborhood frequency: success_rate=96.16%, contribution=37.09%
2025-01-24 20:20:30,050 - LocalSearch - INFO - Neighborhood conservation: success_rate=100.00%, contribution=38.57%
2025-01-24 20:20:30,050 - LocalSearch - INFO - Neighborhood group: success_rate=63.08%, contribution=24.33%
2025-01-24 20:20:30,050 - LocalSearch - INFO - Starting VNS-ILS search (max_iter=200)
2025-01-24 20:20:31,794 - LocalSearch - INFO - VNS-ILS search completed. Best score: 0.9290
2025-01-24 20:20:31,795 - LocalSearch - INFO - Neighborhood frequency: success_rate=96.21%, contribution=37.14%
2025-01-24 20:20:31,795 - LocalSearch - INFO - Neighborhood conservation: success_rate=100.00%, contribution=38.60%
2025-01-24 20:20:31,795 - LocalSearch - INFO - Neighborhood group: success_rate=62.86%, contribution=24.26%
2025-01-24 20:20:31,795 - MemeticAlgorithm - INFO - Applying partial restart due to stagnation
2025-01-24 20:20:31,809 - MemeticAlgorithm - INFO - Partial restart: kept 6 individuals
2025-01-24 20:20:32,093 - MemeticAlgorithm - INFO - Applying partial restart due to stagnation
2025-01-24 20:20:32,111 - MemeticAlgorithm - INFO - Partial restart: kept 6 individuals
2025-01-24 20:20:33,594 - LocalSearch - INFO - Starting VNS-ILS search (max_iter=200)
2025-01-24 20:20:35,419 - LocalSearch - INFO - VNS-ILS search completed. Best score: 0.9290
2025-01-24 20:20:35,419 - LocalSearch - INFO - Neighborhood frequency: success_rate=96.26%, contribution=37.16%
2025-01-24 20:20:35,419 - LocalSearch - INFO - Neighborhood conservation: success_rate=100.00%, contribution=38.61%
2025-01-24 20:20:35,419 - LocalSearch - INFO - Neighborhood group: success_rate=62.76%, contribution=24.23%
2025-01-24 20:20:35,420 - LocalSearch - INFO - Starting VNS-ILS search (max_iter=200)
2025-01-24 20:20:37,185 - LocalSearch - INFO - VNS-ILS search completed. Best score: 0.9290
2025-01-24 20:20:37,185 - LocalSearch - INFO - Neighborhood frequency: success_rate=96.24%, contribution=37.15%
2025-01-24 20:20:37,186 - LocalSearch - INFO - Neighborhood conservation: success_rate=100.00%, contribution=38.61%
2025-01-24 20:20:37,186 - LocalSearch - INFO - Neighborhood group: success_rate=62.79%, contribution=24.24%
2025-01-24 20:20:37,186 - LocalSearch - INFO - Starting VNS-ILS search (max_iter=200)
2025-01-24 20:20:38,928 - LocalSearch - INFO - VNS-ILS search completed. Best score: 0.9290
2025-01-24 20:20:38,928 - LocalSearch - INFO - Neighborhood frequency: success_rate=96.23%, contribution=37.16%
2025-01-24 20:20:38,928 - LocalSearch - INFO - Neighborhood conservation: success_rate=100.00%, contribution=38.61%
2025-01-24 20:20:38,928 - LocalSearch - INFO - Neighborhood group: success_rate=62.75%, contribution=24.23%
2025-01-24 20:20:38,928 - LocalSearch - INFO - Starting VNS-ILS search (max_iter=200)
2025-01-24 20:20:40,681 - LocalSearch - INFO - VNS-ILS search completed. Best score: 0.9290
2025-01-24 20:20:40,681 - LocalSearch - INFO - Neighborhood frequency: success_rate=96.27%, contribution=37.18%
2025-01-24 20:20:40,681 - LocalSearch - INFO - Neighborhood conservation: success_rate=100.00%, contribution=38.62%
2025-01-24 20:20:40,681 - LocalSearch - INFO - Neighborhood group: success_rate=62.66%, contribution=24.20%
2025-01-24 20:20:40,682 - LocalSearch - INFO - Starting VNS-ILS search (max_iter=200)
2025-01-24 20:20:42,427 - LocalSearch - INFO - VNS-ILS search completed. Best score: 0.9290
2025-01-24 20:20:42,427 - LocalSearch - INFO - Neighborhood frequency: success_rate=96.20%, contribution=37.17%
2025-01-24 20:20:42,427 - LocalSearch - INFO - Neighborhood conservation: success_rate=100.00%, contribution=38.64%
2025-01-24 20:20:42,427 - LocalSearch - INFO - Neighborhood group: success_rate=62.63%, contribution=24.20%
2025-01-24 20:20:42,427 - LocalSearch - INFO - Starting VNS-ILS search (max_iter=200)
2025-01-24 20:20:44,166 - LocalSearch - INFO - VNS-ILS search completed. Best score: 0.9290
2025-01-24 20:20:44,166 - LocalSearch - INFO - Neighborhood frequency: success_rate=96.24%, contribution=37.17%
2025-01-24 20:20:44,166 - LocalSearch - INFO - Neighborhood conservation: success_rate=100.00%, contribution=38.62%
2025-01-24 20:20:44,166 - LocalSearch - INFO - Neighborhood group: success_rate=62.72%, contribution=24.22%
2025-01-24 20:20:44,166 - LocalSearch - INFO - Starting VNS-ILS search (max_iter=200)
2025-01-24 20:20:45,907 - LocalSearch - INFO - VNS-ILS search completed. Best score: 0.9290
2025-01-24 20:20:45,907 - LocalSearch - INFO - Neighborhood frequency: success_rate=96.23%, contribution=37.18%
2025-01-24 20:20:45,907 - LocalSearch - INFO - Neighborhood conservation: success_rate=100.00%, contribution=38.64%
2025-01-24 20:20:45,907 - LocalSearch - INFO - Neighborhood group: success_rate=62.57%, contribution=24.18%
2025-01-24 20:20:45,907 - LocalSearch - INFO - Starting VNS-ILS search (max_iter=200)
2025-01-24 20:20:47,643 - LocalSearch - INFO - VNS-ILS search completed. Best score: 0.9290
2025-01-24 20:20:47,643 - LocalSearch - INFO - Neighborhood frequency: success_rate=96.27%, contribution=37.20%
2025-01-24 20:20:47,643 - LocalSearch - INFO - Neighborhood conservation: success_rate=100.00%, contribution=38.64%
2025-01-24 20:20:47,643 - LocalSearch - INFO - Neighborhood group: success_rate=62.54%, contribution=24.17%
2025-01-24 20:20:47,643 - LocalSearch - INFO - Starting VNS-ILS search (max_iter=200)
2025-01-24 20:20:49,401 - LocalSearch - INFO - VNS-ILS search completed. Best score: 0.9290
2025-01-24 20:20:49,401 - LocalSearch - INFO - Neighborhood frequency: success_rate=96.26%, contribution=37.19%
2025-01-24 20:20:49,401 - LocalSearch - INFO - Neighborhood conservation: success_rate=100.00%, contribution=38.64%
2025-01-24 20:20:49,401 - LocalSearch - INFO - Neighborhood group: success_rate=62.57%, contribution=24.17%
2025-01-24 20:20:49,401 - LocalSearch - INFO - Starting VNS-ILS search (max_iter=200)
2025-01-24 20:20:51,151 - LocalSearch - INFO - VNS-ILS search completed. Best score: 0.9290
2025-01-24 20:20:51,151 - LocalSearch - INFO - Neighborhood frequency: success_rate=96.24%, contribution=37.19%
2025-01-24 20:20:51,151 - LocalSearch - INFO - Neighborhood conservation: success_rate=100.00%, contribution=38.64%
2025-01-24 20:20:51,152 - LocalSearch - INFO - Neighborhood group: success_rate=62.54%, contribution=24.17%
2025-01-24 20:20:51,152 - LocalSearch - INFO - Starting VNS-ILS search (max_iter=200)
2025-01-24 20:20:52,968 - LocalSearch - INFO - VNS-ILS search completed. Best score: 0.9290
2025-01-24 20:20:52,968 - LocalSearch - INFO - Neighborhood frequency: success_rate=96.28%, contribution=37.21%
2025-01-24 20:20:52,968 - LocalSearch - INFO - Neighborhood conservation: success_rate=100.00%, contribution=38.65%
2025-01-24 20:20:52,968 - LocalSearch - INFO - Neighborhood group: success_rate=62.46%, contribution=24.14%
2025-01-24 20:20:52,968 - LocalSearch - INFO - Starting VNS-ILS search (max_iter=200)
2025-01-24 20:20:54,698 - LocalSearch - INFO - VNS-ILS search completed. Best score: 0.9290
2025-01-24 20:20:54,699 - LocalSearch - INFO - Neighborhood frequency: success_rate=96.32%, contribution=37.22%
2025-01-24 20:20:54,699 - LocalSearch - INFO - Neighborhood conservation: success_rate=100.00%, contribution=38.64%
2025-01-24 20:20:54,699 - LocalSearch - INFO - Neighborhood group: success_rate=62.49%, contribution=24.14%
2025-01-24 20:20:54,781 - MemeticAlgorithm - INFO - Generation 40: Best=0.9290, Elite_avg=0.9290, Stagnation=40
2025-01-24 20:20:56,044 - MemeticAlgorithm - INFO - Applying partial restart due to stagnation
2025-01-24 20:20:56,058 - MemeticAlgorithm - INFO - Partial restart: kept 6 individuals
2025-01-24 20:20:56,738 - LocalSearch - INFO - Starting VNS-ILS search (max_iter=200)
2025-01-24 20:20:58,476 - LocalSearch - INFO - VNS-ILS search completed. Best score: 0.9290
2025-01-24 20:20:58,476 - LocalSearch - INFO - Neighborhood frequency: success_rate=96.36%, contribution=37.25%
2025-01-24 20:20:58,476 - LocalSearch - INFO - Neighborhood conservation: success_rate=100.00%, contribution=38.66%
2025-01-24 20:20:58,476 - LocalSearch - INFO - Neighborhood group: success_rate=62.30%, contribution=24.09%
2025-01-24 20:20:58,476 - LocalSearch - INFO - Starting VNS-ILS search (max_iter=200)
2025-01-24 20:21:00,261 - LocalSearch - INFO - VNS-ILS search completed. Best score: 0.9290
2025-01-24 20:21:00,261 - LocalSearch - INFO - Neighborhood frequency: success_rate=96.35%, contribution=37.25%
2025-01-24 20:21:00,261 - LocalSearch - INFO - Neighborhood conservation: success_rate=100.00%, contribution=38.67%
2025-01-24 20:21:00,261 - LocalSearch - INFO - Neighborhood group: success_rate=62.28%, contribution=24.08%
2025-01-24 20:21:00,262 - LocalSearch - INFO - Starting VNS-ILS search (max_iter=200)
2025-01-24 20:20:59,545 - LocalSearch - INFO - VNS-ILS search completed. Best score: 0.9290
2025-01-24 20:20:59,545 - LocalSearch - INFO - Neighborhood frequency: success_rate=96.39%, contribution=37.26%
2025-01-24 20:20:59,545 - LocalSearch - INFO - Neighborhood conservation: success_rate=100.00%, contribution=38.66%
2025-01-24 20:20:59,545 - LocalSearch - INFO - Neighborhood group: success_rate=62.30%, contribution=24.08%
2025-01-24 20:20:59,545 - LocalSearch - INFO - Starting VNS-ILS search (max_iter=200)
2025-01-24 20:21:01,287 - LocalSearch - INFO - VNS-ILS search completed. Best score: 0.9290
2025-01-24 20:21:01,287 - LocalSearch - INFO - Neighborhood frequency: success_rate=96.42%, contribution=37.26%
2025-01-24 20:21:01,287 - LocalSearch - INFO - Neighborhood conservation: success_rate=100.00%, contribution=38.65%
2025-01-24 20:21:01,287 - LocalSearch - INFO - Neighborhood group: success_rate=62.33%, contribution=24.09%
2025-01-24 20:21:01,287 - LocalSearch - INFO - Starting VNS-ILS search (max_iter=200)
2025-01-24 20:21:03,039 - LocalSearch - INFO - VNS-ILS search completed. Best score: 0.9290
2025-01-24 20:21:03,040 - LocalSearch - INFO - Neighborhood frequency: success_rate=96.46%, contribution=37.29%
2025-01-24 20:21:03,040 - LocalSearch - INFO - Neighborhood conservation: success_rate=100.00%, contribution=38.66%
2025-01-24 20:21:03,040 - LocalSearch - INFO - Neighborhood group: success_rate=62.21%, contribution=24.05%
2025-01-24 20:21:03,040 - LocalSearch - INFO - Starting VNS-ILS search (max_iter=200)
2025-01-24 20:21:04,787 - LocalSearch - INFO - VNS-ILS search completed. Best score: 0.9290
2025-01-24 20:21:04,787 - LocalSearch - INFO - Neighborhood frequency: success_rate=96.45%, contribution=37.28%
2025-01-24 20:21:04,788 - LocalSearch - INFO - Neighborhood conservation: success_rate=100.00%, contribution=38.66%
2025-01-24 20:21:04,788 - LocalSearch - INFO - Neighborhood group: success_rate=62.23%, contribution=24.06%
2025-01-24 20:21:04,788 - LocalSearch - INFO - Starting VNS-ILS search (max_iter=200)
2025-01-24 20:21:06,607 - LocalSearch - INFO - VNS-ILS search completed. Best score: 0.9290
2025-01-24 20:21:06,607 - LocalSearch - INFO - Neighborhood frequency: success_rate=96.43%, contribution=37.30%
2025-01-24 20:21:06,607 - LocalSearch - INFO - Neighborhood conservation: success_rate=100.00%, contribution=38.68%
2025-01-24 20:21:06,608 - LocalSearch - INFO - Neighborhood group: success_rate=62.11%, contribution=24.02%
2025-01-24 20:21:06,608 - LocalSearch - INFO - Starting VNS-ILS search (max_iter=200)
2025-01-24 20:21:08,368 - LocalSearch - INFO - VNS-ILS search completed. Best score: 0.9290
2025-01-24 20:21:08,368 - LocalSearch - INFO - Neighborhood frequency: success_rate=96.47%, contribution=37.32%
2025-01-24 20:21:08,368 - LocalSearch - INFO - Neighborhood conservation: success_rate=100.00%, contribution=38.68%
2025-01-24 20:21:08,368 - LocalSearch - INFO - Neighborhood group: success_rate=62.04%, contribution=24.00%
2025-01-24 20:21:08,368 - LocalSearch - INFO - Starting VNS-ILS search (max_iter=200)
2025-01-24 20:21:10,175 - LocalSearch - INFO - VNS-ILS search completed. Best score: 0.9290
2025-01-24 20:21:10,175 - LocalSearch - INFO - Neighborhood frequency: success_rate=96.45%, contribution=37.34%
2025-01-24 20:21:10,176 - LocalSearch - INFO - Neighborhood conservation: success_rate=100.00%, contribution=38.71%
2025-01-24 20:21:10,176 - LocalSearch - INFO - Neighborhood group: success_rate=61.87%, contribution=23.95%
2025-01-24 20:21:10,176 - LocalSearch - INFO - Starting VNS-ILS search (max_iter=200)
2025-01-24 20:21:11,952 - LocalSearch - INFO - VNS-ILS search completed. Best score: 0.9290
2025-01-24 20:21:11,952 - LocalSearch - INFO - Neighborhood frequency: success_rate=96.49%, contribution=37.37%
2025-01-24 20:21:11,952 - LocalSearch - INFO - Neighborhood conservation: success_rate=100.00%, contribution=38.73%
2025-01-24 20:21:11,952 - LocalSearch - INFO - Neighborhood group: success_rate=61.71%, contribution=23.90%
2025-01-24 20:21:11,952 - LocalSearch - INFO - Starting VNS-ILS search (max_iter=200)
2025-01-24 20:21:13,683 - LocalSearch - INFO - VNS-ILS search completed. Best score: 0.9290
2025-01-24 20:21:13,683 - LocalSearch - INFO - Neighborhood frequency: success_rate=96.47%, contribution=37.39%
2025-01-24 20:21:13,683 - LocalSearch - INFO - Neighborhood conservation: success_rate=100.00%, contribution=38.76%
2025-01-24 20:21:13,683 - LocalSearch - INFO - Neighborhood group: success_rate=61.55%, contribution=23.85%
2025-01-24 20:21:13,683 - LocalSearch - INFO - Starting VNS-ILS search (max_iter=200)
2025-01-24 20:21:15,577 - LocalSearch - INFO - VNS-ILS search completed. Best score: 0.9290
2025-01-24 20:21:15,577 - LocalSearch - INFO - Neighborhood frequency: success_rate=96.46%, contribution=37.40%
2025-01-24 20:21:15,578 - LocalSearch - INFO - Neighborhood conservation: success_rate=100.00%, contribution=38.78%
2025-01-24 20:21:15,578 - LocalSearch - INFO - Neighborhood group: success_rate=61.44%, contribution=23.82%
2025-01-24 20:21:15,578 - MemeticAlgorithm - INFO - Applying partial restart due to stagnation
2025-01-24 20:21:15,592 - MemeticAlgorithm - INFO - Partial restart: kept 6 individuals
2025-01-24 20:21:16,496 - MemeticAlgorithm - INFO - Applying partial restart due to stagnation
2025-01-24 20:21:16,519 - MemeticAlgorithm - INFO - Partial restart: kept 6 individuals
2025-01-24 20:21:16,794 - MemeticAlgorithm - INFO - Applying partial restart due to stagnation
2025-01-24 20:21:16,812 - MemeticAlgorithm - INFO - Partial restart: kept 6 individuals
2025-01-24 20:21:17,548 - LocalSearch - INFO - Starting VNS-ILS search (max_iter=200)
2025-01-24 20:21:19,336 - LocalSearch - INFO - VNS-ILS search completed. Best score: 0.9290
2025-01-24 20:21:19,336 - LocalSearch - INFO - Neighborhood frequency: success_rate=96.45%, contribution=37.41%
2025-01-24 20:21:19,337 - LocalSearch - INFO - Neighborhood conservation: success_rate=100.00%, contribution=38.79%
2025-01-24 20:21:19,337 - LocalSearch - INFO - Neighborhood group: success_rate=61.37%, contribution=23.81%
2025-01-24 20:21:19,337 - LocalSearch - INFO - Starting VNS-ILS search (max_iter=200)
2025-01-24 20:21:21,339 - LocalSearch - INFO - VNS-ILS search completed. Best score: 0.9290
2025-01-24 20:21:21,339 - LocalSearch - INFO - Neighborhood frequency: success_rate=96.48%, contribution=37.41%
2025-01-24 20:21:21,339 - LocalSearch - INFO - Neighborhood conservation: success_rate=100.00%, contribution=38.78%
2025-01-24 20:21:21,339 - LocalSearch - INFO - Neighborhood group: success_rate=61.41%, contribution=23.81%
2025-01-24 20:21:21,339 - LocalSearch - INFO - Starting VNS-ILS search (max_iter=200)
2025-01-24 20:21:23,117 - LocalSearch - INFO - VNS-ILS search completed. Best score: 0.9290
2025-01-24 20:21:23,117 - LocalSearch - INFO - Neighborhood frequency: success_rate=96.51%, contribution=37.39%
2025-01-24 20:21:23,117 - LocalSearch - INFO - Neighborhood conservation: success_rate=100.00%, contribution=38.74%
2025-01-24 20:21:23,117 - LocalSearch - INFO - Neighborhood group: success_rate=61.63%, contribution=23.87%
2025-01-24 20:21:23,118 - LocalSearch - INFO - Starting VNS-ILS search (max_iter=200)
2025-01-24 20:21:24,855 - LocalSearch - INFO - VNS-ILS search completed. Best score: 0.9290
2025-01-24 20:21:24,855 - LocalSearch - INFO - Neighborhood frequency: success_rate=96.45%, contribution=37.40%
2025-01-24 20:21:24,855 - LocalSearch - INFO - Neighborhood conservation: success_rate=100.00%, contribution=38.77%
2025-01-24 20:21:24,855 - LocalSearch - INFO - Neighborhood group: success_rate=61.47%, contribution=23.83%
2025-01-24 20:21:24,855 - LocalSearch - INFO - Starting VNS-ILS search (max_iter=200)
2025-01-24 20:21:26,605 - LocalSearch - INFO - VNS-ILS search completed. Best score: 0.9290
2025-01-24 20:21:26,605 - LocalSearch - INFO - Neighborhood frequency: success_rate=96.35%, contribution=37.39%
2025-01-24 20:21:26,605 - LocalSearch - INFO - Neighborhood conservation: success_rate=100.00%, contribution=38.81%
2025-01-24 20:21:26,605 - LocalSearch - INFO - Neighborhood group: success_rate=61.32%, contribution=23.80%
2025-01-24 20:21:26,606 - LocalSearch - INFO - Starting VNS-ILS search (max_iter=200)
2025-01-24 20:21:28,389 - LocalSearch - INFO - VNS-ILS search completed. Best score: 0.9290
2025-01-24 20:21:28,389 - LocalSearch - INFO - Neighborhood frequency: success_rate=96.33%, contribution=37.41%
2025-01-24 20:21:28,389 - LocalSearch - INFO - Neighborhood conservation: success_rate=100.00%, contribution=38.83%
2025-01-24 20:21:28,389 - LocalSearch - INFO - Neighborhood group: success_rate=61.18%, contribution=23.76%
2025-01-24 20:21:28,389 - LocalSearch - INFO - Starting VNS-ILS search (max_iter=200)
2025-01-24 20:21:30,196 - LocalSearch - INFO - VNS-ILS search completed. Best score: 0.9290
2025-01-24 20:21:30,197 - LocalSearch - INFO - Neighborhood frequency: success_rate=96.28%, contribution=37.40%
2025-01-24 20:21:30,197 - LocalSearch - INFO - Neighborhood conservation: success_rate=100.00%, contribution=38.85%
2025-01-24 20:21:30,197 - LocalSearch - INFO - Neighborhood group: success_rate=61.12%, contribution=23.75%
2025-01-24 20:21:30,197 - LocalSearch - INFO - Starting VNS-ILS search (max_iter=200)
2025-01-24 20:21:29,464 - LocalSearch - INFO - VNS-ILS search completed. Best score: 0.9290
2025-01-24 20:21:29,464 - LocalSearch - INFO - Neighborhood frequency: success_rate=96.18%, contribution=37.39%
2025-01-24 20:21:29,464 - LocalSearch - INFO - Neighborhood conservation: success_rate=100.00%, contribution=38.88%
2025-01-24 20:21:29,464 - LocalSearch - INFO - Neighborhood group: success_rate=61.02%, contribution=23.73%
2025-01-24 20:21:29,464 - LocalSearch - INFO - Starting VNS-ILS search (max_iter=200)
2025-01-24 20:21:31,226 - LocalSearch - INFO - VNS-ILS search completed. Best score: 0.9290
2025-01-24 20:21:31,226 - LocalSearch - INFO - Neighborhood frequency: success_rate=96.17%, contribution=37.40%
2025-01-24 20:21:31,226 - LocalSearch - INFO - Neighborhood conservation: success_rate=100.00%, contribution=38.89%
2025-01-24 20:21:31,226 - LocalSearch - INFO - Neighborhood group: success_rate=60.97%, contribution=23.71%
2025-01-24 20:21:31,227 - LocalSearch - INFO - Starting VNS-ILS search (max_iter=200)
2025-01-24 20:21:32,960 - LocalSearch - INFO - VNS-ILS search completed. Best score: 0.9290
2025-01-24 20:21:32,960 - LocalSearch - INFO - Neighborhood frequency: success_rate=96.20%, contribution=37.42%
2025-01-24 20:21:32,960 - LocalSearch - INFO - Neighborhood conservation: success_rate=100.00%, contribution=38.89%
2025-01-24 20:21:32,960 - LocalSearch - INFO - Neighborhood group: success_rate=60.92%, contribution=23.69%
2025-01-24 20:21:32,960 - LocalSearch - INFO - Starting VNS-ILS search (max_iter=200)
2025-01-24 20:21:34,718 - LocalSearch - INFO - VNS-ILS search completed. Best score: 0.9290
2025-01-24 20:21:34,719 - LocalSearch - INFO - Neighborhood frequency: success_rate=96.23%, contribution=37.44%
2025-01-24 20:21:34,719 - LocalSearch - INFO - Neighborhood conservation: success_rate=100.00%, contribution=38.91%
2025-01-24 20:21:34,719 - LocalSearch - INFO - Neighborhood group: success_rate=60.78%, contribution=23.65%
2025-01-24 20:21:34,719 - LocalSearch - INFO - Starting VNS-ILS search (max_iter=200)
2025-01-24 20:21:36,523 - LocalSearch - INFO - VNS-ILS search completed. Best score: 0.9290
2025-01-24 20:21:36,523 - LocalSearch - INFO - Neighborhood frequency: success_rate=96.27%, contribution=37.45%
2025-01-24 20:21:36,523 - LocalSearch - INFO - Neighborhood conservation: success_rate=100.00%, contribution=38.90%
2025-01-24 20:21:36,523 - LocalSearch - INFO - Neighborhood group: success_rate=60.77%, contribution=23.64%
2025-01-24 20:21:36,524 - MemeticAlgorithm - INFO - Applying partial restart due to stagnation
2025-01-24 20:21:36,538 - MemeticAlgorithm - INFO - Partial restart: kept 6 individuals
2025-01-24 20:21:37,266 - MemeticAlgorithm - INFO - Applying partial restart due to stagnation
2025-01-24 20:21:37,282 - MemeticAlgorithm - INFO - Partial restart: kept 6 individuals
2025-01-24 20:21:37,512 - MemeticAlgorithm - INFO - Applying partial restart due to stagnation
2025-01-24 20:21:37,529 - MemeticAlgorithm - INFO - Partial restart: kept 6 individuals
2025-01-24 20:21:38,169 - LocalSearch - INFO - Starting VNS-ILS search (max_iter=200)
2025-01-24 20:21:39,981 - LocalSearch - INFO - VNS-ILS search completed. Best score: 0.9290
2025-01-24 20:21:39,981 - LocalSearch - INFO - Neighborhood frequency: success_rate=96.30%, contribution=37.47%
2025-01-24 20:21:39,981 - LocalSearch - INFO - Neighborhood conservation: success_rate=100.00%, contribution=38.91%
2025-01-24 20:21:39,981 - LocalSearch - INFO - Neighborhood group: success_rate=60.68%, contribution=23.61%
2025-01-24 20:21:39,981 - LocalSearch - INFO - Starting VNS-ILS search (max_iter=200)
2025-01-24 20:21:41,747 - LocalSearch - INFO - VNS-ILS search completed. Best score: 0.9290
2025-01-24 20:21:41,748 - LocalSearch - INFO - Neighborhood frequency: success_rate=96.24%, contribution=37.45%
2025-01-24 20:21:41,748 - LocalSearch - INFO - Neighborhood conservation: success_rate=100.00%, contribution=38.91%
2025-01-24 20:21:41,748 - LocalSearch - INFO - Neighborhood group: success_rate=60.76%, contribution=23.64%
2025-01-24 20:21:41,748 - LocalSearch - INFO - Starting VNS-ILS search (max_iter=200)
2025-01-24 20:21:43,491 - LocalSearch - INFO - VNS-ILS search completed. Best score: 0.9290
2025-01-24 20:21:43,492 - LocalSearch - INFO - Neighborhood frequency: success_rate=96.19%, contribution=37.44%
2025-01-24 20:21:43,492 - LocalSearch - INFO - Neighborhood conservation: success_rate=100.00%, contribution=38.92%
2025-01-24 20:21:43,492 - LocalSearch - INFO - Neighborhood group: success_rate=60.75%, contribution=23.64%
2025-01-24 20:21:43,492 - LocalSearch - INFO - Starting VNS-ILS search (max_iter=200)
2025-01-24 20:21:45,307 - LocalSearch - INFO - VNS-ILS search completed. Best score: 0.9290
2025-01-24 20:21:45,307 - LocalSearch - INFO - Neighborhood frequency: success_rate=96.14%, contribution=37.43%
2025-01-24 20:21:45,307 - LocalSearch - INFO - Neighborhood conservation: success_rate=100.00%, contribution=38.93%
2025-01-24 20:21:45,308 - LocalSearch - INFO - Neighborhood group: success_rate=60.75%, contribution=23.65%
2025-01-24 20:21:45,308 - LocalSearch - INFO - Starting VNS-ILS search (max_iter=200)
2025-01-24 20:21:47,139 - LocalSearch - INFO - VNS-ILS search completed. Best score: 0.9290
2025-01-24 20:21:47,140 - LocalSearch - INFO - Neighborhood frequency: success_rate=96.13%, contribution=37.44%
2025-01-24 20:21:47,140 - LocalSearch - INFO - Neighborhood conservation: success_rate=100.00%, contribution=38.95%
2025-01-24 20:21:47,140 - LocalSearch - INFO - Neighborhood group: success_rate=60.62%, contribution=23.61%
2025-01-24 20:21:47,140 - LocalSearch - INFO - Starting VNS-ILS search (max_iter=200)
2025-01-24 20:21:48,895 - LocalSearch - INFO - VNS-ILS search completed. Best score: 0.9290
2025-01-24 20:21:48,895 - LocalSearch - INFO - Neighborhood frequency: success_rate=96.12%, contribution=37.43%
2025-01-24 20:21:48,895 - LocalSearch - INFO - Neighborhood conservation: success_rate=100.00%, contribution=38.94%
2025-01-24 20:21:48,895 - LocalSearch - INFO - Neighborhood group: success_rate=60.65%, contribution=23.62%
2025-01-24 20:21:48,896 - LocalSearch - INFO - Starting VNS-ILS search (max_iter=200)
2025-01-24 20:21:50,644 - LocalSearch - INFO - VNS-ILS search completed. Best score: 0.9290
2025-01-24 20:21:50,645 - LocalSearch - INFO - Neighborhood frequency: success_rate=96.11%, contribution=37.44%
2025-01-24 20:21:50,645 - LocalSearch - INFO - Neighborhood conservation: success_rate=100.00%, contribution=38.95%
2025-01-24 20:21:50,645 - LocalSearch - INFO - Neighborhood group: success_rate=60.61%, contribution=23.61%
2025-01-24 20:21:50,645 - LocalSearch - INFO - Starting VNS-ILS search (max_iter=200)
2025-01-24 20:21:52,408 - LocalSearch - INFO - VNS-ILS search completed. Best score: 0.9290
2025-01-24 20:21:52,408 - LocalSearch - INFO - Neighborhood frequency: success_rate=96.06%, contribution=37.42%
2025-01-24 20:21:52,408 - LocalSearch - INFO - Neighborhood conservation: success_rate=100.00%, contribution=38.95%
2025-01-24 20:21:52,408 - LocalSearch - INFO - Neighborhood group: success_rate=60.68%, contribution=23.64%
2025-01-24 20:21:52,408 - LocalSearch - INFO - Starting VNS-ILS search (max_iter=200)
2025-01-24 20:21:54,192 - LocalSearch - INFO - VNS-ILS search completed. Best score: 0.9290
2025-01-24 20:21:54,192 - LocalSearch - INFO - Neighborhood frequency: success_rate=96.02%, contribution=37.40%
2025-01-24 20:21:54,192 - LocalSearch - INFO - Neighborhood conservation: success_rate=100.00%, contribution=38.95%
2025-01-24 20:21:54,192 - LocalSearch - INFO - Neighborhood group: success_rate=60.72%, contribution=23.65%
2025-01-24 20:21:54,192 - LocalSearch - INFO - Starting VNS-ILS search (max_iter=200)
2025-01-24 20:21:55,995 - LocalSearch - INFO - VNS-ILS search completed. Best score: 0.9290
2025-01-24 20:21:55,995 - LocalSearch - INFO - Neighborhood frequency: success_rate=96.01%, contribution=37.40%
2025-01-24 20:21:55,995 - LocalSearch - INFO - Neighborhood conservation: success_rate=100.00%, contribution=38.95%
2025-01-24 20:21:55,996 - LocalSearch - INFO - Neighborhood group: success_rate=60.71%, contribution=23.65%
2025-01-24 20:21:55,996 - LocalSearch - INFO - Starting VNS-ILS search (max_iter=200)
2025-01-24 20:21:57,738 - LocalSearch - INFO - VNS-ILS search completed. Best score: 0.9290
2025-01-24 20:21:57,738 - LocalSearch - INFO - Neighborhood frequency: success_rate=95.92%, contribution=37.40%
2025-01-24 20:21:57,738 - LocalSearch - INFO - Neighborhood conservation: success_rate=100.00%, contribution=38.99%
2025-01-24 20:21:57,738 - LocalSearch - INFO - Neighborhood group: success_rate=60.55%, contribution=23.61%
2025-01-24 20:21:57,738 - LocalSearch - INFO - Starting VNS-ILS search (max_iter=200)
2025-01-24 20:21:59,504 - LocalSearch - INFO - VNS-ILS search completed. Best score: 0.9290
2025-01-24 20:21:59,504 - LocalSearch - INFO - Neighborhood frequency: success_rate=95.91%, contribution=37.42%
2025-01-24 20:21:59,504 - LocalSearch - INFO - Neighborhood conservation: success_rate=100.00%, contribution=39.02%
2025-01-24 20:21:59,504 - LocalSearch - INFO - Neighborhood group: success_rate=60.39%, contribution=23.56%
2025-01-24 20:21:59,504 - MemeticAlgorithm - INFO - Applying partial restart due to stagnation
2025-01-24 20:21:59,519 - MemeticAlgorithm - INFO - Partial restart: kept 6 individuals
2025-01-24 20:21:59,736 - MemeticAlgorithm - INFO - Applying partial restart due to stagnation
2025-01-24 20:21:59,753 - MemeticAlgorithm - INFO - Partial restart: kept 6 individuals
2025-01-24 20:22:00,929 - MemeticAlgorithm - INFO - Applying partial restart due to stagnation
2025-01-24 20:22:00,945 - MemeticAlgorithm - INFO - Partial restart: kept 6 individuals
2025-01-24 20:21:58,717 - LocalSearch - INFO - Starting VNS-ILS search (max_iter=200)
