2025-01-25 18:57:27,652 - root - INFO - Starting executions with hyperparameters:
2025-01-25 18:57:27,652 - root - INFO - {
  "VNS": {
    "MIN_IMPROVEMENT": 1e-06,
    "MAX_ITER": 50,
    "MAX_NO_IMPROVE": 20,
    "PERTURBATION_SIZE": 10
  },
  "MEMETIC": {
    "MAX_GENERATIONS": 100,
    "LOCAL_SEARCH_FREQ": 10,
    "MUTATION_RATE": 0.1
  },
  "MATRIX": {
    "SCORE_DIAGONAL": {
      "min": -2,
      "max": 17
    },
    "SCORE_SIMILAR": {
      "min": -4,
      "max": 8
    },
    "SCORE_DIFFERENT": {
      "min": -8,
      "max": 4
    },
    "MAX_ADJUSTMENT": 2
  },
  "LOCAL_SEARCH": {
    "NEIGHBORHOOD_WEIGHTS": {
      "subfamily": 0.4,
      "disorder": 0.3,
      "conservation": 0.2,
      "random": 0.1
    },
    "SCORE_ADJUSTMENTS": {
      "strong": -2,
      "medium": -1,
      "weak": 1
    },
    "PATTERN_WINDOW": 2,
    "MIN_CONSERVATION": 0.1,
    "SUBFAMILY_CHANGES": 3,
    "DISORDER_CHANGES": 3,
    "CONSERVATION_TOP_N": 5,
    "RANDOM_CHANGES": 3,
    "USE_DISORDER_INFO": true,
    "BLOCK_SCORE_THRESHOLD": 25,
    "HIGH_SCORE_BLOCKS": 3,
    "SAMPLES_PER_BLOCK": 2
  },
  "EXECUTION": {
    "MATRICES_PER_INSTANCE": 1,
    "EVAL_SAMPLES": 1,
    "SEED": null
  }
}
2025-01-25 18:57:27,653 - root - INFO - 
Processing instance BBA0142
2025-01-25 18:57:27,653 - root - INFO - Starting execution 1/1 for BBA0142
2025-01-25 18:57:27,930 - MemeticAlgorithm - INFO - Initial best fitness: 0.8100
2025-01-25 18:57:27,930 - MemeticAlgorithm - INFO - Starting memetic optimization
2025-01-25 18:57:27,930 - MemeticAlgorithm - INFO - Applying enhanced local search with structural neighborhoods
2025-01-25 18:57:27,951 - EnhancedLocalSearch - INFO - Starting VNS search with structural neighborhoods
2025-01-25 18:57:28,607 - EnhancedLocalSearch - INFO - Starting VNS search with structural neighborhoods
2025-01-25 18:57:29,270 - EnhancedLocalSearch - INFO - Starting VNS search with structural neighborhoods
2025-01-25 18:57:29,975 - EnhancedLocalSearch - INFO - Starting VNS search with structural neighborhoods
2025-01-25 18:57:31,135 - MemeticAlgorithm - INFO - Generation 0: Best=0.8100, Master=0.8100, Stagnation=1
2025-01-25 18:57:33,765 - MemeticAlgorithm - INFO - Generation 5: Best=0.8100, Master=0.8100, Stagnation=6
2025-01-25 18:57:35,874 - MemeticAlgorithm - INFO - Applying enhanced local search with structural neighborhoods
2025-01-25 18:57:35,895 - EnhancedLocalSearch - INFO - Starting VNS search with structural neighborhoods
2025-01-25 18:57:36,553 - EnhancedLocalSearch - INFO - Starting VNS search with structural neighborhoods
2025-01-25 18:57:37,212 - EnhancedLocalSearch - INFO - Starting VNS search with structural neighborhoods
2025-01-25 18:57:37,888 - EnhancedLocalSearch - INFO - Starting VNS search with structural neighborhoods
2025-01-25 18:57:39,043 - MemeticAlgorithm - INFO - Generation 10: Best=0.8100, Master=0.8100, Stagnation=11
2025-01-25 18:57:39,568 - MemeticAlgorithm - INFO - New best score: 0.9290
2025-01-25 18:57:41,639 - MemeticAlgorithm - INFO - Generation 15: Best=0.9290, Master=0.9290, Stagnation=4
2025-01-25 18:57:43,651 - MemeticAlgorithm - INFO - Applying enhanced local search with structural neighborhoods
2025-01-25 18:57:43,671 - EnhancedLocalSearch - INFO - Starting VNS search with structural neighborhoods
2025-01-25 18:57:44,328 - EnhancedLocalSearch - INFO - Starting VNS search with structural neighborhoods
2025-01-25 18:57:44,969 - EnhancedLocalSearch - INFO - Starting VNS search with structural neighborhoods
2025-01-25 18:57:45,616 - EnhancedLocalSearch - INFO - Starting VNS search with structural neighborhoods
2025-01-25 18:57:46,757 - MemeticAlgorithm - INFO - Generation 20: Best=0.9290, Master=0.9290, Stagnation=9
2025-01-25 18:57:49,328 - MemeticAlgorithm - INFO - Generation 25: Best=0.9290, Master=0.9290, Stagnation=14
2025-01-25 18:57:51,404 - MemeticAlgorithm - INFO - Applying enhanced local search with structural neighborhoods
2025-01-25 18:57:51,426 - EnhancedLocalSearch - INFO - Starting VNS search with structural neighborhoods
2025-01-25 18:57:52,619 - MemeticAlgorithm - INFO - Generation 30: Best=0.9290, Master=0.9290, Stagnation=19
2025-01-25 18:57:53,140 - MemeticAlgorithm - INFO - Stopping early due to stagnation after 31 generations
2025-01-25 18:57:53,163 - root - INFO - New best score for BBA0142: 0.9290
2025-01-25 18:57:53,163 - root - INFO - Execution 1 completed in 25.5s
2025-01-25 18:57:53,164 - root - INFO - BBA0142 best score: 0.9290
2025-01-25 18:57:53,164 - root - INFO - All instances processed successfully
