2025-01-25 11:18:22,564 - root - INFO - Starting executions with hyperparameters:
2025-01-25 11:18:22,564 - root - INFO - {
  "VNS": {
    "MIN_IMPROVEMENT": 1e-06,
    "MAX_ITER": 50,
    "MAX_NO_IMPROVE": 20,
    "PERTURBATION_SIZE": 50
  },
  "MEMETIC": {
    "MAX_GENERATIONS": 100,
    "LOCAL_SEARCH_FREQ": 100,
    "MUTATION_RATE": 1.0
  },
  "MATRIX": {
    "SCORE_DIAGONAL": {
      "min": -2,
      "max": 17
    },
    "SCORE_SIMILAR": {
      "min": -4,
      "max": 8
    },
    "SCORE_DIFFERENT": {
      "min": -8,
      "max": 4
    },
    "MAX_ADJUSTMENT": 2
  },
  "LOCAL_SEARCH": {
    "NEIGHBORHOOD_WEIGHTS": {
      "subfamily": 0.4,
      "disorder": 0.3,
      "conservation": 0.2,
      "random": 0.1
    },
    "SCORE_ADJUSTMENTS": {
      "strong": -2,
      "medium": -1,
      "weak": 1
    },
    "PATTERN_WINDOW": 2,
    "MIN_CONSERVATION": 0.1,
    "SUBFAMILY_CHANGES": 3,
    "DISORDER_CHANGES": 3,
    "CONSERVATION_TOP_N": 5,
    "RANDOM_CHANGES": 3,
    "USE_DISORDER_INFO": true
  },
  "EXECUTION": {
    "MATRICES_PER_INSTANCE": 1,
    "EVAL_SAMPLES": 1,
    "SEED": null
  }
}
2025-01-25 11:18:22,564 - root - INFO - 
Processing instance BBA0142
2025-01-25 11:18:22,565 - root - INFO - Starting execution 1/1 for BBA0142
2025-01-25 11:18:22,858 - MemeticAlgorithm - INFO - Initial best fitness: 0.8100
2025-01-25 11:18:22,858 - MemeticAlgorithm - INFO - Starting memetic optimization
2025-01-25 11:18:26,824 - MemeticAlgorithm - INFO - New best score: 0.9290
2025-01-25 11:18:26,824 - MemeticAlgorithm - INFO - Generation 0: Best=0.9290, Master=0.9290, Stagnation=0
2025-01-25 11:18:29,851 - MemeticAlgorithm - INFO - Generation 5: Best=0.9290, Master=0.9290, Stagnation=5
2025-01-25 11:18:32,906 - MemeticAlgorithm - INFO - Generation 10: Best=0.9290, Master=0.9290, Stagnation=10
2025-01-25 11:18:35,892 - MemeticAlgorithm - INFO - Generation 15: Best=0.9290, Master=0.9290, Stagnation=15
2025-01-25 11:18:38,880 - MemeticAlgorithm - INFO - Stopping early due to stagnation after 20 generations
2025-01-25 11:18:38,906 - root - INFO - New best score for BBA0142: 0.9290
2025-01-25 11:18:38,907 - root - INFO - Execution 1 completed in 16.3s
2025-01-25 11:18:38,907 - root - INFO - BBA0142 best score: 0.9290
2025-01-25 11:18:38,907 - root - INFO - All instances processed successfully
