2025-01-25 11:15:37,797 - root - INFO - Starting executions with hyperparameters:
2025-01-25 11:15:37,797 - root - INFO - {
  "VNS": {
    "MIN_IMPROVEMENT": 1e-06,
    "MAX_ITER": 50,
    "MAX_NO_IMPROVE": 10,
    "PERTURBATION_SIZE": 5
  },
  "MEMETIC": {
    "MAX_GENERATIONS": 100,
    "LOCAL_SEARCH_FREQ": 100,
    "MUTATION_RATE": 0.1
  },
  "MATRIX": {
    "SCORE_DIAGONAL": {
      "min": -2,
      "max": 17
    },
    "SCORE_SIMILAR": {
      "min": -4,
      "max": 8
    },
    "SCORE_DIFFERENT": {
      "min": -8,
      "max": 4
    },
    "MAX_ADJUSTMENT": 2
  },
  "LOCAL_SEARCH": {
    "NEIGHBORHOOD_WEIGHTS": {
      "subfamily": 0.4,
      "disorder": 0.3,
      "conservation": 0.2,
      "random": 0.1
    },
    "SCORE_ADJUSTMENTS": {
      "strong": -2,
      "medium": -1,
      "weak": 1
    },
    "PATTERN_WINDOW": 2,
    "MIN_CONSERVATION": 0.1,
    "SUBFAMILY_CHANGES": 3,
    "DISORDER_CHANGES": 3,
    "CONSERVATION_TOP_N": 5,
    "RANDOM_CHANGES": 3,
    "USE_DISORDER_INFO": true
  },
  "EXECUTION": {
    "MATRICES_PER_INSTANCE": 1,
    "EVAL_SAMPLES": 1,
    "SEED": null
  }
}
2025-01-25 11:15:37,797 - root - INFO - 
Processing instance BBA0142
2025-01-25 11:15:37,797 - root - INFO - Starting execution 1/1 for BBA0142
2025-01-25 11:15:38,108 - MemeticAlgorithm - INFO - Initial best fitness: 0.9290
2025-01-25 11:15:38,108 - MemeticAlgorithm - INFO - Starting memetic optimization
2025-01-25 11:15:39,922 - MemeticAlgorithm - INFO - Generation 0: Best=0.9290, Master=0.9290, Stagnation=1
2025-01-25 11:15:42,824 - MemeticAlgorithm - INFO - Generation 5: Best=0.9290, Master=0.9290, Stagnation=6
2025-01-25 11:15:42,344 - MemeticAlgorithm - INFO - Stopping early due to stagnation after 9 generations
2025-01-25 11:15:42,371 - root - INFO - New best score for BBA0142: 0.9290
2025-01-25 11:15:42,371 - root - INFO - Execution 1 completed in 4.6s
2025-01-25 11:15:42,371 - root - INFO - BBA0142 best score: 0.9290
2025-01-25 11:15:42,372 - root - INFO - All instances processed successfully
