2025-01-25 18:47:05,745 - root - INFO - Starting executions with hyperparameters:
2025-01-25 18:47:05,745 - root - INFO - {
  "VNS": {
    "MIN_IMPROVEMENT": 1e-06,
    "MAX_ITER": 100,
    "MAX_NO_IMPROVE": 10,
    "PERTURBATION_SIZE": 10
  },
  "MEMETIC": {
    "MAX_GENERATIONS": 100,
    "LOCAL_SEARCH_FREQ": 10,
    "MUTATION_RATE": 0.1,
    "SPECIAL_REGION_BOOST": 2.0,
    "EQUAL_DIAG_BOOST": 1.5
  },
  "MATRIX": {
    "SCORE_DIAGONAL": {
      "min": -2,
      "max": 17
    },
    "SCORE_SIMILAR": {
      "min": -4,
      "max": 8
    },
    "SCORE_DIFFERENT": {
      "min": -8,
      "max": 4
    },
    "MAX_ADJUSTMENT": 2
  },
  "LOCAL_SEARCH": {
    "NEIGHBORHOOD_WEIGHTS": {
      "subfamily": 0.4,
      "disorder": 0.3,
      "conservation": 0.2,
      "random": 0.1
    },
    "SCORE_ADJUSTMENTS": {
      "strong": -2,
      "medium": -1,
      "weak": 1
    },
    "PATTERN_WINDOW": 2,
    "MIN_CONSERVATION": 0.1,
    "SUBFAMILY_CHANGES": 3,
    "DISORDER_CHANGES": 3,
    "CONSERVATION_TOP_N": 5,
    "RANDOM_CHANGES": 3,
    "USE_DISORDER_INFO": true,
    "BLOCK_SCORE_THRESHOLD": 25,
    "HIGH_SCORE_BLOCKS": 3,
    "SAMPLES_PER_BLOCK": 2
  },
  "EXECUTION": {
    "MATRICES_PER_INSTANCE": 1,
    "EVAL_SAMPLES": 1,
    "SEED": null
  }
}
2025-01-25 18:47:05,745 - root - INFO - 
Processing instance BBA0142
2025-01-25 18:47:05,745 - root - INFO - Starting execution 1/1 for BBA0142
2025-01-25 18:47:06,008 - MemeticAlgorithm - INFO - Iniciando otimização memética
2025-01-25 18:47:06,028 - EnhancedLocalSearch - INFO - Starting VNS search with structural neighborhoods
2025-01-25 18:47:06,356 - EnhancedLocalSearch - INFO - Starting VNS search with structural neighborhoods
2025-01-25 18:47:06,684 - EnhancedLocalSearch - INFO - Starting VNS search with structural neighborhoods
2025-01-25 18:47:07,013 - EnhancedLocalSearch - INFO - Starting VNS search with structural neighborhoods
2025-01-25 18:47:07,696 - MemeticAlgorithm - INFO - Novo melhor score: 0.8100
2025-01-25 18:47:07,696 - MemeticAlgorithm - INFO - Geração 0: Melhor=0.8100, Master=0.8100, Estagnação=0
2025-01-25 18:47:09,547 - MemeticAlgorithm - INFO - Geração 5: Melhor=0.8100, Master=0.8100, Estagnação=5
2025-01-25 18:47:11,050 - EnhancedLocalSearch - INFO - Starting VNS search with structural neighborhoods
2025-01-25 18:47:11,377 - EnhancedLocalSearch - INFO - Starting VNS search with structural neighborhoods
2025-01-25 18:47:11,706 - EnhancedLocalSearch - INFO - Starting VNS search with structural neighborhoods
2025-01-25 18:47:12,051 - EnhancedLocalSearch - INFO - Starting VNS search with structural neighborhoods
2025-01-25 18:47:12,732 - MemeticAlgorithm - INFO - Parada antecipada após 10 gerações
2025-01-25 18:47:12,754 - root - INFO - New best score for BBA0142: 0.8100
2025-01-25 18:47:12,754 - root - INFO - Execution 1 completed in 7.0s
2025-01-25 18:47:12,754 - root - INFO - BBA0142 best score: 0.8100
2025-01-25 18:47:12,755 - root - INFO - All instances processed successfully
2025-01-25 18:47:36,905 - root - INFO - Starting executions with hyperparameters:
2025-01-25 18:47:36,905 - root - INFO - {
  "VNS": {
    "MIN_IMPROVEMENT": 1e-06,
    "MAX_ITER": 200,
    "MAX_NO_IMPROVE": 50,
    "PERTURBATION_SIZE": 10
  },
  "MEMETIC": {
    "MAX_GENERATIONS": 200,
    "LOCAL_SEARCH_FREQ": 10,
    "MUTATION_RATE": 0.1,
    "SPECIAL_REGION_BOOST": 2.0,
    "EQUAL_DIAG_BOOST": 1.5
  },
  "MATRIX": {
    "SCORE_DIAGONAL": {
      "min": -2,
      "max": 17
    },
    "SCORE_SIMILAR": {
      "min": -4,
      "max": 8
    },
    "SCORE_DIFFERENT": {
      "min": -8,
      "max": 4
    },
    "MAX_ADJUSTMENT": 2
  },
  "LOCAL_SEARCH": {
    "NEIGHBORHOOD_WEIGHTS": {
      "subfamily": 0.4,
      "disorder": 0.3,
      "conservation": 0.2,
      "random": 0.1
    },
    "SCORE_ADJUSTMENTS": {
      "strong": -2,
      "medium": -1,
      "weak": 1
    },
    "PATTERN_WINDOW": 2,
    "MIN_CONSERVATION": 0.1,
    "SUBFAMILY_CHANGES": 3,
    "DISORDER_CHANGES": 3,
    "CONSERVATION_TOP_N": 5,
    "RANDOM_CHANGES": 3,
    "USE_DISORDER_INFO": true,
    "BLOCK_SCORE_THRESHOLD": 25,
    "HIGH_SCORE_BLOCKS": 3,
    "SAMPLES_PER_BLOCK": 2
  },
  "EXECUTION": {
    "MATRICES_PER_INSTANCE": 1,
    "EVAL_SAMPLES": 1,
    "SEED": null
  }
}
2025-01-25 18:47:36,905 - root - INFO - 
Processing instance BBA0142
2025-01-25 18:47:36,905 - root - INFO - Starting execution 1/1 for BBA0142
2025-01-25 18:47:37,172 - MemeticAlgorithm - INFO - Iniciando otimização memética
2025-01-25 18:47:37,193 - EnhancedLocalSearch - INFO - Starting VNS search with structural neighborhoods
2025-01-25 18:47:38,779 - EnhancedLocalSearch - INFO - Starting VNS search with structural neighborhoods
2025-01-25 18:47:40,388 - EnhancedLocalSearch - INFO - Starting VNS search with structural neighborhoods
2025-01-25 18:47:41,983 - EnhancedLocalSearch - INFO - Starting VNS search with structural neighborhoods
2025-01-25 18:47:43,970 - MemeticAlgorithm - INFO - Novo melhor score: 0.8100
2025-01-25 18:47:43,970 - MemeticAlgorithm - INFO - Geração 0: Melhor=0.8100, Master=0.8100, Estagnação=0
2025-01-25 18:47:45,856 - MemeticAlgorithm - INFO - Geração 5: Melhor=0.8100, Master=0.8100, Estagnação=5
2025-01-25 18:47:47,366 - EnhancedLocalSearch - INFO - Starting VNS search with structural neighborhoods
2025-01-25 18:47:48,998 - EnhancedLocalSearch - INFO - Starting VNS search with structural neighborhoods
2025-01-25 18:47:50,582 - EnhancedLocalSearch - INFO - Starting VNS search with structural neighborhoods
2025-01-25 18:47:52,173 - EnhancedLocalSearch - INFO - Starting VNS search with structural neighborhoods
2025-01-25 18:47:54,126 - MemeticAlgorithm - INFO - Geração 10: Melhor=0.8100, Master=0.8100, Estagnação=10
2025-01-25 18:47:55,608 - MemeticAlgorithm - INFO - Novo melhor score: 0.9290
2025-01-25 18:47:55,993 - MemeticAlgorithm - INFO - Geração 15: Melhor=0.9290, Master=0.9290, Estagnação=1
2025-01-25 18:47:57,502 - EnhancedLocalSearch - INFO - Starting VNS search with structural neighborhoods
2025-01-25 18:47:59,108 - EnhancedLocalSearch - INFO - Starting VNS search with structural neighborhoods
2025-01-25 18:48:00,697 - EnhancedLocalSearch - INFO - Starting VNS search with structural neighborhoods
2025-01-25 18:48:02,249 - EnhancedLocalSearch - INFO - Starting VNS search with structural neighborhoods
2025-01-25 18:48:04,123 - MemeticAlgorithm - INFO - Geração 20: Melhor=0.9290, Master=0.9290, Estagnação=6
2025-01-25 18:48:05,918 - MemeticAlgorithm - INFO - Geração 25: Melhor=0.9290, Master=0.9290, Estagnação=11
2025-01-25 18:48:07,729 - MemeticAlgorithm - INFO - Geração 30: Melhor=0.9290, Master=0.9290, Estagnação=16
2025-01-25 18:48:09,551 - MemeticAlgorithm - INFO - Geração 35: Melhor=0.9290, Master=0.9290, Estagnação=21
2025-01-25 18:48:11,384 - MemeticAlgorithm - INFO - Geração 40: Melhor=0.9290, Master=0.9290, Estagnação=26
2025-01-25 18:48:13,352 - MemeticAlgorithm - INFO - Geração 45: Melhor=0.9290, Master=0.9290, Estagnação=31
2025-01-25 18:48:15,230 - MemeticAlgorithm - INFO - Geração 50: Melhor=0.9290, Master=0.9290, Estagnação=36
2025-01-25 18:48:17,111 - MemeticAlgorithm - INFO - Geração 55: Melhor=0.9290, Master=0.9290, Estagnação=41
2025-01-25 18:48:19,066 - MemeticAlgorithm - INFO - Geração 60: Melhor=0.9290, Master=0.9290, Estagnação=46
2025-01-25 18:48:20,568 - MemeticAlgorithm - INFO - Parada antecipada após 64 gerações
2025-01-25 18:48:20,590 - root - INFO - New best score for BBA0142: 0.9290
2025-01-25 18:48:20,590 - root - INFO - Execution 1 completed in 43.7s
2025-01-25 18:48:20,591 - root - INFO - BBA0142 best score: 0.9290
2025-01-25 18:48:20,591 - root - INFO - All instances processed successfully
