2025-01-25 18:07:12,367 - root - INFO - Starting executions with hyperparameters:
2025-01-25 18:07:12,368 - root - INFO - {
  "VNS": {
    "MIN_IMPROVEMENT": 1e-06,
    "MAX_ITER": 100,
    "MAX_NO_IMPROVE": 10,
    "PERTURBATION_SIZE": 10
  },
  "MEMETIC": {
    "MAX_GENERATIONS": 100,
    "LOCAL_SEARCH_FREQ": 10,
    "MUTATION_RATE": 0.1
  },
  "MATRIX": {
    "SCORE_DIAGONAL": {
      "min": -2,
      "max": 17
    },
    "SCORE_SIMILAR": {
      "min": -4,
      "max": 8
    },
    "SCORE_DIFFERENT": {
      "min": -8,
      "max": 4
    },
    "MAX_ADJUSTMENT": 2
  },
  "LOCAL_SEARCH": {
    "NEIGHBORHOOD_WEIGHTS": {
      "subfamily": 0.4,
      "disorder": 0.3,
      "conservation": 0.2,
      "random": 0.1
    },
    "SCORE_ADJUSTMENTS": {
      "strong": -2,
      "medium": -1,
      "weak": 1
    },
    "PATTERN_WINDOW": 2,
    "MIN_CONSERVATION": 0.1,
    "SUBFAMILY_CHANGES": 3,
    "DISORDER_CHANGES": 3,
    "CONSERVATION_TOP_N": 5,
    "RANDOM_CHANGES": 3,
    "USE_DISORDER_INFO": true,
    "BLOCK_SCORE_THRESHOLD": 25,
    "HIGH_SCORE_BLOCKS": 3,
    "SAMPLES_PER_BLOCK": 2
  },
  "EXECUTION": {
    "MATRICES_PER_INSTANCE": 1,
    "EVAL_SAMPLES": 1,
    "SEED": null
  }
}
2025-01-25 18:07:12,368 - root - INFO - 
Processing instance BBA0004
2025-01-25 18:07:12,368 - root - INFO - Starting execution 1/1 for BBA0004
2025-01-25 18:07:51,417 - MemeticAlgorithm - INFO - Initial best fitness: 0.4970
2025-01-25 18:07:51,418 - MemeticAlgorithm - INFO - Starting memetic optimization
2025-01-25 18:07:51,418 - MemeticAlgorithm - INFO - Applying enhanced local search with structural neighborhoods
2025-01-25 18:07:54,518 - EnhancedLocalSearch - INFO - Starting VNS search with structural neighborhoods
2025-01-25 18:08:41,502 - EnhancedLocalSearch - INFO - Starting VNS search with structural neighborhoods
2025-01-25 18:09:27,972 - EnhancedLocalSearch - INFO - Starting VNS search with structural neighborhoods
2025-01-25 18:10:15,949 - EnhancedLocalSearch - INFO - Starting VNS search with structural neighborhoods
2025-01-25 18:12:15,126 - MemeticAlgorithm - INFO - Generation 0: Best=0.4970, Master=0.4970, Stagnation=1
2025-01-25 18:13:25,747 - MemeticAlgorithm - INFO - New best score: 0.5670
2025-01-25 18:14:35,804 - MemeticAlgorithm - INFO - New best score: 0.5760
2025-01-25 18:18:11,810 - MemeticAlgorithm - INFO - Generation 5: Best=0.5760, Master=0.5760, Stagnation=3
2025-01-25 18:19:24,921 - MemeticAlgorithm - INFO - New best score: 0.5920
2025-01-25 18:23:01,301 - MemeticAlgorithm - INFO - Applying enhanced local search with structural neighborhoods
2025-01-25 18:23:04,420 - EnhancedLocalSearch - INFO - Starting VNS search with structural neighborhoods
2025-01-25 18:23:52,846 - EnhancedLocalSearch - INFO - Starting VNS search with structural neighborhoods
2025-01-25 18:24:40,696 - EnhancedLocalSearch - INFO - Starting VNS search with structural neighborhoods
2025-01-25 18:25:30,546 - EnhancedLocalSearch - INFO - Starting VNS search with structural neighborhoods
2025-01-25 18:27:26,881 - MemeticAlgorithm - INFO - Generation 10: Best=0.5920, Master=0.5920, Stagnation=4
2025-01-25 18:33:18,608 - MemeticAlgorithm - INFO - Generation 15: Best=0.5920, Master=0.5920, Stagnation=9
2025-01-25 18:34:26,590 - MemeticAlgorithm - INFO - Stopping early due to stagnation after 16 generations
2025-01-25 18:34:29,479 - root - INFO - New best score for BBA0004: 0.5920
2025-01-25 18:34:29,479 - root - INFO - Execution 1 completed in 1637.1s
2025-01-25 18:34:29,481 - root - INFO - BBA0004 best score: 0.5920
2025-01-25 18:34:29,482 - root - INFO - All instances processed successfully
