2025-01-25 11:22:12,908 - root - INFO - Starting executions with hyperparameters:
2025-01-25 11:22:12,908 - root - INFO - {
  "VNS": {
    "MIN_IMPROVEMENT": 1e-06,
    "MAX_ITER": 50,
    "MAX_NO_IMPROVE": 20,
    "PERTURBATION_SIZE": 10
  },
  "MEMETIC": {
    "MAX_GENERATIONS": 100,
    "LOCAL_SEARCH_FREQ": 10,
    "MUTATION_RATE": 0.1
  },
  "MATRIX": {
    "SCORE_DIAGONAL": {
      "min": -2,
      "max": 17
    },
    "SCORE_SIMILAR": {
      "min": -4,
      "max": 8
    },
    "SCORE_DIFFERENT": {
      "min": -8,
      "max": 4
    },
    "MAX_ADJUSTMENT": 5
  },
  "LOCAL_SEARCH": {
    "NEIGHBORHOOD_WEIGHTS": {
      "subfamily": 0.4,
      "disorder": 0.3,
      "conservation": 0.2,
      "random": 0.1
    },
    "SCORE_ADJUSTMENTS": {
      "strong": -2,
      "medium": -1,
      "weak": 1
    },
    "PATTERN_WINDOW": 2,
    "MIN_CONSERVATION": 0.1,
    "SUBFAMILY_CHANGES": 3,
    "DISORDER_CHANGES": 3,
    "CONSERVATION_TOP_N": 5,
    "RANDOM_CHANGES": 3,
    "USE_DISORDER_INFO": true
  },
  "EXECUTION": {
    "MATRICES_PER_INSTANCE": 1,
    "EVAL_SAMPLES": 1,
    "SEED": null
  }
}
2025-01-25 11:22:12,908 - root - INFO - 
Processing instance BBA0142
2025-01-25 11:22:12,908 - root - INFO - Starting execution 1/1 for BBA0142
2025-01-25 11:22:13,204 - MemeticAlgorithm - INFO - Initial best fitness: 0.8100
2025-01-25 11:22:13,204 - MemeticAlgorithm - INFO - Starting memetic optimization
2025-01-25 11:22:16,621 - MemeticAlgorithm - INFO - Generation 0: Best=0.8100, Master=0.8100, Stagnation=1
2025-01-25 11:22:19,457 - MemeticAlgorithm - INFO - Generation 5: Best=0.8100, Master=0.8100, Stagnation=6
2025-01-25 11:22:24,924 - MemeticAlgorithm - INFO - Generation 10: Best=0.8100, Master=0.8100, Stagnation=11
2025-01-25 11:22:27,785 - MemeticAlgorithm - INFO - Generation 15: Best=0.8100, Master=0.8100, Stagnation=16
2025-01-25 11:22:30,076 - MemeticAlgorithm - INFO - Stopping early due to stagnation after 19 generations
2025-01-25 11:22:30,100 - root - INFO - New best score for BBA0142: 0.8100
2025-01-25 11:22:30,100 - root - INFO - Execution 1 completed in 17.2s
2025-01-25 11:22:30,100 - root - INFO - BBA0142 best score: 0.8100
2025-01-25 11:22:30,101 - root - INFO - All instances processed successfully
2025-01-25 11:22:37,858 - root - INFO - Starting executions with hyperparameters:
2025-01-25 11:22:37,858 - root - INFO - {
  "VNS": {
    "MIN_IMPROVEMENT": 1e-06,
    "MAX_ITER": 50,
    "MAX_NO_IMPROVE": 20,
    "PERTURBATION_SIZE": 10
  },
  "MEMETIC": {
    "MAX_GENERATIONS": 100,
    "LOCAL_SEARCH_FREQ": 10,
    "MUTATION_RATE": 0.1
  },
  "MATRIX": {
    "SCORE_DIAGONAL": {
      "min": -2,
      "max": 17
    },
    "SCORE_SIMILAR": {
      "min": -4,
      "max": 8
    },
    "SCORE_DIFFERENT": {
      "min": -8,
      "max": 4
    },
    "MAX_ADJUSTMENT": 5
  },
  "LOCAL_SEARCH": {
    "NEIGHBORHOOD_WEIGHTS": {
      "subfamily": 0.4,
      "disorder": 0.3,
      "conservation": 0.2,
      "random": 0.1
    },
    "SCORE_ADJUSTMENTS": {
      "strong": -2,
      "medium": -1,
      "weak": 1
    },
    "PATTERN_WINDOW": 2,
    "MIN_CONSERVATION": 0.1,
    "SUBFAMILY_CHANGES": 3,
    "DISORDER_CHANGES": 3,
    "CONSERVATION_TOP_N": 5,
    "RANDOM_CHANGES": 3,
    "USE_DISORDER_INFO": true
  },
  "EXECUTION": {
    "MATRICES_PER_INSTANCE": 1,
    "EVAL_SAMPLES": 1,
    "SEED": null
  }
}
2025-01-25 11:22:37,858 - root - INFO - 
Processing instance BBA0142
2025-01-25 11:22:37,858 - root - INFO - Starting execution 1/1 for BBA0142
2025-01-25 11:22:38,154 - MemeticAlgorithm - INFO - Initial best fitness: 0.8100
2025-01-25 11:22:38,154 - MemeticAlgorithm - INFO - Starting memetic optimization
2025-01-25 11:22:41,700 - MemeticAlgorithm - INFO - Generation 0: Best=0.8100, Master=0.8100, Stagnation=1
2025-01-25 11:22:42,843 - MemeticAlgorithm - INFO - New best score: 0.9290
2025-01-25 11:22:44,542 - MemeticAlgorithm - INFO - Generation 5: Best=0.9290, Master=0.9290, Stagnation=3
2025-01-25 11:22:50,658 - MemeticAlgorithm - INFO - Generation 10: Best=0.9290, Master=0.9290, Stagnation=8
2025-01-25 11:22:53,548 - MemeticAlgorithm - INFO - Generation 15: Best=0.9290, Master=0.9290, Stagnation=13
2025-01-25 11:22:59,326 - MemeticAlgorithm - INFO - Generation 20: Best=0.9290, Master=0.9290, Stagnation=18
2025-01-25 11:23:00,470 - MemeticAlgorithm - INFO - Stopping early due to stagnation after 22 generations
2025-01-25 11:23:00,496 - root - INFO - New best score for BBA0142: 0.9290
2025-01-25 11:23:00,496 - root - INFO - Execution 1 completed in 22.6s
2025-01-25 11:23:00,496 - root - INFO - BBA0142 best score: 0.9290
2025-01-25 11:23:00,496 - root - INFO - All instances processed successfully
