2025-01-25 19:41:38,048 - root - INFO - Starting executions with hyperparameters:
2025-01-25 19:41:38,048 - root - INFO - {
  "VNS": {
    "MIN_IMPROVEMENT": 1e-06,
    "MAX_ITER": 50,
    "MAX_NO_IMPROVE": 20,
    "PERTURBATION_SIZE": 10
  },
  "MEMETIC": {
    "MAX_GENERATIONS": 50,
    "LOCAL_SEARCH_FREQ": 10,
    "MUTATION_RATE": 0.1
  },
  "MATRIX": {
    "SCORE_DIAGONAL": {
      "min": -2,
      "max": 17
    },
    "SCORE_SIMILAR": {
      "min": -4,
      "max": 8
    },
    "SCORE_DIFFERENT": {
      "min": -8,
      "max": 4
    },
    "MAX_ADJUSTMENT": 2
  },
  "LOCAL_SEARCH": {
    "NEIGHBORHOOD_WEIGHTS": {
      "subfamily": 0.4,
      "disorder": 0.3,
      "conservation": 0.2,
      "random": 0.1
    },
    "SCORE_ADJUSTMENTS": {
      "strong": -2,
      "medium": -1,
      "weak": 1
    },
    "PATTERN_WINDOW": 2,
    "MIN_CONSERVATION": 0.1,
    "SUBFAMILY_CHANGES": 3,
    "DISORDER_CHANGES": 3,
    "CONSERVATION_TOP_N": 5,
    "RANDOM_CHANGES": 3,
    "USE_DISORDER_INFO": true,
    "BLOCK_SCORE_THRESHOLD": 25,
    "HIGH_SCORE_BLOCKS": 3,
    "SAMPLES_PER_BLOCK": 2
  },
  "EXECUTION": {
    "MATRICES_PER_INSTANCE": 1,
    "EVAL_SAMPLES": 1,
    "SEED": null
  }
}
2025-01-25 19:41:38,049 - root - INFO - 
Processing instance BBA0142
2025-01-25 19:41:38,049 - root - INFO - Starting execution 1/1 for BBA0142
2025-01-25 19:41:38,050 - EnhancedLocalSearch - INFO - Analyzed BAliBASE4 data: 9 blocks, 2 groups
2025-01-25 19:41:38,051 - StructuredPopulation - INFO - Analyzed BAliBASE4 data: 8 blocks, 0 SEQERR regions
2025-01-25 19:41:38,326 - MemeticAlgorithm - INFO - Initial best fitness: 0.8100
2025-01-25 19:41:38,326 - MemeticAlgorithm - INFO - Starting memetic optimization with enhanced operators
2025-01-25 19:41:38,326 - MemeticAlgorithm - INFO - Applying enhanced local search with structural neighborhoods
2025-01-25 19:41:38,347 - EnhancedLocalSearch - INFO - Starting VNS search with structural neighborhoods
2025-01-25 19:41:39,212 - EnhancedLocalSearch - INFO - Starting VNS search with structural neighborhoods
2025-01-25 19:41:40,068 - EnhancedLocalSearch - INFO - Starting VNS search with structural neighborhoods
2025-01-25 19:41:40,948 - EnhancedLocalSearch - INFO - Starting VNS search with structural neighborhoods
2025-01-25 19:41:42,333 - MemeticAlgorithm - INFO - New best score in generation 0: 0.9290
2025-01-25 19:41:42,333 - MemeticAlgorithm - INFO - Generation 0: Best=0.9290, Current=0.9290, Stagnation=0
2025-01-25 19:41:45,056 - MemeticAlgorithm - INFO - Generation 5: Best=0.9290, Current=0.9290, Stagnation=5
2025-01-25 19:41:47,367 - MemeticAlgorithm - INFO - Applying enhanced local search with structural neighborhoods
2025-01-25 19:41:47,390 - EnhancedLocalSearch - INFO - Starting VNS search with structural neighborhoods
2025-01-25 19:41:48,343 - EnhancedLocalSearch - INFO - Starting VNS search with structural neighborhoods
2025-01-25 19:41:49,326 - EnhancedLocalSearch - INFO - Starting VNS search with structural neighborhoods
2025-01-25 19:41:50,286 - EnhancedLocalSearch - INFO - Starting VNS search with structural neighborhoods
2025-01-25 19:41:51,747 - MemeticAlgorithm - INFO - Generation 10: Best=0.9290, Current=0.9290, Stagnation=10
2025-01-25 19:41:54,576 - MemeticAlgorithm - INFO - Generation 15: Best=0.9290, Current=0.9290, Stagnation=15
2025-01-25 19:41:56,819 - MemeticAlgorithm - INFO - Applying enhanced local search with structural neighborhoods
2025-01-25 19:41:56,841 - EnhancedLocalSearch - INFO - Starting VNS search with structural neighborhoods
2025-01-25 19:41:57,732 - EnhancedLocalSearch - INFO - Starting VNS search with structural neighborhoods
2025-01-25 19:41:58,649 - EnhancedLocalSearch - INFO - Starting VNS search with structural neighborhoods
2025-01-25 19:41:59,560 - EnhancedLocalSearch - INFO - Starting VNS search with structural neighborhoods
2025-01-25 19:42:01,003 - MemeticAlgorithm - INFO - Stopping early at generation 20 due to stagnation. Best score: 0.9290
2025-01-25 19:42:01,025 - MemeticAlgorithm - INFO - Optimization completed. Initial score: 0.8100, Final best: 0.9290
2025-01-25 19:42:01,027 - root - INFO - New best score for BBA0142: 0.9290
2025-01-25 19:42:01,028 - root - INFO - Execution 1 completed in 23.0s
2025-01-25 19:42:01,028 - root - INFO - BBA0142 best score: 0.9290
2025-01-25 19:42:01,028 - root - INFO - All instances processed successfully
