2025-01-24 19:37:23,748 - root - INFO - Iniciando execução com hiperparâmetros:
2025-01-24 19:37:23,748 - root - INFO - {
  "VNS": {
    "MIN_IMPROVEMENT": 1e-06,
    "MAX_ITER": 100,
    "MAX_NO_IMPROVE": 20,
    "PERTURBATION_SIZE": 5,
    "MAX_PERTURBATION": 20,
    "ESCAPE_THRESHOLD": 10,
    "SCORE_CONSTRAINTS": {
      "DIAGONAL": {
        "min": -2,
        "max": 17
      },
      "SIMILAR": {
        "min": -4,
        "max": 8
      },
      "DIFFERENT": {
        "min": -8,
        "max": 4
      }
    }
  },
  "MEMETIC": {
    "POPULATION_SIZE": 30,
    "ELITE_SIZE": 5,
    "MAX_GENERATIONS": 100,
    "LOCAL_SEARCH_FREQ": 5,
    "DIVERSITY_THRESHOLD": 0.2
  },
  "MATRIX": {
    "SCORE_DIAGONAL": {
      "min": -2,
      "max": 17
    },
    "SCORE_SIMILAR": {
      "min": -4,
      "max": 8
    },
    "SCORE_DIFFERENT": {
      "min": -8,
      "max": 4
    },
    "MAX_ADJUSTMENT": 2
  },
  "EXECUTION": {
    "NUM_RUNS": 5,
    "EVAL_SAMPLES": 1,
    "SEED": null
  }
}
2025-01-24 19:37:23,749 - root - INFO - 
Starting run 1/5
2025-01-24 19:37:23,750 - LocalSearch - INFO - Analyzing alignment: /home/augusto/projects/multiOne/BAliBASE/RV100/BBA0142.xml
2025-01-24 19:37:23,753 - LocalSearch - INFO - Analyzing substitution patterns
2025-01-24 19:37:23,763 - LocalSearch - INFO - Pattern analysis completed
2025-01-24 19:37:23,764 - root - ERROR - Error during run 1: 'AdaptiveMatrix' object has no attribute '_validate_score_change'
Traceback (most recent call last):
  File "/home/augusto/projects/multiOne/main.py", line 167, in main
    memetic = MemeticAlgorithm(
              ^^^^^^^^^^^^^^^^^
  File "/home/augusto/projects/multiOne/memetic/memetic.py", line 343, in __init__
    self.population = Population(
                      ^^^^^^^^^^^
  File "/home/augusto/projects/multiOne/memetic/memetic.py", line 181, in __init__
    self._initialize_population()
  File "/home/augusto/projects/multiOne/memetic/memetic.py", line 204, in _initialize_population
    if new_ind.matrix._validate_score_change(
       ^^^^^^^^^^^^^^^^^^^^^^^^^^^^^^^^^^^^^
AttributeError: 'AdaptiveMatrix' object has no attribute '_validate_score_change'
2025-01-24 19:37:23,766 - root - INFO - 
Starting run 2/5
2025-01-24 19:37:23,767 - LocalSearch - INFO - Analyzing alignment: /home/augusto/projects/multiOne/BAliBASE/RV100/BBA0142.xml
2025-01-24 19:37:23,768 - LocalSearch - INFO - Analyzing substitution patterns
2025-01-24 19:37:23,774 - LocalSearch - INFO - Pattern analysis completed
2025-01-24 19:37:23,775 - root - ERROR - Error during run 2: 'AdaptiveMatrix' object has no attribute '_validate_score_change'
Traceback (most recent call last):
  File "/home/augusto/projects/multiOne/main.py", line 167, in main
    memetic = MemeticAlgorithm(
              ^^^^^^^^^^^^^^^^^
  File "/home/augusto/projects/multiOne/memetic/memetic.py", line 343, in __init__
    self.population = Population(
                      ^^^^^^^^^^^
  File "/home/augusto/projects/multiOne/memetic/memetic.py", line 181, in __init__
    self._initialize_population()
  File "/home/augusto/projects/multiOne/memetic/memetic.py", line 204, in _initialize_population
    if new_ind.matrix._validate_score_change(
       ^^^^^^^^^^^^^^^^^^^^^^^^^^^^^^^^^^^^^
AttributeError: 'AdaptiveMatrix' object has no attribute '_validate_score_change'
2025-01-24 19:37:23,776 - root - INFO - 
Starting run 3/5
2025-01-24 19:37:23,777 - LocalSearch - INFO - Analyzing alignment: /home/augusto/projects/multiOne/BAliBASE/RV100/BBA0142.xml
2025-01-24 19:37:23,778 - LocalSearch - INFO - Analyzing substitution patterns
2025-01-24 19:37:23,783 - LocalSearch - INFO - Pattern analysis completed
2025-01-24 19:37:23,784 - root - ERROR - Error during run 3: 'AdaptiveMatrix' object has no attribute '_validate_score_change'
Traceback (most recent call last):
  File "/home/augusto/projects/multiOne/main.py", line 167, in main
    memetic = MemeticAlgorithm(
              ^^^^^^^^^^^^^^^^^
  File "/home/augusto/projects/multiOne/memetic/memetic.py", line 343, in __init__
    self.population = Population(
                      ^^^^^^^^^^^
  File "/home/augusto/projects/multiOne/memetic/memetic.py", line 181, in __init__
    self._initialize_population()
  File "/home/augusto/projects/multiOne/memetic/memetic.py", line 204, in _initialize_population
    if new_ind.matrix._validate_score_change(
       ^^^^^^^^^^^^^^^^^^^^^^^^^^^^^^^^^^^^^
AttributeError: 'AdaptiveMatrix' object has no attribute '_validate_score_change'
2025-01-24 19:37:23,786 - root - INFO - 
Starting run 4/5
2025-01-24 19:37:23,787 - LocalSearch - INFO - Analyzing alignment: /home/augusto/projects/multiOne/BAliBASE/RV100/BBA0142.xml
2025-01-24 19:37:23,787 - LocalSearch - INFO - Analyzing substitution patterns
2025-01-24 19:37:23,793 - LocalSearch - INFO - Pattern analysis completed
2025-01-24 19:37:23,794 - root - ERROR - Error during run 4: 'AdaptiveMatrix' object has no attribute '_validate_score_change'
Traceback (most recent call last):
  File "/home/augusto/projects/multiOne/main.py", line 167, in main
    memetic = MemeticAlgorithm(
              ^^^^^^^^^^^^^^^^^
  File "/home/augusto/projects/multiOne/memetic/memetic.py", line 343, in __init__
    self.population = Population(
                      ^^^^^^^^^^^
  File "/home/augusto/projects/multiOne/memetic/memetic.py", line 181, in __init__
    self._initialize_population()
  File "/home/augusto/projects/multiOne/memetic/memetic.py", line 204, in _initialize_population
    if new_ind.matrix._validate_score_change(
       ^^^^^^^^^^^^^^^^^^^^^^^^^^^^^^^^^^^^^
AttributeError: 'AdaptiveMatrix' object has no attribute '_validate_score_change'
2025-01-24 19:37:23,795 - root - INFO - 
Starting run 5/5
2025-01-24 19:37:23,795 - LocalSearch - INFO - Analyzing alignment: /home/augusto/projects/multiOne/BAliBASE/RV100/BBA0142.xml
2025-01-24 19:37:23,796 - LocalSearch - INFO - Analyzing substitution patterns
2025-01-24 19:37:23,801 - LocalSearch - INFO - Pattern analysis completed
2025-01-24 19:37:23,802 - root - ERROR - Error during run 5: 'AdaptiveMatrix' object has no attribute '_validate_score_change'
Traceback (most recent call last):
  File "/home/augusto/projects/multiOne/main.py", line 167, in main
    memetic = MemeticAlgorithm(
              ^^^^^^^^^^^^^^^^^
  File "/home/augusto/projects/multiOne/memetic/memetic.py", line 343, in __init__
    self.population = Population(
                      ^^^^^^^^^^^
  File "/home/augusto/projects/multiOne/memetic/memetic.py", line 181, in __init__
    self._initialize_population()
  File "/home/augusto/projects/multiOne/memetic/memetic.py", line 204, in _initialize_population
    if new_ind.matrix._validate_score_change(
       ^^^^^^^^^^^^^^^^^^^^^^^^^^^^^^^^^^^^^
AttributeError: 'AdaptiveMatrix' object has no attribute '_validate_score_change'
2025-01-24 19:37:24,050 - matplotlib.legend - WARNING - No artists with labels found to put in legend.  Note that artists whose label start with an underscore are ignored when legend() is called with no argument.
2025-01-24 19:37:24,128 - ExecutionAnalyzer - INFO - Analysis exported to /home/augusto/projects/multiOne/results
2025-01-24 19:37:24,128 - root - INFO - Optimization completed. Best score: -inf
